


ARM Macro Assembler    Page 1 


    1 00000000         ;/******************************************************
                       ***********************
    2 00000000         ; * @file:    startup_MPS_CM0.s
    3 00000000         ; * @purpose: CMSIS Cortex-M0 Core Device Startup File 
    4 00000000         ; *           for the ARM 'Microcontroller Prototyping S
                       ystem' 
    5 00000000         ; * @version: V1.0
    6 00000000         ; * @date:    19. Aug. 2009
    7 00000000         ; *------- <<< Use Configuration Wizard in Context Menu 
                       >>> ------------------
    8 00000000         ; *
    9 00000000         ; * Copyright (C) 2008-2009 ARM Limited. All rights rese
                       rved.
   10 00000000         ; * ARM Limited (ARM) is supplying this software for use
                        with Cortex-M0 
   11 00000000         ; * processor based microcontrollers.  This file can be 
                       freely distributed 
   12 00000000         ; * within development tools that are supporting such AR
                       M based processors. 
   13 00000000         ; *
   14 00000000         ; * THIS SOFTWARE IS PROVIDED "AS IS".  NO WARRANTIES, W
                       HETHER EXPRESS, IMPLIED
   15 00000000         ; * OR STATUTORY, INCLUDING, BUT NOT LIMITED TO, IMPLIED
                        WARRANTIES OF
   16 00000000         ; * MERCHANTABILITY AND FITNESS FOR A PARTICULAR PURPOSE
                        APPLY TO THIS SOFTWARE.
   17 00000000         ; * ARM SHALL NOT, IN ANY CIRCUMSTANCES, BE LIABLE FOR S
                       PECIAL, INCIDENTAL, OR
   18 00000000         ; * CONSEQUENTIAL DAMAGES, FOR ANY REASON WHATSOEVER.
   19 00000000         ; *
   20 00000000         ; ******************************************************
                       ***********************/
   21 00000000         
   22 00000000         
   23 00000000         ; <h> Stack Configuration
   24 00000000         ;   <o> Stack Size (in Bytes) <0x0-0xFFFFFFFF:8>
   25 00000000         ; </h>
   26 00000000         
   27 00000000 00000400 
                       Stack_Size
                               EQU              0x00000400
   28 00000000         
   29 00000000                 AREA             STACK, NOINIT, READWRITE, ALIGN
=3
   30 00000000         Stack_Mem
                               SPACE            Stack_Size
   31 00000400         __initial_sp
   32 00000400         
   33 00000400         
   34 00000400         ; <h> Heap Configuration
   35 00000400         ;   <o>  Heap Size (in Bytes) <0x0-0xFFFFFFFF:8>
   36 00000400         ; </h>
   37 00000400         
   38 00000400 00000400 
                       Heap_Size
                               EQU              0x00000400
   39 00000400         
   40 00000400                 AREA             HEAP, NOINIT, READWRITE, ALIGN=
3



ARM Macro Assembler    Page 2 


   41 00000000         __heap_base
   42 00000000         Heap_Mem
                               SPACE            Heap_Size
   43 00000400         __heap_limit
   44 00000400         
   45 00000400         
   46 00000400                 PRESERVE8
   47 00000400                 THUMB
   48 00000400         
   49 00000400         
   50 00000400         
   51 00000400         ; Vector Table Mapped to Address 0 at Reset
   52 00000400         
   53 00000400                 AREA             RESETORGIN, DATA, READONLY
   54 00000000                 EXPORT           __Vectorsfirst
   55 00000000         
   56 00000000 00000000 
                       __Vectorsfirst
                               DCD              __initial_sp ; Top of Stack
   57 00000004 00000000        DCD              Reset_Handler ; Reset Handler
   58 00000008         ; Vector Table Mapped to Address 0 at Reset
   59 00000008         
   60 00000008                 AREA             RESET, DATA, READONLY
   61 00000000                 EXPORT           __Vectors
   62 00000000         
   63 00000000 00000000 
                       __Vectors
                               DCD              __initial_sp ; Top of Stack
   64 00000004 00000000        DCD              Reset_Handler ; Reset Handler
   65 00000008 00000000        DCD              NMI_Handler ; NMI Handler
   66 0000000C 00000000        DCD              HardFault_Handler ; Hard Fault 
                                                            Handler
   67 00000010 00000000        DCD              0           ; Reserved
   68 00000014 00000000        DCD              0           ; Reserved
   69 00000018 00000000        DCD              0           ; Reserved
   70 0000001C 00000000        DCD              0           ; Reserved
   71 00000020 00000000        DCD              0           ; Reserved
   72 00000024 00000000        DCD              0           ; Reserved
   73 00000028 00000000        DCD              0           ; Reserved
   74 0000002C 00000000        DCD              SVC_Handler ; SVCall Handler
   75 00000030 00000000        DCD              0           ; Reserved
   76 00000034 00000000        DCD              0           ; Reserved
   77 00000038 00000000        DCD              PendSV_Handler ; PendSV Handler
                                                            
   78 0000003C 00000000        DCD              SysTick_Handler 
                                                            ; SysTick Handler
   79 00000040         
   80 00000040         ; External Interrupts
   81 00000040 00000000        DCD              0           ; 0:  Reserved
   82 00000044 00000000        DCD              SYS_IRQHandler ; 1:  Flash+EEPR
                                                            OM ECC RC_CHK_ONE A
                                                            DJ_EER   
   83 00000048 00000000        DCD              0           ; 2:  Reserved
   84 0000004C 00000000        DCD              0           ; 3:  Reserved
   85 00000050 00000000        DCD              LVDT_IRQHandler ; 4:  LVDT Inte
                                                            rrupt
   86 00000054 00000000        DCD              PWM_CH0_IRQHandler 
                                                            ; 5:  PWM channel 0
                                                            



ARM Macro Assembler    Page 3 


   87 00000058 00000000        DCD              PWM_CH1_IRQHandler 
                                                            ; 6:  PWM channel 1
                                                            
   88 0000005C 00000000        DCD              PWM_CH2_IRQHandler 
                                                            ; 7:  PWM channel 2
                                                            
   89 00000060 00000000        DCD              PWM_CH3_IRQHandler 
                                                            ; 8:  PWM channel 3
                                                            
   90 00000064 00000000        DCD              PWM_CH4_IRQHandler 
                                                            ; 9:  PWM channel 4
                                                            
   91 00000068 00000000        DCD              PWM_CH5_IRQHandler 
                                                            ; 10: PWM channel 5
                                                            
   92 0000006C 00000000        DCD              PWM_TOF_IRQHandler 
                                                            ; 11: PWM overflow
   93 00000070 00000000        DCD              0           ; 12: Reserved
   94 00000074 00000000        DCD              0           ; 13: Reserved
   95 00000078 00000000        DCD              0           ; 14: Reserved
   96 0000007C 00000000        DCD              0           ; 15: Reserved
   97 00000080 00000000        DCD              SCI0_ERR_IRQHandler 
                                                            ; 16: SCI0 ERR
   98 00000084 00000000        DCD              SCI0_RX_IRQHandler 
                                                            ; 17: SCI0 RX
   99 00000088 00000000        DCD              SCI0_TX_IRQHandler 
                                                            ; 18: SCI0 TX
  100 0000008C 00000000        DCD              SCI1_ERR_IRQHandler 
                                                            ; 19: SCI0 ERR
  101 00000090 00000000        DCD              SCI1_RX_IRQHandler 
                                                            ; 20: SCI0 RX
  102 00000094 00000000        DCD              SCI1_TX_IRQHandler 
                                                            ; 21: SCI0 TX
  103 00000098 00000000        DCD              GPIO_IRQHandler ; 22: GPIO INT
  104 0000009C 00000000        DCD              ADC_IRQHandler ; 23: ADC
  105 000000A0 00000000        DCD              0           ; 24: Reserved
  106 000000A4 00000000        DCD              RTC_IRQHandler ; 25: RTC
  107 000000A8 00000000        DCD              CAN_WAKE_IRQHandler 
                                                            ; 26: CAN WAKE UP
  108 000000AC 00000000        DCD              CAN_ERR_IRQHandler 
                                                            ; 27: CAN ERR
  109 000000B0 00000000        DCD              CAN_RX_IRQHandler ; 28: CAN RX
  110 000000B4 00000000        DCD              CAN_TX_IRQHandler ; 29: CAN TX
  111 000000B8 00000000        DCD              TIMER0_IRQHandler ; 30: Timer0
  112 000000BC 00000000        DCD              TIMER1_IRQHandler ; 31: Timer1
  113 000000C0         
  114 000000C0         
  115 000000C0                 AREA             |.text|, CODE, READONLY
  116 00000000         
  117 00000000         ; Reset Handler
  118 00000000         
  119 00000000         Reset_Handler
                               PROC
  120 00000000                 EXPORT           Reset_Handler             [WEAK
]
  121 00000000                 IMPORT           SystemInit
  122 00000000                 IMPORT           __main
  123 00000000 4807            LDR              R0, =SystemInit
  124 00000002 4780            BLX              R0



ARM Macro Assembler    Page 4 


  125 00000004 4807            LDR              R0, =__main
  126 00000006 4700            BX               R0
  127 00000008                 ENDP
  128 00000008         
  129 00000008         
  130 00000008         ; Dummy Exception Handlers (infinite loops which can be 
                       modified)
  131 00000008         
  132 00000008         NMI_Handler
                               PROC
  133 00000008                 EXPORT           NMI_Handler               [WEAK
]
  134 00000008 E7FE            B                .
  135 0000000A                 ENDP
  137 0000000A         HardFault_Handler
                               PROC
  138 0000000A                 EXPORT           HardFault_Handler         [WEAK
]
  139 0000000A E7FE            B                .
  140 0000000C                 ENDP
  141 0000000C         SVC_Handler
                               PROC
  142 0000000C                 EXPORT           SVC_Handler               [WEAK
]
  143 0000000C E7FE            B                .
  144 0000000E                 ENDP
  145 0000000E         PendSV_Handler
                               PROC
  146 0000000E                 EXPORT           PendSV_Handler            [WEAK
]
  147 0000000E E7FE            B                .
  148 00000010                 ENDP
  149 00000010         SysTick_Handler
                               PROC
  150 00000010                 EXPORT           SysTick_Handler           [WEAK
]
  151 00000010 E7FE            B                .
  152 00000012                 ENDP
  153 00000012         
  154 00000012         Default_Handler
                               PROC
  155 00000012         
  156 00000012                 EXPORT           SYS_IRQHandler                 
     [WEAK]
  157 00000012                 EXPORT           LVDT_IRQHandler                
     [WEAK]
  158 00000012                 EXPORT           PWM_CH0_IRQHandler             
     [WEAK]
  159 00000012                 EXPORT           PWM_CH1_IRQHandler             
     [WEAK]
  160 00000012                 EXPORT           PWM_CH2_IRQHandler             
     [WEAK]
  161 00000012                 EXPORT           PWM_CH3_IRQHandler             
     [WEAK]
  162 00000012                 EXPORT           PWM_CH4_IRQHandler             
     [WEAK]
  163 00000012                 EXPORT           PWM_CH5_IRQHandler             
     [WEAK]
  164 00000012                 EXPORT           PWM_TOF_IRQHandler             



ARM Macro Assembler    Page 5 


     [WEAK]
  165 00000012                 EXPORT           SCI0_ERR_IRQHandler            
     [WEAK]
  166 00000012                 EXPORT           SCI0_RX_IRQHandler             
     [WEAK]
  167 00000012                 EXPORT           SCI0_TX_IRQHandler             
     [WEAK]
  168 00000012                 EXPORT           SCI1_ERR_IRQHandler            
     [WEAK]
  169 00000012                 EXPORT           SCI1_RX_IRQHandler             
     [WEAK]
  170 00000012                 EXPORT           SCI1_TX_IRQHandler             
     [WEAK]
  171 00000012                 EXPORT           GPIO_IRQHandler                
     [WEAK]
  172 00000012                 EXPORT           ADC_IRQHandler                 
     [WEAK]
  173 00000012                 EXPORT           RTC_IRQHandler                 
     [WEAK]
  174 00000012                 EXPORT           CAN_WAKE_IRQHandler            
     [WEAK]
  175 00000012                 EXPORT           CAN_ERR_IRQHandler             
     [WEAK]
  176 00000012                 EXPORT           CAN_RX_IRQHandler              
     [WEAK]
  177 00000012                 EXPORT           CAN_TX_IRQHandler              
     [WEAK]
  178 00000012                 EXPORT           TIMER0_IRQHandler              
     [WEAK]
  179 00000012                 EXPORT           TIMER1_IRQHandler              
     [WEAK]
  180 00000012         
  181 00000012         
  182 00000012         SYS_IRQHandler
  183 00000012         LVDT_IRQHandler
  184 00000012         PWM_CH0_IRQHandler
  185 00000012         PWM_CH1_IRQHandler
  186 00000012         PWM_CH2_IRQHandler
  187 00000012         PWM_CH3_IRQHandler
  188 00000012         PWM_CH4_IRQHandler
  189 00000012         PWM_CH5_IRQHandler
  190 00000012         PWM_TOF_IRQHandler
  191 00000012         SCI0_ERR_IRQHandler
  192 00000012         SCI0_RX_IRQHandler
  193 00000012         SCI0_TX_IRQHandler
  194 00000012         SCI1_ERR_IRQHandler
  195 00000012         SCI1_RX_IRQHandler
  196 00000012         SCI1_TX_IRQHandler
  197 00000012         GPIO_IRQHandler
  198 00000012         ADC_IRQHandler
  199 00000012         RTC_IRQHandler
  200 00000012         CAN_WAKE_IRQHandler
  201 00000012         CAN_ERR_IRQHandler
  202 00000012         CAN_RX_IRQHandler
  203 00000012         CAN_TX_IRQHandler
  204 00000012         TIMER0_IRQHandler
  205 00000012         TIMER1_IRQHandler
  206 00000012         
  207 00000012         



ARM Macro Assembler    Page 6 


  208 00000012 E7FE            B                .
  209 00000014         
  210 00000014                 ENDP
  211 00000014         
  212 00000014         
  213 00000014                 ALIGN
  214 00000014         
  215 00000014         
  216 00000014         ; User Initial Stack & Heap
  217 00000014         
  218 00000014                 IF               :DEF:__MICROLIB
  225 00000014         
  226 00000014                 IMPORT           __use_two_region_memory
  227 00000014                 EXPORT           __user_initial_stackheap
  228 00000014         __user_initial_stackheap
  229 00000014         
  230 00000014 4804            LDR              R0, =  Heap_Mem
  231 00000016 4905            LDR              R1, =(Stack_Mem + Stack_Size)
  232 00000018 4A05            LDR              R2, = (Heap_Mem +  Heap_Size)
  233 0000001A 4B06            LDR              R3, = Stack_Mem
  234 0000001C 4770            BX               LR
  235 0000001E         
  236 0000001E 00 00           ALIGN
  237 00000020         
  238 00000020                 ENDIF
  239 00000020         
  240 00000020         
  241 00000020                 END
              00000000 
              00000000 
              00000000 
              00000400 
              00000400 
              00000000 
Command Line: --debug --xref --diag_suppress=9931 --cpu=Cortex-M0 --apcs=interw
ork --depend=.\obj\startup_bf7006amxx.d -o.\obj\startup_bf7006amxx.o -I.\RTE\CM
SIS\BF7006AM64 -I.\RTE\Device\BF7006AM64 -I.\RTE\SEGGER -I.\RTE\Startup\BF7006A
M64 -I.\RTE\_b40 -IC:\Keil_v5\ARM\PACK\ARM\CMSIS\5.8.0\CMSIS\Core\Include -IC:\
Keil_v5\ARM\PACK\BYD\BYDMicro_DFP\1.1.0\Device\Include\BF7006AMxx --predefine="
__UVISION_VERSION SETA 536" --predefine="_RTE_ SETA 1" --predefine="_RTE_ SETA 
1" --list=.\listings\startup_bf7006amxx.lst RTE\Startup\BF7006AM64\startup_BF70
06AMxx.s



ARM Macro Assembler    Page 1 Alphabetic symbol ordering
Relocatable symbols

STACK 00000000

Symbol: STACK
   Definitions
      At line 29 in file RTE\Startup\BF7006AM64\startup_BF7006AMxx.s
   Uses
      None
Comment: STACK unused
Stack_Mem 00000000

Symbol: Stack_Mem
   Definitions
      At line 30 in file RTE\Startup\BF7006AM64\startup_BF7006AMxx.s
   Uses
      At line 231 in file RTE\Startup\BF7006AM64\startup_BF7006AMxx.s
      At line 233 in file RTE\Startup\BF7006AM64\startup_BF7006AMxx.s

__initial_sp 00000400

Symbol: __initial_sp
   Definitions
      At line 31 in file RTE\Startup\BF7006AM64\startup_BF7006AMxx.s
   Uses
      At line 56 in file RTE\Startup\BF7006AM64\startup_BF7006AMxx.s
      At line 63 in file RTE\Startup\BF7006AM64\startup_BF7006AMxx.s

3 symbols



ARM Macro Assembler    Page 1 Alphabetic symbol ordering
Relocatable symbols

HEAP 00000000

Symbol: HEAP
   Definitions
      At line 40 in file RTE\Startup\BF7006AM64\startup_BF7006AMxx.s
   Uses
      None
Comment: HEAP unused
Heap_Mem 00000000

Symbol: Heap_Mem
   Definitions
      At line 42 in file RTE\Startup\BF7006AM64\startup_BF7006AMxx.s
   Uses
      At line 230 in file RTE\Startup\BF7006AM64\startup_BF7006AMxx.s
      At line 232 in file RTE\Startup\BF7006AM64\startup_BF7006AMxx.s

__heap_base 00000000

Symbol: __heap_base
   Definitions
      At line 41 in file RTE\Startup\BF7006AM64\startup_BF7006AMxx.s
   Uses
      None
Comment: __heap_base unused
__heap_limit 00000400

Symbol: __heap_limit
   Definitions
      At line 43 in file RTE\Startup\BF7006AM64\startup_BF7006AMxx.s
   Uses
      None
Comment: __heap_limit unused
4 symbols



ARM Macro Assembler    Page 1 Alphabetic symbol ordering
Relocatable symbols

RESETORGIN 00000000

Symbol: RESETORGIN
   Definitions
      At line 53 in file RTE\Startup\BF7006AM64\startup_BF7006AMxx.s
   Uses
      None
Comment: RESETORGIN unused
__Vectorsfirst 00000000

Symbol: __Vectorsfirst
   Definitions
      At line 56 in file RTE\Startup\BF7006AM64\startup_BF7006AMxx.s
   Uses
      At line 54 in file RTE\Startup\BF7006AM64\startup_BF7006AMxx.s
Comment: __Vectorsfirst used once
2 symbols



ARM Macro Assembler    Page 1 Alphabetic symbol ordering
Relocatable symbols

RESET 00000000

Symbol: RESET
   Definitions
      At line 60 in file RTE\Startup\BF7006AM64\startup_BF7006AMxx.s
   Uses
      None
Comment: RESET unused
__Vectors 00000000

Symbol: __Vectors
   Definitions
      At line 63 in file RTE\Startup\BF7006AM64\startup_BF7006AMxx.s
   Uses
      At line 61 in file RTE\Startup\BF7006AM64\startup_BF7006AMxx.s
Comment: __Vectors used once
2 symbols



ARM Macro Assembler    Page 1 Alphabetic symbol ordering
Relocatable symbols

.text 00000000

Symbol: .text
   Definitions
      At line 115 in file RTE\Startup\BF7006AM64\startup_BF7006AMxx.s
   Uses
      None
Comment: .text unused
ADC_IRQHandler 00000012

Symbol: ADC_IRQHandler
   Definitions
      At line 198 in file RTE\Startup\BF7006AM64\startup_BF7006AMxx.s
   Uses
      At line 104 in file RTE\Startup\BF7006AM64\startup_BF7006AMxx.s
      At line 172 in file RTE\Startup\BF7006AM64\startup_BF7006AMxx.s

CAN_ERR_IRQHandler 00000012

Symbol: CAN_ERR_IRQHandler
   Definitions
      At line 201 in file RTE\Startup\BF7006AM64\startup_BF7006AMxx.s
   Uses
      At line 108 in file RTE\Startup\BF7006AM64\startup_BF7006AMxx.s
      At line 175 in file RTE\Startup\BF7006AM64\startup_BF7006AMxx.s

CAN_RX_IRQHandler 00000012

Symbol: CAN_RX_IRQHandler
   Definitions
      At line 202 in file RTE\Startup\BF7006AM64\startup_BF7006AMxx.s
   Uses
      At line 109 in file RTE\Startup\BF7006AM64\startup_BF7006AMxx.s
      At line 176 in file RTE\Startup\BF7006AM64\startup_BF7006AMxx.s

CAN_TX_IRQHandler 00000012

Symbol: CAN_TX_IRQHandler
   Definitions
      At line 203 in file RTE\Startup\BF7006AM64\startup_BF7006AMxx.s
   Uses
      At line 110 in file RTE\Startup\BF7006AM64\startup_BF7006AMxx.s
      At line 177 in file RTE\Startup\BF7006AM64\startup_BF7006AMxx.s

CAN_WAKE_IRQHandler 00000012

Symbol: CAN_WAKE_IRQHandler
   Definitions
      At line 200 in file RTE\Startup\BF7006AM64\startup_BF7006AMxx.s
   Uses
      At line 107 in file RTE\Startup\BF7006AM64\startup_BF7006AMxx.s
      At line 174 in file RTE\Startup\BF7006AM64\startup_BF7006AMxx.s

Default_Handler 00000012

Symbol: Default_Handler
   Definitions
      At line 154 in file RTE\Startup\BF7006AM64\startup_BF7006AMxx.s
   Uses



ARM Macro Assembler    Page 2 Alphabetic symbol ordering
Relocatable symbols

      None
Comment: Default_Handler unused
GPIO_IRQHandler 00000012

Symbol: GPIO_IRQHandler
   Definitions
      At line 197 in file RTE\Startup\BF7006AM64\startup_BF7006AMxx.s
   Uses
      At line 103 in file RTE\Startup\BF7006AM64\startup_BF7006AMxx.s
      At line 171 in file RTE\Startup\BF7006AM64\startup_BF7006AMxx.s

HardFault_Handler 0000000A

Symbol: HardFault_Handler
   Definitions
      At line 137 in file RTE\Startup\BF7006AM64\startup_BF7006AMxx.s
   Uses
      At line 66 in file RTE\Startup\BF7006AM64\startup_BF7006AMxx.s
      At line 138 in file RTE\Startup\BF7006AM64\startup_BF7006AMxx.s

LVDT_IRQHandler 00000012

Symbol: LVDT_IRQHandler
   Definitions
      At line 183 in file RTE\Startup\BF7006AM64\startup_BF7006AMxx.s
   Uses
      At line 85 in file RTE\Startup\BF7006AM64\startup_BF7006AMxx.s
      At line 157 in file RTE\Startup\BF7006AM64\startup_BF7006AMxx.s

NMI_Handler 00000008

Symbol: NMI_Handler
   Definitions
      At line 132 in file RTE\Startup\BF7006AM64\startup_BF7006AMxx.s
   Uses
      At line 65 in file RTE\Startup\BF7006AM64\startup_BF7006AMxx.s
      At line 133 in file RTE\Startup\BF7006AM64\startup_BF7006AMxx.s

PWM_CH0_IRQHandler 00000012

Symbol: PWM_CH0_IRQHandler
   Definitions
      At line 184 in file RTE\Startup\BF7006AM64\startup_BF7006AMxx.s
   Uses
      At line 86 in file RTE\Startup\BF7006AM64\startup_BF7006AMxx.s
      At line 158 in file RTE\Startup\BF7006AM64\startup_BF7006AMxx.s

PWM_CH1_IRQHandler 00000012

Symbol: PWM_CH1_IRQHandler
   Definitions
      At line 185 in file RTE\Startup\BF7006AM64\startup_BF7006AMxx.s
   Uses
      At line 87 in file RTE\Startup\BF7006AM64\startup_BF7006AMxx.s
      At line 159 in file RTE\Startup\BF7006AM64\startup_BF7006AMxx.s

PWM_CH2_IRQHandler 00000012

Symbol: PWM_CH2_IRQHandler



ARM Macro Assembler    Page 3 Alphabetic symbol ordering
Relocatable symbols

   Definitions
      At line 186 in file RTE\Startup\BF7006AM64\startup_BF7006AMxx.s
   Uses
      At line 88 in file RTE\Startup\BF7006AM64\startup_BF7006AMxx.s
      At line 160 in file RTE\Startup\BF7006AM64\startup_BF7006AMxx.s

PWM_CH3_IRQHandler 00000012

Symbol: PWM_CH3_IRQHandler
   Definitions
      At line 187 in file RTE\Startup\BF7006AM64\startup_BF7006AMxx.s
   Uses
      At line 89 in file RTE\Startup\BF7006AM64\startup_BF7006AMxx.s
      At line 161 in file RTE\Startup\BF7006AM64\startup_BF7006AMxx.s

PWM_CH4_IRQHandler 00000012

Symbol: PWM_CH4_IRQHandler
   Definitions
      At line 188 in file RTE\Startup\BF7006AM64\startup_BF7006AMxx.s
   Uses
      At line 90 in file RTE\Startup\BF7006AM64\startup_BF7006AMxx.s
      At line 162 in file RTE\Startup\BF7006AM64\startup_BF7006AMxx.s

PWM_CH5_IRQHandler 00000012

Symbol: PWM_CH5_IRQHandler
   Definitions
      At line 189 in file RTE\Startup\BF7006AM64\startup_BF7006AMxx.s
   Uses
      At line 91 in file RTE\Startup\BF7006AM64\startup_BF7006AMxx.s
      At line 163 in file RTE\Startup\BF7006AM64\startup_BF7006AMxx.s

PWM_TOF_IRQHandler 00000012

Symbol: PWM_TOF_IRQHandler
   Definitions
      At line 190 in file RTE\Startup\BF7006AM64\startup_BF7006AMxx.s
   Uses
      At line 92 in file RTE\Startup\BF7006AM64\startup_BF7006AMxx.s
      At line 164 in file RTE\Startup\BF7006AM64\startup_BF7006AMxx.s

PendSV_Handler 0000000E

Symbol: PendSV_Handler
   Definitions
      At line 145 in file RTE\Startup\BF7006AM64\startup_BF7006AMxx.s
   Uses
      At line 77 in file RTE\Startup\BF7006AM64\startup_BF7006AMxx.s
      At line 146 in file RTE\Startup\BF7006AM64\startup_BF7006AMxx.s

RTC_IRQHandler 00000012

Symbol: RTC_IRQHandler
   Definitions
      At line 199 in file RTE\Startup\BF7006AM64\startup_BF7006AMxx.s
   Uses
      At line 106 in file RTE\Startup\BF7006AM64\startup_BF7006AMxx.s
      At line 173 in file RTE\Startup\BF7006AM64\startup_BF7006AMxx.s



ARM Macro Assembler    Page 4 Alphabetic symbol ordering
Relocatable symbols


Reset_Handler 00000000

Symbol: Reset_Handler
   Definitions
      At line 119 in file RTE\Startup\BF7006AM64\startup_BF7006AMxx.s
   Uses
      At line 57 in file RTE\Startup\BF7006AM64\startup_BF7006AMxx.s
      At line 64 in file RTE\Startup\BF7006AM64\startup_BF7006AMxx.s
      At line 120 in file RTE\Startup\BF7006AM64\startup_BF7006AMxx.s

SCI0_ERR_IRQHandler 00000012

Symbol: SCI0_ERR_IRQHandler
   Definitions
      At line 191 in file RTE\Startup\BF7006AM64\startup_BF7006AMxx.s
   Uses
      At line 97 in file RTE\Startup\BF7006AM64\startup_BF7006AMxx.s
      At line 165 in file RTE\Startup\BF7006AM64\startup_BF7006AMxx.s

SCI0_RX_IRQHandler 00000012

Symbol: SCI0_RX_IRQHandler
   Definitions
      At line 192 in file RTE\Startup\BF7006AM64\startup_BF7006AMxx.s
   Uses
      At line 98 in file RTE\Startup\BF7006AM64\startup_BF7006AMxx.s
      At line 166 in file RTE\Startup\BF7006AM64\startup_BF7006AMxx.s

SCI0_TX_IRQHandler 00000012

Symbol: SCI0_TX_IRQHandler
   Definitions
      At line 193 in file RTE\Startup\BF7006AM64\startup_BF7006AMxx.s
   Uses
      At line 99 in file RTE\Startup\BF7006AM64\startup_BF7006AMxx.s
      At line 167 in file RTE\Startup\BF7006AM64\startup_BF7006AMxx.s

SCI1_ERR_IRQHandler 00000012

Symbol: SCI1_ERR_IRQHandler
   Definitions
      At line 194 in file RTE\Startup\BF7006AM64\startup_BF7006AMxx.s
   Uses
      At line 100 in file RTE\Startup\BF7006AM64\startup_BF7006AMxx.s
      At line 168 in file RTE\Startup\BF7006AM64\startup_BF7006AMxx.s

SCI1_RX_IRQHandler 00000012

Symbol: SCI1_RX_IRQHandler
   Definitions
      At line 195 in file RTE\Startup\BF7006AM64\startup_BF7006AMxx.s
   Uses
      At line 101 in file RTE\Startup\BF7006AM64\startup_BF7006AMxx.s
      At line 169 in file RTE\Startup\BF7006AM64\startup_BF7006AMxx.s

SCI1_TX_IRQHandler 00000012

Symbol: SCI1_TX_IRQHandler



ARM Macro Assembler    Page 5 Alphabetic symbol ordering
Relocatable symbols

   Definitions
      At line 196 in file RTE\Startup\BF7006AM64\startup_BF7006AMxx.s
   Uses
      At line 102 in file RTE\Startup\BF7006AM64\startup_BF7006AMxx.s
      At line 170 in file RTE\Startup\BF7006AM64\startup_BF7006AMxx.s

SVC_Handler 0000000C

Symbol: SVC_Handler
   Definitions
      At line 141 in file RTE\Startup\BF7006AM64\startup_BF7006AMxx.s
   Uses
      At line 74 in file RTE\Startup\BF7006AM64\startup_BF7006AMxx.s
      At line 142 in file RTE\Startup\BF7006AM64\startup_BF7006AMxx.s

SYS_IRQHandler 00000012

Symbol: SYS_IRQHandler
   Definitions
      At line 182 in file RTE\Startup\BF7006AM64\startup_BF7006AMxx.s
   Uses
      At line 82 in file RTE\Startup\BF7006AM64\startup_BF7006AMxx.s
      At line 156 in file RTE\Startup\BF7006AM64\startup_BF7006AMxx.s

SysTick_Handler 00000010

Symbol: SysTick_Handler
   Definitions
      At line 149 in file RTE\Startup\BF7006AM64\startup_BF7006AMxx.s
   Uses
      At line 78 in file RTE\Startup\BF7006AM64\startup_BF7006AMxx.s
      At line 150 in file RTE\Startup\BF7006AM64\startup_BF7006AMxx.s

TIMER0_IRQHandler 00000012

Symbol: TIMER0_IRQHandler
   Definitions
      At line 204 in file RTE\Startup\BF7006AM64\startup_BF7006AMxx.s
   Uses
      At line 111 in file RTE\Startup\BF7006AM64\startup_BF7006AMxx.s
      At line 178 in file RTE\Startup\BF7006AM64\startup_BF7006AMxx.s

TIMER1_IRQHandler 00000012

Symbol: TIMER1_IRQHandler
   Definitions
      At line 205 in file RTE\Startup\BF7006AM64\startup_BF7006AMxx.s
   Uses
      At line 112 in file RTE\Startup\BF7006AM64\startup_BF7006AMxx.s
      At line 179 in file RTE\Startup\BF7006AM64\startup_BF7006AMxx.s

__user_initial_stackheap 00000014

Symbol: __user_initial_stackheap
   Definitions
      At line 228 in file RTE\Startup\BF7006AM64\startup_BF7006AMxx.s
   Uses
      At line 227 in file RTE\Startup\BF7006AM64\startup_BF7006AMxx.s
Comment: __user_initial_stackheap used once



ARM Macro Assembler    Page 6 Alphabetic symbol ordering
Relocatable symbols

33 symbols



ARM Macro Assembler    Page 1 Alphabetic symbol ordering
Absolute symbols

Heap_Size 00000400

Symbol: Heap_Size
   Definitions
      At line 38 in file RTE\Startup\BF7006AM64\startup_BF7006AMxx.s
   Uses
      At line 42 in file RTE\Startup\BF7006AM64\startup_BF7006AMxx.s
      At line 232 in file RTE\Startup\BF7006AM64\startup_BF7006AMxx.s

Stack_Size 00000400

Symbol: Stack_Size
   Definitions
      At line 27 in file RTE\Startup\BF7006AM64\startup_BF7006AMxx.s
   Uses
      At line 30 in file RTE\Startup\BF7006AM64\startup_BF7006AMxx.s
      At line 231 in file RTE\Startup\BF7006AM64\startup_BF7006AMxx.s

2 symbols



ARM Macro Assembler    Page 1 Alphabetic symbol ordering
External symbols

SystemInit 00000000

Symbol: SystemInit
   Definitions
      At line 121 in file RTE\Startup\BF7006AM64\startup_BF7006AMxx.s
   Uses
      At line 123 in file RTE\Startup\BF7006AM64\startup_BF7006AMxx.s
Comment: SystemInit used once
__main 00000000

Symbol: __main
   Definitions
      At line 122 in file RTE\Startup\BF7006AM64\startup_BF7006AMxx.s
   Uses
      At line 125 in file RTE\Startup\BF7006AM64\startup_BF7006AMxx.s
Comment: __main used once
__use_two_region_memory 00000000

Symbol: __use_two_region_memory
   Definitions
      At line 226 in file RTE\Startup\BF7006AM64\startup_BF7006AMxx.s
   Uses
      None
Comment: __use_two_region_memory unused
3 symbols
385 symbols in table
