C51 COMPILER V9.00   C_ROOT                                                                12/13/2022 09:00:38 PAGE 1   


C51 COMPILER V9.00, COMPILATION OF MODULE C_ROOT
OBJECT MODULE PLACED IN .\Object\c_root.obj
COMPILER INVOKED BY: F:\工作软件\Keil\C51\BIN\C51.EXE SourceFile\c_root.c LARGE OMF2 BROWSE INCDIR(.\IncludeFile;..\tw_l
                    -ib\sys;..\tw_lib\drivers;.\resource;.\i51) DEFINE(T123AI) DEBUG PRINT(.\List\c_root.lst) OBJECT(.\Object\c_root.obj)

line level    source

   1          /**
   2           *  @file   c_root.c
   3           *  @brief  main program for demo code
   4           *  $Id: c_root.c,v 1.4 2012/12/17 05:30:48 dos1236 Exp $
   5           *  $Author: dos1236 $
   6           *  $Revision: 1.4 $
   7           *
   8           *  Copyright (c) 2012 Terawins Inc. All rights reserved.
   9           * 
  10           *  @date   2012/06/04  ken     New file.
  11           *
  12           */
  13          
  14          #include <reg51.h>
  15          #include "sys.h"
  16          #include "tw_widget_sys.h"
  17          //#include "init.h"
  18          #include "spiosd.h"
  19          #include "panel.h"
  20          #include "check_event.h"
  21          #include "rc.h"
  22          #include "osd2api.h"
  23          #include "display.h"
  24          #include "uart.h"
  25          #include "serial.h"
  26          #include "page_main_internal.h"
  27          #include "Videodetect.h"
  28          
  29          /* init.c */
  30          extern void init(void);
  31          
  32          
  33          void main(void)
  34          {
  35   1              char data rc=0;
  36   1              unsigned int c;
  37   1              TW_EVENT *events;
  38   1              
  39   1      
  40   1              init();
  41   1      
  42   1              panel_init();
  43   1              
  44   1              spiosd_init(0x11E, 0x24, 0x99, 0x27);
  45   1      
  46   1              //do_calibration(0);            /* touch panel calibration */
  47   1      
  48   1              tw_widget_init();
  49   1      
  50   1              resource_init();
  51   1      
  52   1              osd_init();
  53   1      
  54   1              CVDInit();
C51 COMPILER V9.00   C_ROOT                                                                12/13/2022 09:00:38 PAGE 2   

  55   1              auto_detection_ctrl(1);
  56   1              
  57   1              /*IC_WritByte(TWIC_P0,0x0f,0x40);
  58   1              IC_WritByte(TWIC_P0,0x18,0x30);
  59   1              IC_WritByte(TWIC_P0,0x19,0x0c);*/
  60   1              
  61   1              IC_WritByte(TWIC_P0,0x0f,0x00);
  62   1              IC_WritByte(TWIC_P0,0x19,0x80);
  63   1              IC_WritByte(TWIC_P1,0x13,0x06);
  64   1              IC_WritByte(TWIC_P1,0x66,0xff);
  65   1              for(c = 0; c < 35000; c++){;}
  66   1              tw_menu_draw(&page_main_internal_osd2_1_menu);//OSD2初始化
  67   1              osd_enable();
  68   1              osd_blink(5,50);
  69   1              display_init();
  70   1              serial_interrupt();
  71   1              serial1_interrupt();
  72   1      
  73   1      
  74   1              while(1) {
  75   2                      check_event();
  76   2                      //get_command();
  77   2      
  78   2                      protocl_event(getdata());
  79   2                      
  80   2                      events = get_event();
  81   2                      rc = tw_page_process(events);
  82   2                      //put_nodify(events, rc);
  83   2              }
  84   1      }


MODULE INFORMATION:   STATIC OVERLAYABLE
   CODE SIZE        =    195    ----
   CONSTANT SIZE    =   ----    ----
   XDATA SIZE       =   ----       5
   PDATA SIZE       =   ----    ----
   DATA SIZE        =   ----       1
   IDATA SIZE       =   ----    ----
   BIT SIZE         =   ----    ----
   EDATA SIZE       =   ----    ----
   HDATA SIZE       =   ----    ----
   XDATA CONST SIZE =   ----    ----
   FAR CONST SIZE   =   ----    ----
END OF MODULE INFORMATION.


C51 COMPILATION COMPLETE.  0 WARNING(S),  0 ERROR(S)
