C51 COMPILER V9.00   GET_EQ                                                                12/13/2022 09:00:38 PAGE 1   


C51 COMPILER V9.00, COMPILATION OF MODULE GET_EQ
OBJECT MODULE PLACED IN .\Object\get_eq.obj
COMPILER INVOKED BY: F:\工作软件\Keil\C51\BIN\C51.EXE ..\tw_lib\sys\get_eq.c LARGE OMF2 BROWSE INCDIR(.\IncludeFile;..\t
                    -w_lib\sys;..\tw_lib\drivers;.\resource;.\i51) DEFINE(T123AI) DEBUG PRINT(.\List\get_eq.lst) OBJECT(.\Object\get_eq.obj)

line level    source

   1          /**
   2           *  @file   get_eq.c
   3           *  @brief  get event queue
   4           *  $Id: get_eq.c,v 1.4 2013/04/02 05:42:18 dos1236 Exp $
   5           *  $Author: dos1236 $
   6           *  $Revision: 1.4 $
   7           *
   8           *  Copyright (c) 2011 Terawins Inc. All rights reserved.
   9           * 
  10           *  @date   2011/08/12  ken     New file.
  11           *
  12           */
  13          
  14          #include "sys.h"
  15          #include "tw_widget_sys.h"
  16          
  17          /* Event Queue */
  18          #define EQ_SIZE 8 //16
  19          TW_EVENT event_queue[EQ_SIZE];
  20          unsigned char event_queue_idx = 0;
  21          unsigned char event_queue_cnt = 0;
  22          /*
  23           * 摘要 :void put_event (TW_EVENT* event)
  24           *
  25           * 描述 :放置event到event buffer
  26           *
  27           * 参数 :TW_EVENT * event=>TW_EVENT结构指标
  28           *
  29           * 回传值 :回传TW_EVENT结构指标
  30           *
  31           * 注意 : 无
  32          */
  33          void put_event (TW_EVENT* event)
  34          {
  35   1              unsigned char idx;
  36   1      
  37   1              if (event_queue_cnt >= EQ_SIZE) {
  38   2                      WARN (("event queue full; data lost!\n"));
  39   2                      return;
  40   2              }
  41   1      
  42   1              idx = (event_queue_idx + event_queue_cnt) % EQ_SIZE;
  43   1              event_queue[idx] = *event;
  44   1              event_queue_cnt++;
  45   1              dbg(2, ("event:%bd, EQ<< cnt=%bd\n", event->type, (char)event_queue_cnt));
  46   1      }
  47          /*
  48           * 摘要 :TW_EVENT* get_event (void)
  49           *
  50           * 描述 :取出EVENT BUFFER内的TW_EVENT结构指标
  51           *
  52           * 参数 :无
  53           *
  54           * 回传值 :回传TW_EVENT结构指标
C51 COMPILER V9.00   GET_EQ                                                                12/13/2022 09:00:38 PAGE 2   

  55           *
  56           * 注意 : 无
  57          */
  58          TW_EVENT* get_event (void)
  59          {
  60   1              unsigned char id;
  61   1      
  62   1              if (event_queue_cnt == 0) {
  63   2                      /* queue empty; no available data */
  64   2                      event_queue[0].type = TW_EVENT_TYPE_NONE;
  65   2                      return &event_queue[0];
  66   2              }
  67   1      
  68   1              id = event_queue_idx;
  69   1              event_queue_idx = (event_queue_idx + 1) % EQ_SIZE;
  70   1              event_queue_cnt--;
  71   1              dbg(2, ("event: %bd, EQ>> cnt=%bd\n", event_queue[id].type, (char)event_queue_cnt));
  72   1      
  73   1              return &event_queue[id];
  74   1      }
  75          /*
  76           * 摘要 :void clear_event(void)
  77           *
  78           * 描述 :清除EVENT BUFFER
  79           *
  80           * 参数 :无
  81           *
  82           * 回传值 :无
  83           *
  84           * 注意 : 无
  85          */
  86          void clear_event(void)
  87          {
  88   1              event_queue_cnt= 0;     
  89   1      }


MODULE INFORMATION:   STATIC OVERLAYABLE
   CODE SIZE        =    166    ----
   CONSTANT SIZE    =    134    ----
   XDATA SIZE       =     58       3
   PDATA SIZE       =   ----    ----
   DATA SIZE        =   ----    ----
   IDATA SIZE       =   ----    ----
   BIT SIZE         =   ----    ----
   EDATA SIZE       =   ----    ----
   HDATA SIZE       =   ----    ----
   XDATA CONST SIZE =   ----    ----
   FAR CONST SIZE   =   ----    ----
END OF MODULE INFORMATION.


C51 COMPILATION COMPLETE.  0 WARNING(S),  0 ERROR(S)
