C51 COMPILER V9.00   IMG_LAYOUT_STRUCT                                                     07/31/2015 15:37:02 PAGE 1   


C51 COMPILER V9.00, COMPILATION OF MODULE IMG_LAYOUT_STRUCT
OBJECT MODULE PLACED IN .\Object\img_layout_struct.obj
COMPILER INVOKED BY: C:\Keil\C51\BIN\C51.EXE i51\img_layout_struct.c LARGE OMF2 BROWSE INCDIR(.\IncludeFile;..\tw_lib\sy
                    -s;..\tw_lib\drivers;.\resource;.\i51) DEFINE(T123AI) DEBUG PRINT(.\List\img_layout_struct.lst) TABS(2) OBJECT(.\Object\i
                    -mg_layout_struct.obj)

line level    source

   1          #include "sys.h"
   2          #include "tw_widget_sys.h"
   3          #include "res.h"
   4          #include "page_logo_art.h"
   5          #include "page_main_internal.h"
   6          #include "page_meter_module.h"
   7          #include "page_front_module.h"
   8          #include "page_top_module.h"
   9          #include "page_rear_module.h"
  10          #include "page_parameter_module.h"
  11          #include "page_module_4.h"
  12          #include "page_module_5.h"
  13          #include "page_module_6.h"
  14          #include "page_module_7.h"
  15          #include "page_reserve_st.h"
  16          #include "page_reserve_nd.h"
  17          #include "page_reserve_rd.h"
  18          #include "page_system_message.h"
  19          #include "page_video.h"
  20          #include "img_layout_struct.h"
  21          


MODULE INFORMATION:   STATIC OVERLAYABLE
   CODE SIZE        =   ----    ----
   CONSTANT SIZE    =   ----    ----
   XDATA SIZE       =   ----    ----
   PDATA SIZE       =   ----    ----
   DATA SIZE        =   ----    ----
   IDATA SIZE       =   ----    ----
   BIT SIZE         =   ----    ----
   EDATA SIZE       =   ----    ----
   HDATA SIZE       =   ----    ----
   XDATA CONST SIZE =   ----    ----
   FAR CONST SIZE   =   ----    ----
END OF MODULE INFORMATION.


C51 COMPILATION COMPLETE.  0 WARNING(S),  0 ERROR(S)
