C51 COMPILER V9.00   INTERRUPT                                                             12/13/2022 09:00:38 PAGE 1   


C51 COMPILER V9.00, COMPILATION OF MODULE INTERRUPT
OBJECT MODULE PLACED IN .\Object\interrupt.obj
COMPILER INVOKED BY: F:\นคื๗ศํผ\Keil\C51\BIN\C51.EXE SourceFile\interrupt.c LARGE OMF2 BROWSE INCDIR(.\IncludeFile;..\t
                    -w_lib\sys;..\tw_lib\drivers;.\resource;.\i51) DEFINE(T123AI) DEBUG PRINT(.\List\interrupt.lst) OBJECT(.\Object\interrupt
                    -.obj)

line level    source

   1          /**
   2           *  @file   interrupt.c
   3           *  @brief  i8051 interrupt entry
   4           *  $Id: interrupt.c,v 1.2 2012/12/04 03:11:46 kevin Exp $
   5           *  $Author: kevin $
   6           *  $Revision: 1.2 $
   7           *
   8           *  Copyright (c) 2011 Terawins Inc. All rights reserved.
   9           * 
  10           *  @date   2011/08/12  ken     New file.
  11           *
  12           */
  13          
  14          #include <reg51.h>
  15          #include "sys.h"
  16          //#include "ir.h"
  17          #include "serial.h"
  18          #include "sarkey.h"
  19          //#include "touch.h"
  20          #include "gpio.h"
  21          #include "timer.h"
  22          #include "cq.h"
  23          #include "tw_timer.h"
  24          #include "tw_irq.h"
  25          
  26          #define ENABLE          1
  27          #define DISABLE         0
  28          
  29          void TIMER0_INT(void) interrupt 1
  30          {
  31   1              TR0=DISABLE;    // disable Timer0 INT   
  32   1      
  33   1              TL0=TIMER0_COUNT&0x00FF;
  34   1              TH0=TIMER0_COUNT>>8;
  35   1      
  36   1              TIMER0_CN++;
  37   1              if(TIMER0_CN>=TIMER0_OUT)
  38   1              {
  39   2                      TIMER0_CN=0;
  40   2                      TIMER0_OUT_FLAG=1;
  41   2              }
  42   1      
  43   1      #if 0
                      if(SarRepeat)
                      {
                              sarcount++;
                              if(sarcount==255)
                              {
                                      CheckSAR();
                                      sarcount=0;
                              }
                      }
              #endif
C51 COMPILER V9.00   INTERRUPT                                                             12/13/2022 09:00:38 PAGE 2   

  54   1      
  55   1              TR0=ENABLE;             // enable Timer0 INT
  56   1      }
  57          
  58          void TIMER1_INT(void) interrupt 3
  59          {       
  60   1              TR1=DISABLE;    // disable Timer1 INT   
  61   1      
  62   1              TL1=TIMER1_COUNT&0x00FF;
  63   1              TH1=TIMER1_COUNT>>8;
  64   1      
  65   1              TIMER1_CN++;
  66   1              if(TIMER1_CN>=TIMER1_OUT)
  67   1              {
  68   2                      TIMER1_CN=0;
  69   2                      TIMER1_OUT_FLAG=1;
  70   2              }
  71   1      
  72   1              TR1=ENABLE;             // enable Timer1 INT            
  73   1      }
  74          
  75          void EXTERNAL_INT(void) interrupt 0
  76          {
  77   1              unsigned char data irq_nr=0;
  78   1              unsigned short data irq_flag;
  79   1                      
  80   1              /* Need check this function if use command queue */
  81   1              if (cq_busy ())
  82   1                      return;
  83   1      
  84   1              /* Disable External Interrupt */
  85   1              EX0 = DISABLE;
  86   1      
  87   1              irq_flag = tw_irq_dispatch();
  88   1              
  89   1              //INFO(("EXTERNAL INTERRUPT STATUS: 0x%X\n", irq_flag));
  90   1      
  91   1              for(irq_nr=0; irq_nr<IRQ_TOTAL_NUM; irq_nr++)
  92   1              {
  93   2                      if(!(irq_flag&(1<<irq_nr)))
  94   2                              continue;               
  95   2                      
  96   2                      switch(irq_nr) {
  97   3                              case IRQ_VSYNC_MISS:
  98   3                                      break;
  99   3                              
 100   3                              case IRQ_HSYNC_MISS:
 101   3                                      break;
 102   3                              
 103   3                              case IRQ_VSYNC_CHG:
 104   3                                      break;
 105   3                              
 106   3                              case IRQ_HSYNC_CHG:
 107   3                                      break;
 108   3                              
 109   3                              case IRQ_10MS_TIME:
 110   3                                      tw_timer_isr();
 111   3                                      break;
 112   3                              
 113   3                              case IRQ_SPI_DMA:
 114   3                                      break;
 115   3                              
C51 COMPILER V9.00   INTERRUPT                                                             12/13/2022 09:00:38 PAGE 3   

 116   3                              case IRQ_IR_PACKET:
 117   3                                      //CheckIR();
 118   3                                      break;
 119   3                              
 120   3                              case IRQ_SAR0_TOGGLE:   
 121   3                                      /* touch panel */
 122   3                                      //touch_isr();
 123   3                                      break;
 124   3                              
 125   3                              case IRQ_SAR1_TOGGLE:
 126   3                                      break;
 127   3                              
 128   3                              case IRQ_SHORT_VS:
 129   3                                      break;
 130   3                              
 131   3                              case IRQ_SHDN_WAR:
 132   3                                      break;
 133   3                              
 134   3                              case IRQ_UART0_INT:
 135   3                                      getuart();
 136   3                                      break;
 137   3                              
 138   3                              case IRQ_UART1_INT:
 139   3                                      //uart1_recv();
 140   3                                      getuart1();
 141   3                                      break;
 142   3                              
 143   3                              case IRQ_GPIO_INT:
 144   3                                      break;
 145   3                              
 146   3                              case IRQ_CQ_INT:
 147   3                                      cq_isr ();
 148   3                                      break;
 149   3                      }
 150   2              }
 151   1              
 152   1              /* Enable External Interrupt */
 153   1              EX0 = ENABLE;
 154   1      }


MODULE INFORMATION:   STATIC OVERLAYABLE
   CODE SIZE        =    409    ----
   CONSTANT SIZE    =   ----    ----
   XDATA SIZE       =   ----    ----
   PDATA SIZE       =   ----    ----
   DATA SIZE        =   ----       3
   IDATA SIZE       =   ----    ----
   BIT SIZE         =   ----    ----
   EDATA SIZE       =   ----    ----
   HDATA SIZE       =   ----    ----
   XDATA CONST SIZE =   ----    ----
   FAR CONST SIZE   =   ----    ----
END OF MODULE INFORMATION.


C51 COMPILATION COMPLETE.  0 WARNING(S),  0 ERROR(S)
