C51 COMPILER V9.00   PAGE_SYSTEM_MESSAGE                                                   08/14/2015 08:54:57 PAGE 1   


C51 COMPILER V9.00, COMPILATION OF MODULE PAGE_SYSTEM_MESSAGE
OBJECT MODULE PLACED IN .\Object\page_system_message.obj
COMPILER INVOKED BY: C:\Keil\C51\BIN\C51.EXE Source\page_system_message.c LARGE OMF2 BROWSE INCDIR(.\IncludeFile;..\tw_l
                    -ib\sys;..\tw_lib\drivers;.\resource;.\i51) DEFINE(T123AI) DEBUG PRINT(.\List\page_system_message.lst) TABS(2) OBJECT(.\O
                    -bject\page_system_message.obj)

line level    source

   1          
   2          #include "sys.h"
   3          #include "tw_widget_sys.h"
   4          #include "res.h"
   5          #include "spiosd.h"
   6          #include "osd2api.h"
   7          
   8          #include "page_system_message.h"
   9          
  10          unsigned char page_system_message_process (TW_EVENT* event)
  11          {
  12   1        switch(event->type)
  13   1        {
  14   2          case TW_EVENT_TYPE_ENTER_SYSTEM:
  15   2            dbg(2, (">>>>> Enter Menu Page\n\r"));
  16   2      
  17   2            /* todo: Write Your Code Here */
  18   2      
  19   2          break;
  20   2      
  21   2          case TW_EVENT_TYPE_QUIT_SYSTEM:
  22   2            dbg(2, (">>>>> QUIT Menu Page\n\r"));
  23   2      
  24   2            /* todo: Write Your Code Here */
  25   2      
  26   2          break;
  27   2      
  28   2          default:  /* put to nodify if no process this event */
  29   2            return TW_RETURN_NO_PROCESS;
  30   2      
  31   2      
  32   2        }
  33   1        return TW_RETURN_NONE;
  34   1      }


MODULE INFORMATION:   STATIC OVERLAYABLE
   CODE SIZE        =     18    ----
   CONSTANT SIZE    =     83    ----
   XDATA SIZE       =   ----    ----
   PDATA SIZE       =   ----    ----
   DATA SIZE        =   ----    ----
   IDATA SIZE       =   ----    ----
   BIT SIZE         =   ----    ----
   EDATA SIZE       =   ----    ----
   HDATA SIZE       =   ----    ----
   XDATA CONST SIZE =   ----    ----
   FAR CONST SIZE   =   ----    ----
END OF MODULE INFORMATION.


C51 COMPILATION COMPLETE.  0 WARNING(S),  0 ERROR(S)
