C51 COMPILER V9.00   PAGE_FRONT_MOUDLE_OUT                                                 12/13/2022 09:00:41 PAGE 1   


C51 COMPILER V9.00, COMPILATION OF MODULE PAGE_FRONT_MOUDLE_OUT
OBJECT MODULE PLACED IN .\Object\page_front_moudle_out.obj
COMPILER INVOKED BY: F:\นคื๗ศํผ\Keil\C51\BIN\C51.EXE Source\page_front_moudle_out.c LARGE OMF2 BROWSE INCDIR(.\IncludeF
                    -ile;..\tw_lib\sys;..\tw_lib\drivers;.\resource;.\i51) DEFINE(T123AI) DEBUG PRINT(.\List\page_front_moudle_out.lst) OBJEC
                    -T(.\Object\page_front_moudle_out.obj)

line level    source

   1          
   2          #include "sys.h"
   3          #include "tw_widget_sys.h"
   4          #include "res.h"
   5          #include "spiosd.h"
   6          #include "osd2api.h"
   7          #include "disp_config.h"
   8          
   9          #if MODULE_FRONT_B50
              
              #include "page_front_moudle_out.h"
              #include "display.h"
              #include "uart.h"
              #include "mydrivers.h"
              
              unsigned char page_front_moudle_out_process (TW_EVENT* event)
              {
                      unsigned char i;
                      switch(event->type)
                      {
                              case TW_EVENT_TYPE_ENTER_SYSTEM:
                                      dbg(2, (">>>>> Enter Menu Page\n\r"));
                                      tw_td_draw(&main_front_moudle_out);
                                      sosd_td_enable();
                                      sosd_enable(DONT_LOAD);
                                      clear_unalarm_area();
                                      if(LIGHT_EN)
                                      {
                                              LIGHT_EN = 0;
                                              IC_WritByte(TWIC_P1,0x63,0xf0);
                                      }
                                      display_moudle_output_status(1,front_out_status[0],front_out_status[1]);
                                      display_moudle_output_status(18,front_out_status[2],front_out_status[3]);
                                      display_moudle_output_status(34,front_out_status[4],front_out_status[5]);
              
                                      /* todo: Write Your Code Here */
              
                              break;
              
                              case TW_EVENT_TYPE_QUIT_SYSTEM:
                                      dbg(2, (">>>>> QUIT Menu Page\n\r"));
              
                                      /* todo: Write Your Code Here */
              
                              break;
              
                              default:        /* put to nodify if no process this event */
                                      return TW_RETURN_NO_PROCESS;
              
              
                      }
                      return TW_RETURN_NONE;
              }
C51 COMPILER V9.00   PAGE_FRONT_MOUDLE_OUT                                                 12/13/2022 09:00:41 PAGE 2   

              #endif


MODULE INFORMATION:   STATIC OVERLAYABLE
   CODE SIZE        =   ----    ----
   CONSTANT SIZE    =   ----    ----
   XDATA SIZE       =   ----    ----
   PDATA SIZE       =   ----    ----
   DATA SIZE        =   ----    ----
   IDATA SIZE       =   ----    ----
   BIT SIZE         =   ----    ----
   EDATA SIZE       =   ----    ----
   HDATA SIZE       =   ----    ----
   XDATA CONST SIZE =   ----    ----
   FAR CONST SIZE   =   ----    ----
END OF MODULE INFORMATION.


C51 COMPILATION COMPLETE.  0 WARNING(S),  0 ERROR(S)
