C51 COMPILER V9.00   PAGE_REAR_MOUDLE_STRUCT                                               12/13/2022 09:00:40 PAGE 1   


C51 COMPILER V9.00, COMPILATION OF MODULE PAGE_REAR_MOUDLE_STRUCT
OBJECT MODULE PLACED IN .\Object\page_rear_moudle_struct.obj
COMPILER INVOKED BY: F:\นคื๗ศํผ\Keil\C51\BIN\C51.EXE i51\page_rear_moudle_struct.c LARGE OMF2 BROWSE INCDIR(.\IncludeFi
                    -le;..\tw_lib\sys;..\tw_lib\drivers;.\resource;.\i51) DEFINE(T123AI) DEBUG PRINT(.\List\page_rear_moudle_struct.lst) OBJE
                    -CT(.\Object\page_rear_moudle_struct.obj)

line level    source

   1          #include "sys.h"
   2          #include "tw_widget_sys.h"
   3          #include "res.h"
   4          #include "page_rear_moudle.h"
   5          
   6          struct tw_td code main_rear_moudle = {
   7              ID_MAIN_REAR_MOUDLE, 0, 0, 800, 480
   8          };
   9          


MODULE INFORMATION:   STATIC OVERLAYABLE
   CODE SIZE        =   ----    ----
   CONSTANT SIZE    =     10    ----
   XDATA SIZE       =   ----    ----
   PDATA SIZE       =   ----    ----
   DATA SIZE        =   ----    ----
   IDATA SIZE       =   ----    ----
   BIT SIZE         =   ----    ----
   EDATA SIZE       =   ----    ----
   HDATA SIZE       =   ----    ----
   XDATA CONST SIZE =   ----    ----
   FAR CONST SIZE   =   ----    ----
END OF MODULE INFORMATION.


C51 COMPILATION COMPLETE.  0 WARNING(S),  0 ERROR(S)
