C51 COMPILER V9.00   PAGE_ID_TD_1_PNG                                                      08/05/2014 10:20:06 PAGE 1   


C51 COMPILER V9.00, COMPILATION OF MODULE PAGE_ID_TD_1_PNG
OBJECT MODULE PLACED IN .\Object\page_ID_TD_1_PNG.obj
COMPILER INVOKED BY: C:\Keil\C51\BIN\C51.EXE SourceFile\page_ID_TD_1_PNG.c LARGE OMF2 BROWSE INCDIR(.\IncludeFile;..\tw_
                    -lib\sys;..\tw_lib\drivers) DEFINE(T123AI) DEBUG PRINT(.\List\page_ID_TD_1_PNG.lst) OBJECT(.\Object\page_ID_TD_1_PNG.obj)

line level    source

   1          #include "sys.h"
   2          #include "tw_widget_sys.h"
   3          #include "spiosd.h"
   4          #include "osd2api.h"
   5          #include "keypad.h"
   6          #include "touch.h"
   7          #include "ir.h"
   8          #include "res.h"
   9          #include "page_ID_TD_1_PNG.h"
  10          #include "page_ID_TD_2_PNG.h"
  11          #include "page_ID_TD_3_PNG.h"
  12          #include "page_ID_TD_4_PNG.h"
  13          #include "page_ID_TD_5_PNG.h"
  14          #include "page_ID_TD_6_PNG.h"
  15          #include "page_ID_TD_7_PNG.h"
  16          #include "page_ID_TD_8_PNG.h"
  17          #include "page_ID_TD_9_PNG.h"
  18          #include "twbc_layout.h"
  19          
  20          #define ABS(X, Y)       (X>=Y? (X-Y) : (Y-X) )
  21          
  22          void slide2page_event(unsigned char cur, unsigned char target)
  23          {
  24   1              put_quit_slide_page_event(cur);
  25   1              put_enter_slide_page_event(target);
  26   1      }
  27          
  28          #define SLIDE_DIR_NONE          4
  29          #define SLIDE_FINISH            5
  30          
  31          void touch_slide_check(TW_EVENT* event)
  32          {
  33   1              static unsigned short data p_x=0;
  34   1              static unsigned short data p_y=0;
  35   1              static unsigned short data offset=0;
  36   1              static unsigned char data slide_dir=SLIDE_DIR_NONE;
  37   1              unsigned char target= 0;
  38   1              unsigned short i= 0;
  39   1                              
  40   1              switch(event->type)
  41   1              {
  42   2                      case TW_EVENT_TYPE_TOUCH_DOWN:
  43   2                              dbg(2, ("TW_EVENT_TYPE_TOUCH_DOWN\n\r"));
  44   2                              dbg(2, ("touch x = %u, touch y = %u\n\r", event->touch_panel.x, event->touch_panel.y));
  45   2      
  46   2                              p_x = event->touch_panel.x;
  47   2                              p_y = event->touch_panel.y;
  48   2      
  49   2                              slide_dir=SLIDE_DIR_NONE;
  50   2                              tw_emu_exit();
  51   2                              
  52   2                              break;
  53   2      
  54   2                      case TW_EVENT_TYPE_TOUCH_RELEASE:
C51 COMPILER V9.00   PAGE_ID_TD_1_PNG                                                      08/05/2014 10:20:06 PAGE 2   

  55   2                              dbg(2, ("TW_EVENT_TYPE_TOUCH_RELEASE\n\r"));
  56   2                              dbg(2, ("touch x = %u, touch y = %u\n\r", event->touch_panel.x, event->touch_panel.y));
  57   2      
  58   2                              p_x = 0;
  59   2                              p_y = 0;
  60   2                              switch(slide_dir) 
  61   2                              {
  62   3                                      case DIR_RIGHT:
  63   3                                      case DIR_LEFT:
  64   3                                              if(offset<(800/6)) {
  65   4                                                      if(slide_dir==DIR_RIGHT)
  66   4                                                              slide_dir= DIR_LEFT;
  67   4                                                      else
  68   4                                                              slide_dir= DIR_RIGHT;
  69   4                                              }
  70   3                                              for(i=1; i<=800; i++) {
  71   4                                                      target = tw_page_slide(&page1_layout, slide_dir, (i*8));
  72   4      
  73   4                                                      if((target!=SLIDE_MOTION)&&(target!=SLIDE_HV_ERROR)) {
  74   5                                                              offset = 0;
  75   5                                                              slide2page_event(CUR_PAGE_ID, target);
  76   5                                                              break;
  77   5                                                      }       
  78   4                                              }
  79   3                                              break;
  80   3                                      case DIR_UP:
  81   3                                      case DIR_DOWN:
  82   3                                              if(offset<(480/6)) {
  83   4                                                      if(slide_dir==DIR_UP)
  84   4                                                              slide_dir= DIR_DOWN;
  85   4                                                      else
  86   4                                                              slide_dir= DIR_UP;
  87   4                                              }
  88   3                                              for(i=1; i<=480; i++) {
  89   4                                                      target = tw_page_slide(&page1_layout, slide_dir, (i*8));
  90   4                                                      if((target!=SLIDE_MOTION)&&(target!=SLIDE_HV_ERROR)) {
  91   5                                                              offset = 0;
  92   5                                                              slide2page_event(CUR_PAGE_ID, target);
  93   5                                                              break;
  94   5                                                      }       
  95   4                                              }
  96   3                                              break;
  97   3                              }
  98   2                              
  99   2                              offset = 0;
 100   2                              slide_dir=SLIDE_DIR_NONE;
 101   2      
 102   2                              break;
 103   2      
 104   2                      case TW_EVENT_TYPE_TOUCH_MOTION:
 105   2                              dbg(2, ("TW_EVENT_TYPE_TOUCH_MOTION\n\r"));
 106   2                              dbg(2, ("touch x = %u, touch y = %u\n\r", event->touch_panel.x, event->touch_panel.y));
 107   2                              
 108   2                              if(slide_dir==SLIDE_FINISH)
 109   2                                      return;
 110   2      
 111   2                              tw_emu_exit();
 112   2                              
 113   2                              if(ABS(event->touch_panel.x, p_x)>=ABS(event->touch_panel.y, p_y)) {
 114   3                                      if((slide_dir==DIR_DOWN)||(slide_dir==DIR_UP))
 115   3                                              return;
 116   3                                      
C51 COMPILER V9.00   PAGE_ID_TD_1_PNG                                                      08/05/2014 10:20:06 PAGE 3   

 117   3                                      if(event->touch_panel.x>p_x) {
 118   4                                              target = tw_page_slide(&page1_layout, DIR_RIGHT, ABS(event->touch_panel.x, p_x));
 119   4                                              if(target!=SLIDE_HV_ERROR) {
 120   5                                                      if(slide_dir==SLIDE_DIR_NONE) {
 121   6                                                              osd_disable();
 122   6                                                              sosd_sp_disable();
 123   6                                                      }
 124   5                                                      slide_dir = DIR_RIGHT;
 125   5                                              }
 126   4                                      } else if(event->touch_panel.x<p_x) {
 127   4                                              target = tw_page_slide(&page1_layout, DIR_LEFT, ABS(event->touch_panel.x, p_x));
 128   4                                              if(target!=SLIDE_HV_ERROR) {
 129   5                                                      if(slide_dir==SLIDE_DIR_NONE) {
 130   6                                                              osd_disable();
 131   6                                                              sosd_sp_disable();
 132   6                                                      }
 133   5                                                      slide_dir = DIR_LEFT;
 134   5                                              }
 135   4                                      }
 136   3                                      if(target==SLIDE_MOTION)
 137   3                                              offset += ABS(event->touch_panel.x, p_x);
 138   3                              } else {
 139   3                                      if((slide_dir==DIR_RIGHT)||(slide_dir==DIR_LEFT))
 140   3                                              return;
 141   3                                      
 142   3                                      if(event->touch_panel.y>p_y) {
 143   4                                              target = tw_page_slide(&page1_layout, DIR_DOWN, ABS(event->touch_panel.y, p_y));
 144   4                                              if(target!=SLIDE_HV_ERROR) {                                    
 145   5                                                      if(slide_dir==SLIDE_DIR_NONE) {
 146   6                                                              osd_disable();
 147   6                                                              sosd_sp_disable();
 148   6                                                      }
 149   5                                                      slide_dir = DIR_DOWN;
 150   5                                              }
 151   4                                      } else if(event->touch_panel.y<p_y) {
 152   4                                              target = tw_page_slide(&page1_layout, DIR_UP, ABS(event->touch_panel.y, p_y));
 153   4                                              if(target!=SLIDE_HV_ERROR) {
 154   5                                                      if(slide_dir==SLIDE_DIR_NONE) {
 155   6                                                              osd_disable();
 156   6                                                              sosd_sp_disable();
 157   6                                                      }
 158   5                                                      slide_dir = DIR_UP;
 159   5                                              }
 160   4                                      }
 161   3                                      if(target==SLIDE_MOTION)
 162   3                                              offset += ABS(event->touch_panel.y, p_y);
 163   3                              }
 164   2                              
 165   2                              if((target!=SLIDE_MOTION)&&(target!=SLIDE_HV_ERROR)) {
 166   3                                      offset = 0;
 167   3                                      slide2page_event(CUR_PAGE_ID, target);
 168   3                                      slide_dir=SLIDE_FINISH;
 169   3                              }
 170   2      
 171   2                              p_x = event->touch_panel.x;
 172   2                              p_y = event->touch_panel.y;
 173   2                              break;
 174   2              }
 175   1      }
 176          
 177          void fade_inout_event(unsigned char ch)
 178          {
C51 COMPILER V9.00   PAGE_ID_TD_1_PNG                                                      08/05/2014 10:20:06 PAGE 4   

 179   1                              switch(ch) {
 180   2                                      case IR_SLIDE_CODE:
 181   2                                              put_quit_page_event(CUR_PAGE_ID);
 182   2                                              put_enter_page_event(PAGE_ID_TD_1_PNG);
 183   2                                              break;
 184   2                                      case IR_PLAY_CODE:
 185   2                                              put_quit_page_event(CUR_PAGE_ID);
 186   2                                              put_enter_page_event(PAGE_ID_TD_2_PNG);
 187   2                                              break;
 188   2                                      case IR_BACK_CODE:
 189   2                                              put_quit_page_event(CUR_PAGE_ID);
 190   2                                              put_enter_page_event(PAGE_ID_TD_3_PNG);
 191   2                                              break;                                                                  
 192   2                                      case IR_ZOOM_CODE:
 193   2                                              put_quit_page_event(CUR_PAGE_ID);
 194   2                                              put_enter_page_event(PAGE_ID_TD_4_PNG);
 195   2                                              break;
 196   2                                      case IR_SELECT_CODE:
 197   2                                              put_quit_page_event(CUR_PAGE_ID);
 198   2                                              put_enter_page_event(PAGE_ID_TD_5_PNG);
 199   2                                              break;
 200   2                                      case IR_ROTATE_CODE:
 201   2                                              put_quit_page_event(CUR_PAGE_ID);
 202   2                                              put_enter_page_event(PAGE_ID_TD_6_PNG);
 203   2                                              break;
 204   2                                      case IR_SUB_CODE:
 205   2                                              put_quit_page_event(CUR_PAGE_ID);
 206   2                                              put_enter_page_event(PAGE_ID_TD_7_PNG);
 207   2                                              break;
 208   2                                      case IR_MUTE_CODE:
 209   2                                              put_quit_page_event(CUR_PAGE_ID);
 210   2                                              put_enter_page_event(PAGE_ID_TD_8_PNG);
 211   2                                              break;
 212   2                                      case IR_PLUS_CODE:
 213   2                                              put_quit_page_event(CUR_PAGE_ID);
 214   2                                              put_enter_page_event(PAGE_ID_TD_9_PNG);
 215   2                                              break;
 216   2                              }
 217   1      }
 218          
 219          unsigned char page_ID_TD_1_PNG_process (TW_EVENT* event)
 220          {       
 221   1              switch(event->type)
 222   1              {
 223   2                      case TW_EVENT_TYPE_ENTER_SYSTEM:
 224   2                              dbg(2, (">>>>> Enter Page1 Page\n\r"));
 225   2      
 226   2                              /* todo: Write Your Code Here */
 227   2                              tw_slide_init();
 228   2      
 229   2                              if(event->page.mode!=PAGE_EVENT_SLIDE) {
 230   3                                      ir_clear();
 231   3                              touch_clear();
 232   3                                      tw_td_draw(&td_1_png);
 233   3                                      tw_img_force_alpha(1);  // for fade-in effect
 234   3                                      sosd_enable(DONT_LOAD);
 235   3                                      tw_load_emu(ID_5014);           // fade-in emulation                            
 236   3                                      tw_wait_emu_done();
 237   3                              }
 238   2                              tw_spr_draw(&spr_merge2_png);
 239   2                              sosd_sp_enable(LOAD_LUT);                       
 240   2                              tw_menu_draw(&osd2_5054_menu);  // draw OSD2
C51 COMPILER V9.00   PAGE_ID_TD_1_PNG                                                      08/05/2014 10:20:06 PAGE 5   

 241   2                              osd_enable();
 242   2                              tw_load_emu(ID_EMU_5069);       // animation effect
 243   2      
 244   2                              break;
 245   2      
 246   2                      case TW_EVENT_TYPE_QUIT_SYSTEM:
 247   2                              dbg(2, (">>>>> QUIT Page1 Page\n\r"));
 248   2      
 249   2                              /* todo: Write Your Code Here */
 250   2                              if(event->page.mode!=PAGE_EVENT_SLIDE) {
 251   3                                      tw_emu_exit();
 252   3                                      osd_disable();
 253   3                                      sosd_sp_disable();
 254   3                                      tw_load_emu(ID_5015);   // fade-out emulation
 255   3                                      tw_wait_emu_done();
 256   3                                      sosd_disable();
 257   3                              }
 258   2                              break;
 259   2      
 260   2                      case TW_EVENT_TYPE_IR_DOWN:
 261   2                              dbg(2, (">>>>>> IR Down Event\n\r"));
 262   2                              dbg(2, ("ircode = 0x%bx\n\r", event->ircode.ch));
 263   2      
 264   2                              switch(event->ircode.ch) {
 265   3                                      case IR_LEFT_CODE:
 266   3                                              tw_emu_exit();
 267   3                                              osd_disable();
 268   3                                              sosd_sp_disable();
 269   3                                              tw_load_emu(ID_5012);   // Left(<-) slide emulation
 270   3                                              tw_wait_emu_done();
 271   3                                              slide2page_event(PAGE_ID_TD_1_PNG, PAGE_ID_TD_2_PNG);
 272   3                                                                                              
 273   3                                              break;
 274   3                                      case IR_RIGHT_CODE:
 275   3                                                                                              
 276   3                                              break;
 277   3                                      case IR_UP_CODE:
 278   3                                              tw_emu_exit();
 279   3                                              osd_disable();
 280   3                                              sosd_sp_disable();
 281   3                                              tw_load_emu(ID_5013);   // Up(^) slide emulation
 282   3                                              tw_wait_emu_done();
 283   3                                              slide2page_event(PAGE_ID_TD_1_PNG, PAGE_ID_TD_4_PNG);
 284   3      
 285   3                                              break;
 286   3                                      case IR_DOWN_CODE:
 287   3                                              
 288   3                                              break;
 289   3      
 290   3                                      default:
 291   3                                              fade_inout_event(event->ircode.ch);
 292   3                                              break;
 293   3                              }
 294   2                              break;
 295   2      
 296   2                      case TW_EVENT_TYPE_TOUCH_DOWN:
 297   2                      case TW_EVENT_TYPE_TOUCH_RELEASE:
 298   2                      case TW_EVENT_TYPE_TOUCH_MOTION:
 299   2                              touch_slide_check(event);
 300   2                              break;
 301   2      
 302   2                      default:        /* put to nodify if no process this event */
C51 COMPILER V9.00   PAGE_ID_TD_1_PNG                                                      08/05/2014 10:20:06 PAGE 6   

 303   2                              return TW_RETURN_NO_PROCESS;
 304   2                              break;
 305   2      
 306   2      
 307   2              }
 308   1              return TW_RETURN_NONE;
 309   1      }


MODULE INFORMATION:   STATIC OVERLAYABLE
   CODE SIZE        =   1663    ----
   CONSTANT SIZE    =    241    ----
   XDATA SIZE       =   ----      10
   PDATA SIZE       =   ----    ----
   DATA SIZE        =      7    ----
   IDATA SIZE       =   ----    ----
   BIT SIZE         =   ----    ----
   EDATA SIZE       =   ----    ----
   HDATA SIZE       =   ----    ----
   XDATA CONST SIZE =   ----    ----
   FAR CONST SIZE   =   ----    ----
END OF MODULE INFORMATION.


C51 COMPILATION COMPLETE.  0 WARNING(S),  0 ERROR(S)
