C51 COMPILER V9.52.0.0   PAGE_PASSWORD                                                     05/12/2016 09:18:57 PAGE 1   


C51 COMPILER V9.52.0.0, COMPILATION OF MODULE PAGE_PASSWORD
OBJECT MODULE PLACED IN .\Object\page_password.obj
COMPILER INVOKED BY: C:\Program Files\Keil\C51\BIN\C51.EXE Source\page_password.c LARGE OMF2 BROWSE INCDIR(.\IncludeFile
                    -;..\tw_lib\sys;..\tw_lib\drivers;.\resource;.\i51) DEFINE(T123AI) DEBUG PRINT(.\List\page_password.lst) TABS(2) OBJECT(.
                    -\Object\page_password.obj)

line level    source

   1          
   2          #include "sys.h"
   3          #include "tw_widget_sys.h"
   4          #include "res.h"
   5          #include "spiosd.h"
   6          #include "osd2api.h"
   7          
   8          #include "page_password.h"
   9          #include "display.h"
  10          #include "uart.h"
  11          #include "mydrivers.h"
  12          
  13          unsigned char page_password_process (TW_EVENT* event)
  14          {
  15   1        unsigned char i;
  16   1        switch(event->type)
  17   1        {
  18   2          case TW_EVENT_TYPE_ENTER_SYSTEM:
  19   2            dbg(2, (">>>>> Enter Menu Page\n\r"));
  20   2            tw_td_draw(&main_password);
  21   2            sosd_td_enable();
  22   2            sosd_enable(DONT_LOAD);
  23   2            clear_mark_area();
  24   2            system_b_password.blink = 0xff;
  25   2            for(i=0;i<4;i++)
  26   2            system_b_password.para[i] = 0;
  27   2            display_icon_uncolor_blink(*number_map[0],20,7,1);
  28   2            display_icon_uncolor_blink(*number_map[0],21,7,0);
  29   2            display_icon_uncolor_blink(*number_map[0],22,7,0);
  30   2            display_icon_uncolor_blink(*number_map[0],23,7,0);
  31   2      
  32   2            /* todo: Write Your Code Here */
  33   2      
  34   2          break;
  35   2      
  36   2          case TW_EVENT_TYPE_QUIT_SYSTEM:
  37   2            dbg(2, (">>>>> QUIT Menu Page\n\r"));
  38   2      
  39   2            /* todo: Write Your Code Here */
  40   2      
  41   2          break;
  42   2      
  43   2          default:  /* put to nodify if no process this event */
  44   2            return TW_RETURN_NO_PROCESS;
  45   2      
  46   2      
  47   2        }
  48   1        return TW_RETURN_NONE;
  49   1      }


MODULE INFORMATION:   STATIC OVERLAYABLE
   CODE SIZE        =    244    ----
C51 COMPILER V9.52.0.0   PAGE_PASSWORD                                                     05/12/2016 09:18:57 PAGE 2   

   CONSTANT SIZE    =     77    ----
   XDATA SIZE       =   ----    ----
   PDATA SIZE       =   ----    ----
   DATA SIZE        =   ----    ----
   IDATA SIZE       =   ----    ----
   BIT SIZE         =   ----    ----
   EDATA SIZE       =   ----    ----
   HDATA SIZE       =   ----    ----
   XDATA CONST SIZE =   ----    ----
   FAR CONST SIZE   =   ----    ----
END OF MODULE INFORMATION.


C51 COMPILATION COMPLETE.  0 WARNING(S),  0 ERROR(S)
