C51 COMPILER V9.00   PAGE_FRONT_MOUDLE                                                     12/13/2022 09:00:40 PAGE 1   


C51 COMPILER V9.00, COMPILATION OF MODULE PAGE_FRONT_MOUDLE
OBJECT MODULE PLACED IN .\Object\page_front_moudle.obj
COMPILER INVOKED BY: F:\นคื๗ศํผ\Keil\C51\BIN\C51.EXE Source\page_front_moudle.c LARGE OMF2 BROWSE INCDIR(.\IncludeFile;
                    -..\tw_lib\sys;..\tw_lib\drivers;.\resource;.\i51) DEFINE(T123AI) DEBUG PRINT(.\List\page_front_moudle.lst) OBJECT(.\Obje
                    -ct\page_front_moudle.obj)

line level    source

   1          
   2          #include "sys.h"
   3          #include "tw_widget_sys.h"
   4          #include "res.h"
   5          #include "spiosd.h"
   6          #include "osd2api.h"
   7          #include "disp_config.h"
   8          
   9          #if MODULE_FRONT_B40 || MODULE_FRONT_B50
  10          
  11          #include "page_front_moudle.h"
  12          #include "display.h"
  13          #include "uart.h"
  14          #include "mydrivers.h"
  15          
  16          unsigned char page_front_moudle_process (TW_EVENT* event)
  17          {
  18   1              #if MODULE_FRONT_B50
                      unsigned char i;
                      #endif
  21   1              switch(event->type)
  22   1              {
  23   2                      case TW_EVENT_TYPE_ENTER_SYSTEM:
  24   2                              dbg(2, (">>>>> Enter Menu Page\n\r"));
  25   2                              clear_unmark_area();
  26   2                              tw_td_draw(&main_front_moudle);
  27   2                              sosd_td_enable();
  28   2                              sosd_enable(DONT_LOAD);
  29   2                              clear_mark_area();
  30   2                              if(LIGHT_EN)
  31   2                              {
  32   3                                      LIGHT_EN = 0;
  33   3                                      IC_WritByte(TWIC_P1,0x63,0xf0);
  34   3                              }
  35   2                              #if MODULE_FRONT_B40
  36   2                              display_moudle_output_status(1,front_status[0],front_status[1]);
  37   2                              display_moudle_input_status(front_status[2],front_status[3]);
  38   2                              displayu16(43,7,front_para_A25,5,0,GREEN,FULLSPACE,FONT_SMALL);
  39   2                              displayu16(43,9,front_para_A40,5,0,GREEN,FULLSPACE,FONT_SMALL);
  40   2                              displayu16(43,11,front_para_A26,5,0,GREEN,FULLSPACE,FONT_SMALL);
  41   2                              #endif
  42   2                              #if MODULE_FRONT_B50
                                      display_moudle_input_status(front_status[0],front_status[1]);
                                      for(i=0;i<7;i++)
                                      {
                                              if((i>3) && (i<6))
                                                      displayu16(43,6 + i,front_para[i],3,2,GREEN,FULLSPACE,FONT_SMALL);
                                              else
                                                      displayu16(43,6 + i,front_para[i],5,0,GREEN,FULLSPACE,FONT_SMALL);
                                      }
                                      #endif
  52   2                              /* todo: Write Your Code Here */
  53   2      
C51 COMPILER V9.00   PAGE_FRONT_MOUDLE                                                     12/13/2022 09:00:40 PAGE 2   

  54   2                      break;
  55   2      
  56   2                      case TW_EVENT_TYPE_QUIT_SYSTEM:
  57   2                              dbg(2, (">>>>> QUIT Menu Page\n\r"));
  58   2      
  59   2                              /* todo: Write Your Code Here */
  60   2      
  61   2                      break;
  62   2      
  63   2                      default:        /* put to nodify if no process this event */
  64   2                              return TW_RETURN_NO_PROCESS;
  65   2      
  66   2      
  67   2              }
  68   1              return TW_RETURN_NONE;
  69   1      }
  70          #endif


MODULE INFORMATION:   STATIC OVERLAYABLE
   CODE SIZE        =    212    ----
   CONSTANT SIZE    =     81    ----
   XDATA SIZE       =   ----    ----
   PDATA SIZE       =   ----    ----
   DATA SIZE        =   ----    ----
   IDATA SIZE       =   ----    ----
   BIT SIZE         =   ----    ----
   EDATA SIZE       =   ----    ----
   HDATA SIZE       =   ----    ----
   XDATA CONST SIZE =   ----    ----
   FAR CONST SIZE   =   ----    ----
END OF MODULE INFORMATION.


C51 COMPILATION COMPLETE.  0 WARNING(S),  0 ERROR(S)
