C51 COMPILER V9.52.0.0   PAGE_TOP_MOUDLE_OUT_STRUCT                                        02/20/2017 11:15:12 PAGE 1   


C51 COMPILER V9.52.0.0, COMPILATION OF MODULE PAGE_TOP_MOUDLE_OUT_STRUCT
OBJECT MODULE PLACED IN .\Object\page_top_moudle_out_struct.obj
COMPILER INVOKED BY: C:\Program Files\Keil\C51\BIN\C51.EXE i51\page_top_moudle_out_struct.c LARGE OMF2 BROWSE INCDIR(.\I
                    -ncludeFile;..\tw_lib\sys;..\tw_lib\drivers;.\resource;.\i51) DEFINE(T123AI) DEBUG PRINT(.\List\page_top_moudle_out_struc
                    -t.lst) TABS(2) OBJECT(.\Object\page_top_moudle_out_struct.obj)

line level    source

   1          #include "sys.h"
   2          #include "tw_widget_sys.h"
   3          #include "res.h"
   4          #include "page_top_moudle_out.h"
   5          
   6          struct tw_td code main_top_moudle_out = {
   7              ID_MAIN_TOP_MOUDLE_OUT, 0, 0, 800, 480
   8          };
   9          


MODULE INFORMATION:   STATIC OVERLAYABLE
   CODE SIZE        =   ----    ----
   CONSTANT SIZE    =     10    ----
   XDATA SIZE       =   ----    ----
   PDATA SIZE       =   ----    ----
   DATA SIZE        =   ----    ----
   IDATA SIZE       =   ----    ----
   BIT SIZE         =   ----    ----
   EDATA SIZE       =   ----    ----
   HDATA SIZE       =   ----    ----
   XDATA CONST SIZE =   ----    ----
   FAR CONST SIZE   =   ----    ----
END OF MODULE INFORMATION.


C51 COMPILATION COMPLETE.  0 WARNING(S),  0 ERROR(S)
