C51 COMPILER V9.00   PAGE_MAIN_IMAGE_STRUCT                                                07/15/2015 16:51:21 PAGE 1   


C51 COMPILER V9.00, COMPILATION OF MODULE PAGE_MAIN_IMAGE_STRUCT
OBJECT MODULE PLACED IN .\Object\page_main_image_struct.obj
COMPILER INVOKED BY: C:\Keil\C51\BIN\C51.EXE i51\page_main_image_struct.c LARGE OMF2 BROWSE INCDIR(.\IncludeFile;..\tw_l
                    -ib\sys;..\tw_lib\drivers;.\resource;.\i51) DEFINE(T123AI) DEBUG PRINT(.\List\page_main_image_struct.lst) TABS(2) OBJECT(
                    -.\Object\page_main_image_struct.obj)

line level    source

   1          #include "sys.h"
   2          #include "tw_widget_sys.h"
   3          #include "res.h"
   4          #include "page_main_image.h"
   5          
   6          struct tw_td code main_z = {
   7              ID_MAIN_Z, 0, 0, 800, 480
   8          };
   9          
  10          struct tw_spr code page_main_image_butterfly_sprige = {
  11              ID_SP_BUTTERFLY_SPRIGE, 0, 0, 136, 110, 9
  12          };
  13          
  14          struct tw_spr code page_main_image_sprite_camera = {
  15              ID_SP_SPRITE_CAMERA, 216, 222, 160, 144, 1
  16          };
  17          
  18          struct tw_spr code page_main_image_sprite_setup = {
  19              ID_SP_SPRITE_SETUP, 608, 328, 160, 144, 1
  20          };
  21          
  22          struct tw_menu code page_main_image_osd2_0_menu = {
  23              ID_OSD2_0_MENU,
  24              ID_OSD2_0_TILES,
  25              ID_OSD2_0_LUT,
  26              ID_OSD2_0_ORG,
  27              0Xffff,
  28              0,
  29              0,
  30              50,
  31              20,
  32              15301,
  33              16,
  34              24,
  35          };
  36          
  37          struct tw_icon code page_main_image_airc_0_4bp = {
  38            ID_ICON_AIRC_0_4BP,
  39            1,
  40            0,
  41            0,
  42            1,
  43            1,
  44            2,
  45          };
  46          
  47          struct tw_icon code page_main_image_airc_1_4bp = {
  48            ID_ICON_AIRC_1_4BP,
  49            1,
  50            0,
  51            0,
  52            1,
  53            1,
C51 COMPILER V9.00   PAGE_MAIN_IMAGE_STRUCT                                                07/15/2015 16:51:21 PAGE 2   

  54            3,
  55          };
  56          
  57          struct tw_icon code page_main_image_airc_2_4bp = {
  58            ID_ICON_AIRC_2_4BP,
  59            1,
  60            0,
  61            0,
  62            1,
  63            1,
  64            4,
  65          };
  66          
  67          struct tw_icon code page_main_image_airc_3_4bp = {
  68            ID_ICON_AIRC_3_4BP,
  69            1,
  70            45,
  71            6,
  72            1,
  73            1,
  74            5,
  75          };
  76          
  77          struct tw_icon code page_main_image_airc_4_4bp = {
  78            ID_ICON_AIRC_4_4BP,
  79            1,
  80            0,
  81            0,
  82            1,
  83            1,
  84            6,
  85          };
  86          
  87          struct tw_icon code page_main_image_airc_5_4bp = {
  88            ID_ICON_AIRC_5_4BP,
  89            1,
  90            0,
  91            0,
  92            1,
  93            1,
  94            7,
  95          };
  96          
  97          struct tw_icon code page_main_image_airc_6_4bp = {
  98            ID_ICON_AIRC_6_4BP,
  99            1,
 100            0,
 101            0,
 102            1,
 103            1,
 104            8,
 105          };
 106          
 107          struct tw_icon code page_main_image_airc_7_4bp = {
 108            ID_ICON_AIRC_7_4BP,
 109            1,
 110            0,
 111            0,
 112            1,
 113            1,
 114            9,
 115          };
C51 COMPILER V9.00   PAGE_MAIN_IMAGE_STRUCT                                                07/15/2015 16:51:21 PAGE 3   

 116          
 117          struct tw_icon code page_main_image_airc_8_4bp = {
 118            ID_ICON_AIRC_8_4BP,
 119            1,
 120            0,
 121            0,
 122            1,
 123            1,
 124            10,
 125          };
 126          
 127          struct tw_icon code page_main_image_airc_9_4bp = {
 128            ID_ICON_AIRC_9_4BP,
 129            1,
 130            0,
 131            0,
 132            1,
 133            1,
 134            11,
 135          };
 136          


MODULE INFORMATION:   STATIC OVERLAYABLE
   CODE SIZE        =   ----    ----
   CONSTANT SIZE    =    148    ----
   XDATA SIZE       =   ----    ----
   PDATA SIZE       =   ----    ----
   DATA SIZE        =   ----    ----
   IDATA SIZE       =   ----    ----
   BIT SIZE         =   ----    ----
   EDATA SIZE       =   ----    ----
   HDATA SIZE       =   ----    ----
   XDATA CONST SIZE =   ----    ----
   FAR CONST SIZE   =   ----    ----
END OF MODULE INFORMATION.


C51 COMPILATION COMPLETE.  0 WARNING(S),  0 ERROR(S)
