C51 COMPILER V9.00   PAGE_ID_TD_7_PNG_STRUCT                                               08/05/2014 10:20:09 PAGE 1   


C51 COMPILER V9.00, COMPILATION OF MODULE PAGE_ID_TD_7_PNG_STRUCT
OBJECT MODULE PLACED IN .\Object\page_ID_TD_7_PNG_struct.obj
COMPILER INVOKED BY: C:\Keil\C51\BIN\C51.EXE SourceFile\page_ID_TD_7_PNG_struct.c LARGE OMF2 BROWSE INCDIR(.\IncludeFile
                    -;..\tw_lib\sys;..\tw_lib\drivers) DEFINE(T123AI) DEBUG PRINT(.\List\page_ID_TD_7_PNG_struct.lst) OBJECT(.\Object\page_ID
                    -_TD_7_PNG_struct.obj)

line level    source

   1          #include "sys.h"
   2          #include "tw_widget_sys.h"
   3          #include "res.h"
   4          #include "page_ID_TD_7_PNG.h"
   5          
   6          struct tw_td code td_7_png = {
   7              ID_TD_7_PNG, 0, 0, 800, 480
   8          };
   9          struct tw_menu code     osd2_5061_menu = {
  10              ID_OSD2_5061,
  11              ID_TILE_5096,
  12                  ID_LUT_5095,
  13                  ID_OREG_5097,
  14              0xffff,
  15              0,
  16              0,
  17              50,
  18              20,
  19              15303,
  20              16,
  21              24,
  22          };
  23          unsigned char code ID_ICON_1L6_PNG_ids[] = {
  24                  1, 1, 1, 1, 1, 1, 1, 1, 1, 1, 1, 1, 1, 1, 1, 1, 
  25                  1, 1, 1, 1, 1, 1, 1, 1, 1, 1, 1, 1, 1, 1, 1, 1, 
  26                  1, 1, 1, 1, 1, 1, 1, 1, 1, 1, 1, 1, 1, 1, 1, 1, 
  27                  1, 1, 1, 1, 1, 1, 1, 1, 1, 1, 1, 1, 1, 1, 1, 1, 
  28                  1, 1, 1, 1, 1, 1, 1, 1, 1, 1, 1, 1, 1, 1, 1, 1, 
  29                  1, 1, 1, 1, 1, 1, 1, 1, 1, 1, 1, 1, 1, 1, 1, 1, 
  30                  1, 1, 1, 1, 1, 1, 1, 1, 1, 1, 1, 1, 1, 1, 1, 1, 
  31                  1, 1, 1, 1, 1, 1, 1, 1, 1, 1, 1, 1, 1, 1, 1, 1, 
  32                  1, 1, 1, 1, 1, 1, 1, 1, 1, 1, 1, 1, 1, 1, 1, 1, 
  33                  1, 1, 1, 1, 1, 1, 1, 1, 1, 1, 1, 1, 1, 1, 1, 1, 
  34                  1, 1, 1, 1, 1, 1, 1, 1, 1, 1, 1, 1, 1, 1, 1, 1, 
  35                  1, 1, 1, 1, 1, 1, 1, 1, 1, 1, 1, 1, 1, 1, 1, 1, 
  36                  1, 1, 1, 1, 1, 1, 1, 1, 1, 1, 1, 1, 1, 1, 1, 1, 
  37                  1, 1, 1, 1, 1, 1, 1, 1, 1, 1, 1, 1, 1, 1, 1, 1, 
  38                  1, 1, 1, 1, 1, 1, 1, 1, 1, 1, 1, 1, 1, 1, 1, 1, 
  39                  1, 1, 1, 1, 1, 1, 1, 1, 1, 1, 1, 1, 1, 1, 1, 1, 
  40                  1, 1, 1, 1, 1, 1, 1, 1, 1, 1, 1, 1, 1, 1, 1, 1, 
  41                  1, 1, 1, 1, 1, 1, 1, 1, 1, 1, 1, 1, 1, 1, 1, 1, 
  42                  1, 1, 1, 1, 1, 1, 1, 1, 1, 1, 1, 1, 1, 1, 1, 1, 
  43                  1, 1, 1, 1, 1, 1, 1, 1, 1, 1, 1, 1, 1, 1, 1, 1, 
  44                  1, 1, 1, 1, 1, 1, 1, 1, 1, 1, 1, 1, 1, 1, 1, 1, 
  45                  1, 1, 1, 1, 1, 1, 1, 1, 1, 1, 1, 1, 1, 1, 1, 1, 
  46                  1, 1, 1, 1, 1, 1, 1, 1, 1, 1, 1, 1, 1, 1, 1, 2, 
  47                  3, 4, 5, 6, 1, 1, 1, 1, 1, 1, 1, 1, 1, 1, 1, 1, 
  48                  1, 1, 1, 1, 1, 1, 1, 1, 1, 1, 1, 1, 1, 1, 1, 1, 
  49                  1, 1, 1, 1, 1, 1, 1, 1, 1, 1, 1, 1, 1, 1, 1, 1, 
  50                  1, 1, 1, 1, 1, 7, 8, 9, 10, 11, 1, 1, 1, 1, 1, 1, 
  51                  1, 1, 1, 1, 1, 1, 1, 1, 1, 1, 1, 1, 1, 1, 1, 1, 
  52                  1, 1, 1, 1, 1, 1, 1, 1, 1, 12, 13, 14, 15, 1, 1, 1, 
  53                  1, 1, 1, 1, 1, 1, 1, 1, 1, 1, 16, 17, 18, 19, 1, 1, 
C51 COMPILER V9.00   PAGE_ID_TD_7_PNG_STRUCT                                               08/05/2014 10:20:09 PAGE 2   

  54                  1, 1, 1, 1, 1, 1, 1, 1, 1, 1, 1, 1, 1, 1, 1, 1, 
  55                  1, 1, 1, 1, 1, 1, 1, 1, 1, 1, 1, 1, 1, 1, 20, 21, 
  56                  1, 1, 1, 1, 1, 1, 1, 1, 1, 1, 1, 1, 1, 1, 1, 22, 
  57                  23, 24, 1, 1, 1, 1, 1, 1, 1, 1, 1, 1, 1, 1, 1, 1, 
  58                  1, 1, 1, 1, 1, 1, 1, 1, 1, 1, 1, 1, 1, 1, 1, 1, 
  59                  1, 25, 26, 1, 1, 1, 1, 1, 1, 1, 1, 1, 1, 1, 1, 1, 
  60                  1, 1, 1, 27, 28, 29, 1, 1, 1, 1, 1, 1, 1, 1, 1, 1, 
  61                  1, 1, 1, 1, 1, 1, 1, 1, 1, 1, 1, 1, 1, 1, 1, 1, 
  62                  1, 1, 1, 1, 30, 31, 1, 1, 1, 1, 1, 1, 1, 1, 1, 1, 
  63                  1, 1, 1, 1, 1, 1, 32, 33, 34, 1, 1, 1, 1, 1, 1, 1, 
  64                  1, 1, 1, 1, 1, 1, 1, 1, 1, 1, 1, 1, 1, 1, 1, 1, 
  65                  1, 1, 1, 1, 1, 1, 1, 35, 1, 1, 1, 1, 1, 1, 1, 1, 
  66                  1, 1, 1, 1, 1, 1, 1, 1, 1, 1, 36, 37, 1, 1, 1, 1, 
  67                  1, 1, 1, 1, 1, 1, 1, 1, 1, 1, 1, 1, 1, 1, 1, 1, 
  68                  1, 1, 1, 1, 1, 1, 1, 1, 1, 38, 39, 1, 1, 1, 1, 1, 
  69                  1, 1, 1, 1, 1, 1, 1, 1, 1, 1, 1, 1, 1, 25, 40, 41, 
  70                  1, 1, 1, 1, 1, 1, 1, 1, 1, 1, 1, 1, 1, 1, 1, 1, 
  71                  1, 1, 1, 1, 1, 1, 1, 1, 1, 1, 1, 42, 43, 1, 1, 1, 
  72                  1, 1, 1, 1, 1, 1, 1, 1, 1, 1, 1, 1, 1, 1, 1, 1, 
  73                  44, 45, 46, 1, 1, 1, 1, 1, 1, 1, 1, 1, 1, 1, 1, 1, 
  74                  1, 1, 1, 1, 1, 1, 1, 1, 1, 1, 1, 1, 1, 47, 1, 1, 
  75                  1, 1, 1, 1, 1, 1, 1, 1, 1, 1, 1, 1, 1, 1, 1, 1, 
  76                  1, 1, 1, 48, 49, 1, 1, 1, 1, 1, 1, 1, 1, 1, 1, 1, 
  77                  1, 1, 1, 1, 1, 1, 1, 1, 1, 1, 1, 1, 1, 1, 1, 50, 
  78                  1, 1, 1, 1, 1, 1, 1, 1, 1, 1, 1, 1, 1, 1, 1, 1, 
  79                  1, 1, 1, 1, 1, 1, 51, 52, 1, 1, 1, 1, 1, 1, 1, 1, 
  80                  1, 1, 1, 1, 1, 1, 1, 1, 1, 1, 1, 1, 1, 1, 1, 1, 
  81                  53, 54, 1, 1, 1, 1, 1, 1, 1, 1, 1, 1, 1, 1, 1, 1, 
  82                  1, 1, 1, 1, 1, 1, 1, 1, 1, 55, 56, 1, 1, 1, 1, 1, 
  83                  1, 1, 1, 1, 1, 1, 1, 1, 1, 1, 1, 1, 1, 1, 1, 1, 
  84                  1, 1, 57, 1, 1, 1, 1, 1, 1, 1, 1, 1, 1, 1, 1, 1, 
  85                  1, 1, 1, 1, 1, 1, 1, 1, 1, 1, 1, 1, 58, 1, 1, 1, 
  86                  1, 1, 1, 1, 1, 1, 1, 1, };
  87          struct tw_icons code ID_OSD2_5061_ID_ICON_1L6_PNG = {
  88                  20,
  89                  1,
  90                  0,
  91                  0,
  92                  50,
  93                  20,
  94                  ID_ICON_1L6_PNG_ids,
  95          };
  96          struct tw_icon code ID_OSD2_5061_ID_ICON_LED7_PNG = {
  97                  31,
  98                  0,
  99                  3,
 100                  1,
 101                  2,
 102                  2,
 103                  60,
 104          };


MODULE INFORMATION:   STATIC OVERLAYABLE
   CODE SIZE        =   ----    ----
   CONSTANT SIZE    =   1049    ----
   XDATA SIZE       =   ----    ----
   PDATA SIZE       =   ----    ----
   DATA SIZE        =   ----    ----
   IDATA SIZE       =   ----    ----
   BIT SIZE         =   ----    ----
   EDATA SIZE       =   ----    ----
C51 COMPILER V9.00   PAGE_ID_TD_7_PNG_STRUCT                                               08/05/2014 10:20:09 PAGE 3   

   HDATA SIZE       =   ----    ----
   XDATA CONST SIZE =   ----    ----
   FAR CONST SIZE   =   ----    ----
END OF MODULE INFORMATION.


C51 COMPILATION COMPLETE.  0 WARNING(S),  0 ERROR(S)
