C51 COMPILER V9.52.0.0   PAGE_ACC                                                          05/12/2016 09:18:58 PAGE 1   


C51 COMPILER V9.52.0.0, COMPILATION OF MODULE PAGE_ACC
OBJECT MODULE PLACED IN .\Object\page_acc.obj
COMPILER INVOKED BY: C:\Program Files\Keil\C51\BIN\C51.EXE Source\page_acc.c LARGE OMF2 BROWSE INCDIR(.\IncludeFile;..\t
                    -w_lib\sys;..\tw_lib\drivers;.\resource;.\i51) DEFINE(T123AI) DEBUG PRINT(.\List\page_acc.lst) TABS(2) OBJECT(.\Object\pa
                    -ge_acc.obj)

line level    source

   1          
   2          #include "sys.h"
   3          #include "tw_widget_sys.h"
   4          #include "res.h"
   5          #include "spiosd.h"
   6          #include "osd2api.h"
   7          
   8          #include "page_acc.h"
   9          #include "display.h"
  10          #include "mydrivers.h"
  11          
  12          unsigned char page_acc_process (TW_EVENT* event)
  13          {
  14   1        switch(event->type)
  15   1        {
  16   2          case TW_EVENT_TYPE_ENTER_SYSTEM:
  17   2            dbg(2, (">>>>> Enter Menu Page\n\r"));
  18   2            clear_unmark_area();
  19   2            clear_alarm_area();
  20   2            IC_WritByte(TWIC_P1,0x63,0x00);
  21   2            LIGHTEN = 1;
  22   2            tw_td_draw(&main_acc);
  23   2            sosd_td_enable();
  24   2            sosd_enable(DONT_LOAD);
  25   2            clear_mark_area();
  26   2      
  27   2            /* todo: Write Your Code Here */
  28   2      
  29   2          break;
  30   2      
  31   2          case TW_EVENT_TYPE_QUIT_SYSTEM:
  32   2            dbg(2, (">>>>> QUIT Menu Page\n\r"));
  33   2      
  34   2            /* todo: Write Your Code Here */
  35   2      
  36   2          break;
  37   2      
  38   2          default:  /* put to nodify if no process this event */
  39   2            return TW_RETURN_NO_PROCESS;
  40   2      
  41   2      
  42   2        }
  43   1        return TW_RETURN_NONE;
  44   1      }


MODULE INFORMATION:   STATIC OVERLAYABLE
   CODE SIZE        =     63    ----
   CONSTANT SIZE    =     72    ----
   XDATA SIZE       =   ----    ----
   PDATA SIZE       =   ----    ----
   DATA SIZE        =   ----    ----
   IDATA SIZE       =   ----    ----
C51 COMPILER V9.52.0.0   PAGE_ACC                                                          05/12/2016 09:18:58 PAGE 2   

   BIT SIZE         =   ----    ----
   EDATA SIZE       =   ----    ----
   HDATA SIZE       =   ----    ----
   XDATA CONST SIZE =   ----    ----
   FAR CONST SIZE   =   ----    ----
END OF MODULE INFORMATION.


C51 COMPILATION COMPLETE.  0 WARNING(S),  0 ERROR(S)
