C51 COMPILER V9.00   PAGE_ID_TD_9_PNG                                                      08/05/2014 10:20:06 PAGE 1   


C51 COMPILER V9.00, COMPILATION OF MODULE PAGE_ID_TD_9_PNG
OBJECT MODULE PLACED IN .\Object\page_ID_TD_9_PNG.obj
COMPILER INVOKED BY: C:\Keil\C51\BIN\C51.EXE SourceFile\page_ID_TD_9_PNG.c LARGE OMF2 BROWSE INCDIR(.\IncludeFile;..\tw_
                    -lib\sys;..\tw_lib\drivers) DEFINE(T123AI) DEBUG PRINT(.\List\page_ID_TD_9_PNG.lst) OBJECT(.\Object\page_ID_TD_9_PNG.obj)

line level    source

   1          #include "sys.h"
   2          #include "tw_widget_sys.h"
   3          #include "spiosd.h"
   4          #include "osd2api.h"
   5          #include "keypad.h"
   6          #include "touch.h"
   7          #include "ir.h"
   8          #include "res.h"
   9          #include "page_ID_TD_1_PNG.h"
  10          #include "page_ID_TD_2_PNG.h"
  11          #include "page_ID_TD_3_PNG.h"
  12          #include "page_ID_TD_4_PNG.h"
  13          #include "page_ID_TD_5_PNG.h"
  14          #include "page_ID_TD_6_PNG.h"
  15          #include "page_ID_TD_7_PNG.h"
  16          #include "page_ID_TD_8_PNG.h"
  17          #include "page_ID_TD_9_PNG.h"
  18          
  19          extern void slide2page_event(unsigned char cur, unsigned char target);
  20          extern void touch_slide_check(TW_EVENT* event);
  21          extern void fade_inout_event(unsigned char ch);
  22          
  23          unsigned char page_ID_TD_9_PNG_process (TW_EVENT* event)
  24          {
  25   1              switch(event->type)
  26   1              {
  27   2                      case TW_EVENT_TYPE_ENTER_SYSTEM:
  28   2                              dbg(2, (">>>>> Enter Page9 Page\n\r"));
  29   2      
  30   2                              /* todo: Write Your Code Here */
  31   2                              tw_slide_init();
  32   2      
  33   2                              if(event->page.mode!=PAGE_EVENT_SLIDE) {
  34   3                                      ir_clear();
  35   3                                      touch_clear();
  36   3                                      //tw_td_draw(&td_9_png);
  37   3                                      //tw_img_force_alpha(1);        // for fade-in effect
  38   3                                      //sosd_enable(DONT_LOAD);
  39   3                                      tw_load_emu(ID_5052);           // fade-in emulation                            
  40   3                                      tw_wait_emu_done();
  41   3                              }
  42   2                              tw_menu_draw(&osd2_5063_menu);  // draw OSD2
  43   2                                      osd_enable();
  44   2      
  45   2                      break;
  46   2      
  47   2                      case TW_EVENT_TYPE_QUIT_SYSTEM:
  48   2                              dbg(2, (">>>>> QUIT Page9 Page\n\r"));
  49   2      
  50   2                              /* todo: Write Your Code Here */
  51   2                              if(event->page.mode!=PAGE_EVENT_SLIDE) {
  52   3                                      tw_emu_exit();
  53   3                                      osd_disable();
  54   3                                      sosd_sp_disable();
C51 COMPILER V9.00   PAGE_ID_TD_9_PNG                                                      08/05/2014 10:20:06 PAGE 2   

  55   3                                      tw_load_emu(ID_5053);   // fade-out emulation
  56   3                                      tw_wait_emu_done();
  57   3                                      sosd_td_disable();
  58   3                                      sosd_disable();
  59   3                              }
  60   2      
  61   2                      break;
  62   2      
  63   2                      case TW_EVENT_TYPE_IR_DOWN:
  64   2                              dbg(2, (">>>>>> IR Down Event\n\r"));
  65   2                              dbg(2, ("ircode = 0x%bx\n\r", event->ircode.ch));
  66   2      
  67   2                              switch(event->ircode.ch) {
  68   3                                      case IR_LEFT_CODE:
  69   3                                                                                              
  70   3                                              break;
  71   3                                      case IR_RIGHT_CODE:
  72   3                                              tw_emu_exit();
  73   3                                              osd_disable();
  74   3                                              sosd_sp_disable();
  75   3                                              tw_load_emu(ID_5051);
  76   3                                              tw_wait_emu_done();
  77   3                                              put_quit_slide_page_event(PAGE_ID_TD_9_PNG);
  78   3                                              put_enter_slide_page_event(PAGE_ID_TD_8_PNG);                                           
  79   3                                              break;
  80   3                                      case IR_UP_CODE:
  81   3      
  82   3                                              break;
  83   3                                      case IR_DOWN_CODE:
  84   3                                              tw_emu_exit();
  85   3                                              osd_disable();
  86   3                                              sosd_sp_disable();
  87   3                                              tw_load_emu(ID_5050);
  88   3                                              tw_wait_emu_done();
  89   3                                              put_quit_slide_page_event(PAGE_ID_TD_9_PNG);
  90   3                                              put_enter_slide_page_event(PAGE_ID_TD_6_PNG);
  91   3                                              break;
  92   3                                      default:
  93   3                                              fade_inout_event(event->ircode.ch);
  94   3                                              break;
  95   3                              }
  96   2                              break;
  97   2      
  98   2                      case TW_EVENT_TYPE_TOUCH_DOWN:
  99   2                      case TW_EVENT_TYPE_TOUCH_RELEASE:
 100   2                      case TW_EVENT_TYPE_TOUCH_MOTION:
 101   2                              touch_slide_check(event);
 102   2                              break;
 103   2      
 104   2                      default:        /* put to nodify if no process this event */
 105   2                              return TW_RETURN_NO_PROCESS;
 106   2                              break;
 107   2      
 108   2      
 109   2              }
 110   1              return TW_RETURN_NONE;
 111   1      }


MODULE INFORMATION:   STATIC OVERLAYABLE
   CODE SIZE        =    291    ----
   CONSTANT SIZE    =    126    ----
C51 COMPILER V9.00   PAGE_ID_TD_9_PNG                                                      08/05/2014 10:20:06 PAGE 3   

   XDATA SIZE       =   ----       3
   PDATA SIZE       =   ----    ----
   DATA SIZE        =   ----    ----
   IDATA SIZE       =   ----    ----
   BIT SIZE         =   ----    ----
   EDATA SIZE       =   ----    ----
   HDATA SIZE       =   ----    ----
   XDATA CONST SIZE =   ----    ----
   FAR CONST SIZE   =   ----    ----
END OF MODULE INFORMATION.


C51 COMPILATION COMPLETE.  0 WARNING(S),  0 ERROR(S)
