C51 COMPILER V9.00   PAGE_START                                                            12/13/2022 09:00:41 PAGE 1   


C51 COMPILER V9.00, COMPILATION OF MODULE PAGE_START
OBJECT MODULE PLACED IN .\Object\page_start.obj
COMPILER INVOKED BY: F:\นคื๗ศํผ\Keil\C51\BIN\C51.EXE Source\page_start.c LARGE OMF2 BROWSE INCDIR(.\IncludeFile;..\tw_l
                    -ib\sys;..\tw_lib\drivers;.\resource;.\i51) DEFINE(T123AI) DEBUG PRINT(.\List\page_start.lst) OBJECT(.\Object\page_start.
                    -obj)

line level    source

   1          
   2          #include "sys.h"
   3          #include "tw_widget_sys.h"
   4          #include "res.h"
   5          #include "spiosd.h"
   6          #include "osd2api.h"
   7          
   8          #include "page_start.h"
   9          #include "page_main_internal.h"
  10          #include "tw_timer.h"
  11          #include "display.h"
  12          #include "uart.h"
  13          
  14          unsigned char page_start_process (TW_EVENT* event)
  15          {
  16   1              switch(event->type)
  17   1              {
  18   2                      case TW_EVENT_TYPE_ENTER_SYSTEM:
  19   2                              dbg(2, (">>>>> Enter Menu Page\n\r"));
  20   2                              tw_td_draw(&main_start);
  21   2                              sosd_td_enable();
  22   2                              sosd_enable(DONT_LOAD);
  23   2                              tw_timer_open(50);
  24   2                              /* todo: Write Your Code Here */
  25   2      
  26   2                      break;
  27   2                      case TW_EVENT_TYPE_TIMEOUT:
  28   2                              tw_timer_close();
  29   2                              put_quit_page_event(ID_PAGE_START);
  30   2                              
  31   2                              put_enter_page_event(ID_PAGE_LOGO);
  32   2                              ENTER_ACC = 1;
  33   2                              ENTER_LOGO = 1;
  34   2                      break;
  35   2      
  36   2      
  37   2                      case TW_EVENT_TYPE_QUIT_SYSTEM:
  38   2                              dbg(2, (">>>>> QUIT Menu Page\n\r"));
  39   2      
  40   2                              /* todo: Write Your Code Here */
  41   2      
  42   2                      break;
  43   2      
  44   2                      default:        /* put to nodify if no process this event */
  45   2                              return TW_RETURN_NO_PROCESS;
  46   2      
  47   2      
  48   2              }
  49   1              return TW_RETURN_NONE;
  50   1      }


MODULE INFORMATION:   STATIC OVERLAYABLE
C51 COMPILER V9.00   PAGE_START                                                            12/13/2022 09:00:41 PAGE 2   

   CODE SIZE        =     78    ----
   CONSTANT SIZE    =     74    ----
   XDATA SIZE       =   ----    ----
   PDATA SIZE       =   ----    ----
   DATA SIZE        =   ----    ----
   IDATA SIZE       =   ----    ----
   BIT SIZE         =   ----    ----
   EDATA SIZE       =   ----    ----
   HDATA SIZE       =   ----    ----
   XDATA CONST SIZE =   ----    ----
   FAR CONST SIZE   =   ----    ----
END OF MODULE INFORMATION.


C51 COMPILATION COMPLETE.  0 WARNING(S),  0 ERROR(S)
