C51 COMPILER V9.52.0.0   PAGE_ACC_STRUCT                                                   05/12/2016 09:18:59 PAGE 1   


C51 COMPILER V9.52.0.0, COMPILATION OF MODULE PAGE_ACC_STRUCT
OBJECT MODULE PLACED IN .\Object\page_acc_struct.obj
COMPILER INVOKED BY: C:\Program Files\Keil\C51\BIN\C51.EXE i51\page_acc_struct.c LARGE OMF2 BROWSE INCDIR(.\IncludeFile;
                    -..\tw_lib\sys;..\tw_lib\drivers;.\resource;.\i51) DEFINE(T123AI) DEBUG PRINT(.\List\page_acc_struct.lst) TABS(2) OBJECT(
                    -.\Object\page_acc_struct.obj)

line level    source

   1          #include "sys.h"
   2          #include "tw_widget_sys.h"
   3          #include "res.h"
   4          #include "page_acc.h"
   5          
   6          struct tw_td code main_acc = {
   7              ID_MAIN_ACC, 0, 0, 800, 480
   8          };
   9          


MODULE INFORMATION:   STATIC OVERLAYABLE
   CODE SIZE        =   ----    ----
   CONSTANT SIZE    =     10    ----
   XDATA SIZE       =   ----    ----
   PDATA SIZE       =   ----    ----
   DATA SIZE        =   ----    ----
   IDATA SIZE       =   ----    ----
   BIT SIZE         =   ----    ----
   EDATA SIZE       =   ----    ----
   HDATA SIZE       =   ----    ----
   XDATA CONST SIZE =   ----    ----
   FAR CONST SIZE   =   ----    ----
END OF MODULE INFORMATION.


C51 COMPILATION COMPLETE.  0 WARNING(S),  0 ERROR(S)
