C51 COMPILER V9.00   PAGE_SURFACE20                                                        12/13/2022 09:00:43 PAGE 1   


C51 COMPILER V9.00, COMPILATION OF MODULE PAGE_SURFACE20
OBJECT MODULE PLACED IN .\Object\page_surface20.obj
COMPILER INVOKED BY: F:\นคื๗ศํผ\Keil\C51\BIN\C51.EXE Source\page_surface20.c LARGE OMF2 BROWSE INCDIR(.\IncludeFile;..\
                    -tw_lib\sys;..\tw_lib\drivers;.\resource;.\i51) DEFINE(T123AI) DEBUG PRINT(.\List\page_surface20.lst) OBJECT(.\Object\pag
                    -e_surface20.obj)

line level    source

   1          
   2          #include "sys.h"
   3          #include "tw_widget_sys.h"
   4          #include "res.h"
   5          #include "spiosd.h"
   6          #include "osd2api.h"
   7          
   8          #include "disp_config.h"
   9          
  10          #if (PAGE_ADD > 19)
              
              #include "page_surface20.h"
              #include "display.h"
              #include "mydrivers.h"
              
              
              unsigned char page_surface20_process (TW_EVENT* event)
              {
                      switch(event->type)
                      {
                              case TW_EVENT_TYPE_ENTER_SYSTEM:
                                      dbg(2, (">>>>> Enter Menu Page\n\r"));
                                      tw_td_draw(&main_surface20);
                                      sosd_td_enable();
                                      sosd_enable(DONT_LOAD);
                                      clear_unalarm_area();
                                      if(LIGHT_EN)
                                      {
                                              LIGHT_EN = 0;
                                              IC_WritByte(TWIC_P1,0x63,0xf0);
                                      }
                                      display_surface20();
              
                                      /* todo: Write Your Code Here */
              
                              break;
              
                              case TW_EVENT_TYPE_QUIT_SYSTEM:
                                      dbg(2, (">>>>> QUIT Menu Page\n\r"));
              
                                      /* todo: Write Your Code Here */
              
                              break;
              
                              default:        /* put to nodify if no process this event */
                                      return TW_RETURN_NO_PROCESS;
              
              
                      }
                      return TW_RETURN_NONE;
              }
              #endif

C51 COMPILER V9.00   PAGE_SURFACE20                                                        12/13/2022 09:00:43 PAGE 2   


MODULE INFORMATION:   STATIC OVERLAYABLE
   CODE SIZE        =   ----    ----
   CONSTANT SIZE    =   ----    ----
   XDATA SIZE       =   ----    ----
   PDATA SIZE       =   ----    ----
   DATA SIZE        =   ----    ----
   IDATA SIZE       =   ----    ----
   BIT SIZE         =   ----    ----
   EDATA SIZE       =   ----    ----
   HDATA SIZE       =   ----    ----
   XDATA CONST SIZE =   ----    ----
   FAR CONST SIZE   =   ----    ----
END OF MODULE INFORMATION.


C51 COMPILATION COMPLETE.  0 WARNING(S),  0 ERROR(S)
