C51 COMPILER V9.00   PAGE_LOGO                                                             12/13/2022 09:00:41 PAGE 1   


C51 COMPILER V9.00, COMPILATION OF MODULE PAGE_LOGO
OBJECT MODULE PLACED IN .\Object\page_logo.obj
COMPILER INVOKED BY: F:\นคื๗ศํผ\Keil\C51\BIN\C51.EXE Source\page_logo.c LARGE OMF2 BROWSE INCDIR(.\IncludeFile;..\tw_li
                    -b\sys;..\tw_lib\drivers;.\resource;.\i51) DEFINE(T123AI) DEBUG PRINT(.\List\page_logo.lst) OBJECT(.\Object\page_logo.obj
                    -)

line level    source

   1          
   2          #include "sys.h"
   3          #include "tw_widget_sys.h"
   4          #include "res.h"
   5          #include "spiosd.h"
   6          #include "osd2api.h"
   7          
   8          #include "page_logo.h"
   9          #include "page_main_internal.h"
  10          #include "display.h"
  11          #include "mydrivers.h"
  12          #include "disp_config.h"
  13          
  14          unsigned char page_logo_process (TW_EVENT* event)
  15          {
  16   1              unsigned char i;
  17   1              switch(event->type)
  18   1              {
  19   2                      case TW_EVENT_TYPE_ENTER_SYSTEM:
  20   2                              dbg(2, (">>>>> Enter Menu Page\n\r"));
  21   2                              
  22   2                              if(ENTER_LOGO && !ENTER_ACC)
  23   2                              {
  24   3                                      IC_WritByte(TWIC_P1,0x63,0xf0);
  25   3                                      ENTER_LOGO = 0;
  26   3                              }
  27   2                              clear_unmark_area();
  28   2                              if(ENTER_ACC)
  29   2                              {
  30   3                                      IC_WritByte(TWIC_P1,0x63,0x00);
  31   3                                      ENTER_ACC = 0;
  32   3                                      display_uncolor_icon(page_main_internal_black,10,7);
  33   3                                      display_uncolor_icon(page_main_internal_black,13,7);
  34   3                                      display_icon(page_main_internal_soc_7,iBLACK,16,8);
  35   3                                      for(i=0;i<12;i++)
  36   3                                              display_uncolor_icon(page_main_internal_black,7 + 3*i,9);
  37   3                                      display_uncolor_icon(page_main_internal_black,9,11);
  38   3                                      display_uncolor_icon(page_main_internal_black,12,11);
  39   3                                      display_icon(page_main_internal_soc_7,iBLACK,15,11);
  40   3                              }
  41   2                              LIGHT_EN = 1;
  42   2                              tw_td_draw(&main_logo);
  43   2                              sosd_td_enable();
  44   2                              sosd_enable(DONT_LOAD);
  45   2                              clear_mark_area();
  46   2                              clear_alarm_area();
  47   2                              
  48   2                              /* todo: Write Your Code Here */
  49   2      
  50   2                      break;
  51   2      
  52   2                      case TW_EVENT_TYPE_QUIT_SYSTEM:
  53   2                              dbg(2, (">>>>> QUIT Menu Page\n\r"));
C51 COMPILER V9.00   PAGE_LOGO                                                             12/13/2022 09:00:41 PAGE 2   

  54   2      
  55   2                              /* todo: Write Your Code Here */
  56   2      
  57   2                      break;
  58   2      
  59   2                      default:        /* put to nodify if no process this event */
  60   2                              return TW_RETURN_NO_PROCESS;
  61   2      
  62   2      
  63   2              }
  64   1              return TW_RETURN_NONE;
  65   1      }


MODULE INFORMATION:   STATIC OVERLAYABLE
   CODE SIZE        =    384    ----
   CONSTANT SIZE    =     73    ----
   XDATA SIZE       =   ----       1
   PDATA SIZE       =   ----    ----
   DATA SIZE        =   ----    ----
   IDATA SIZE       =   ----    ----
   BIT SIZE         =   ----    ----
   EDATA SIZE       =   ----    ----
   HDATA SIZE       =   ----    ----
   XDATA CONST SIZE =   ----    ----
   FAR CONST SIZE   =   ----    ----
END OF MODULE INFORMATION.


C51 COMPILATION COMPLETE.  0 WARNING(S),  0 ERROR(S)
