C51 COMPILER V9.00   PAGE_TOP_MOUDLE                                                       12/13/2022 09:00:42 PAGE 1   


C51 COMPILER V9.00, COMPILATION OF MODULE PAGE_TOP_MOUDLE
OBJECT MODULE PLACED IN .\Object\page_top_moudle.obj
COMPILER INVOKED BY: F:\นคื๗ศํผ\Keil\C51\BIN\C51.EXE Source\page_top_moudle.c LARGE OMF2 BROWSE INCDIR(.\IncludeFile;..
                    -\tw_lib\sys;..\tw_lib\drivers;.\resource;.\i51) DEFINE(T123AI) DEBUG PRINT(.\List\page_top_moudle.lst) OBJECT(.\Object\p
                    -age_top_moudle.obj)

line level    source

   1          
   2          #include "sys.h"
   3          #include "tw_widget_sys.h"
   4          #include "res.h"
   5          #include "spiosd.h"
   6          #include "osd2api.h"
   7          #include "disp_config.h"
   8          
   9          #if MODULE_TOP_B40 || MODULE_TOP_B50
              
              #include "page_top_moudle.h"
              #include "display.h"
              #include "uart.h"
              #include "mydrivers.h"
              
              unsigned char page_top_moudle_process (TW_EVENT* event)
              {
                      #if MODULE_TOP_B50
                      unsigned char i;
                      #endif
                      switch(event->type)
                      {
                              case TW_EVENT_TYPE_ENTER_SYSTEM:
                                      dbg(2, (">>>>> Enter Menu Page\n\r"));
                                      tw_td_draw(&main_top_moudle);
                                      sosd_td_enable();
                                      sosd_enable(DONT_LOAD);
                                      clear_unalarm_area();
                                      if(LIGHT_EN)
                                      {
                                              LIGHT_EN = 0;
                                              IC_WritByte(TWIC_P1,0x63,0xf0);
                                      }
                                      #if MODULE_TOP_B40
                                      display_moudle_output_status(1,top_status[0],top_status[1]);
                                      display_moudle_input_status(top_status[2],top_status[3]);
                                      displayu16(43,7,top_para_A25,5,0,GREEN,FULLSPACE,FONT_SMALL);
                                      displayu16(43,9,top_para_A40,5,0,GREEN,FULLSPACE,FONT_SMALL);
                                      displayu16(43,11,top_para_A26,5,0,GREEN,FULLSPACE,FONT_SMALL);
                                      #endif
                                      #if MODULE_TOP_B50
                                      display_moudle_input_status(top_status[0],top_status[1]);
                                      for(i=0;i<7;i++)
                                      {
                                              if((i>3) && (i<6))
                                                      displayu16(43,6 + i,top_para[i],3,2,GREEN,FULLSPACE,FONT_SMALL);
                                              else
                                                      displayu16(43,6 + i,top_para[i],5,0,GREEN,FULLSPACE,FONT_SMALL);
                                      }
                                      #endif
              
                                      /* todo: Write Your Code Here */
              
C51 COMPILER V9.00   PAGE_TOP_MOUDLE                                                       12/13/2022 09:00:42 PAGE 2   

                              break;
              
                              case TW_EVENT_TYPE_QUIT_SYSTEM:
                                      dbg(2, (">>>>> QUIT Menu Page\n\r"));
              
                                      /* todo: Write Your Code Here */
              
                              break;
              
                              default:        /* put to nodify if no process this event */
                                      return TW_RETURN_NO_PROCESS;
              
              
                      }
                      return TW_RETURN_NONE;
              }
              #endif


MODULE INFORMATION:   STATIC OVERLAYABLE
   CODE SIZE        =   ----    ----
   CONSTANT SIZE    =   ----    ----
   XDATA SIZE       =   ----    ----
   PDATA SIZE       =   ----    ----
   DATA SIZE        =   ----    ----
   IDATA SIZE       =   ----    ----
   BIT SIZE         =   ----    ----
   EDATA SIZE       =   ----    ----
   HDATA SIZE       =   ----    ----
   XDATA CONST SIZE =   ----    ----
   FAR CONST SIZE   =   ----    ----
END OF MODULE INFORMATION.


C51 COMPILATION COMPLETE.  0 WARNING(S),  0 ERROR(S)
