C51 COMPILER V9.00   PAGE_MAIN_MENUS                                                       12/13/2022 09:00:41 PAGE 1   


C51 COMPILER V9.00, COMPILATION OF MODULE PAGE_MAIN_MENUS
OBJECT MODULE PLACED IN .\Object\page_main_menus.obj
COMPILER INVOKED BY: F:\นคื๗ศํผ\Keil\C51\BIN\C51.EXE Source\page_main_menus.c LARGE OMF2 BROWSE INCDIR(.\IncludeFile;..
                    -\tw_lib\sys;..\tw_lib\drivers;.\resource;.\i51) DEFINE(T123AI) DEBUG PRINT(.\List\page_main_menus.lst) OBJECT(.\Object\p
                    -age_main_menus.obj)

line level    source

   1          
   2          #include "sys.h"
   3          #include "tw_widget_sys.h"
   4          #include "res.h"
   5          #include "spiosd.h"
   6          #include "osd2api.h"
   7          
   8          #include "page_main_menus.h"
   9          #include "page_main_internal.h"
  10          #include "display.h"
  11          #include "mydrivers.h"
  12          #include "uart.h"
  13          #include "disp_config.h"
  14          
  15          extern unsigned char jishu;
  16          
  17          unsigned char page_main_menus_process (TW_EVENT* event)
  18          {
  19   1              switch(event->type)
  20   1              {
  21   2                      case TW_EVENT_TYPE_ENTER_SYSTEM:
  22   2                              dbg(2, (">>>>> Enter Menu Page\n\r"));
  23   2                              sosd_sp_disable();
  24   2                              if(CLEAR_PAGE)
  25   2                              {
  26   3                                      display_icon(page_main_internal_soc_7,iBLACK,19,2);
  27   3                                      display_icon(page_main_internal_soc_7,iBLACK,20,2);
  28   3                                      display_icon(page_main_internal_soc_7,iBLACK,22,2);
  29   3                                      display_icon(page_main_internal_soc_7,iBLACK,23,2);
  30   3                              }
  31   2                              if(!CLEAR_PAGE)
  32   2                                      clear_unmark_area();
  33   2                              tw_td_draw(&main_main_menus);
  34   2                              sosd_td_enable();
  35   2                              sosd_enable(DONT_LOAD);
  36   2                              if(LIGHT_EN)
  37   2                              {
  38   3                                      LIGHT_EN = 0;
  39   3                                      IC_WritByte(TWIC_P1,0x63,0xf0);
  40   3                              }
  41   2                              if(CLEAR_PAGE)
  42   2                              {
  43   3                                      clear_unmark_area();    
  44   3                                      CLEAR_PAGE = 0;
  45   3                              }
  46   2                              clear_mark_area();
  47   2                              if(menu < CURSOR_NUM)
  48   2                                      display_uncolor_icon(page_main_internal_arrows,CURSOR_R_X,CURSOR_R_Y - menu);
  49   2                              else
  50   2                                      display_uncolor_icon(page_main_internal_arrows,CURSOR_L_X,CURSOR_L_Y - menu);
  51   2                              jishu = 0;
  52   2      
  53   2                              /* todo: Write Your Code Here */
C51 COMPILER V9.00   PAGE_MAIN_MENUS                                                       12/13/2022 09:00:41 PAGE 2   

  54   2      
  55   2                      break;
  56   2      
  57   2                      case TW_EVENT_TYPE_QUIT_SYSTEM:
  58   2                              dbg(2, (">>>>> QUIT Menu Page\n\r"));
  59   2      
  60   2                              /* todo: Write Your Code Here */
  61   2      
  62   2                      break;
  63   2      
  64   2                      default:        /* put to nodify if no process this event */
  65   2                              return TW_RETURN_NO_PROCESS;
  66   2      
  67   2      
  68   2              }
  69   1              return TW_RETURN_NONE;
  70   1      }


MODULE INFORMATION:   STATIC OVERLAYABLE
   CODE SIZE        =    352    ----
   CONSTANT SIZE    =     79    ----
   XDATA SIZE       =   ----    ----
   PDATA SIZE       =   ----    ----
   DATA SIZE        =   ----    ----
   IDATA SIZE       =   ----    ----
   BIT SIZE         =   ----    ----
   EDATA SIZE       =   ----    ----
   HDATA SIZE       =   ----    ----
   XDATA CONST SIZE =   ----    ----
   FAR CONST SIZE   =   ----    ----
END OF MODULE INFORMATION.


C51 COMPILATION COMPLETE.  0 WARNING(S),  0 ERROR(S)
