C51 COMPILER V9.00   PAGE_ID_TD_4_PNG_STRUCT                                               08/05/2014 10:20:10 PAGE 1   


C51 COMPILER V9.00, COMPILATION OF MODULE PAGE_ID_TD_4_PNG_STRUCT
OBJECT MODULE PLACED IN .\Object\page_ID_TD_4_PNG_struct.obj
COMPILER INVOKED BY: C:\Keil\C51\BIN\C51.EXE SourceFile\page_ID_TD_4_PNG_struct.c LARGE OMF2 BROWSE INCDIR(.\IncludeFile
                    -;..\tw_lib\sys;..\tw_lib\drivers) DEFINE(T123AI) DEBUG PRINT(.\List\page_ID_TD_4_PNG_struct.lst) OBJECT(.\Object\page_ID
                    -_TD_4_PNG_struct.obj)

line level    source

   1          #include "sys.h"
   2          #include "tw_widget_sys.h"
   3          #include "res.h"
   4          #include "page_ID_TD_4_PNG.h"
   5          
   6          struct tw_td code td_4_png = {
   7              ID_TD_4_PNG, 0, 0, 800, 480
   8          };
   9          struct tw_spr code spr_player_png = {
  10              ID_SPR_PLAYER_PNG, 340, 60, 165, 46, 4
  11          };
  12          struct tw_menu code     osd2_5058_menu = {
  13              ID_OSD2_5058,
  14              ID_TILE_5087,
  15                  ID_LUT_5086,
  16                  ID_OREG_5088,
  17              0xffff,
  18              0,
  19              0,
  20              50,
  21              20,
  22              15303,
  23              16,
  24              24,
  25          };
  26          unsigned char code ID_ICON_1L5_PNG_ids[] = {
  27                  1, 1, 1, 1, 1, 1, 1, 1, 1, 1, 1, 1, 1, 1, 1, 1, 
  28                  1, 1, 1, 1, 1, 1, 1, 1, 1, 1, 1, 1, 1, 1, 1, 1, 
  29                  1, 1, 1, 1, 1, 1, 1, 1, 1, 1, 1, 1, 1, 1, 1, 1, 
  30                  1, 1, 1, 1, 1, 1, 1, 1, 1, 1, 1, 1, 1, 1, 1, 1, 
  31                  1, 1, 1, 1, 1, 1, 1, 1, 1, 1, 1, 1, 1, 1, 1, 1, 
  32                  1, 1, 1, 1, 1, 1, 1, 1, 1, 1, 1, 1, 1, 1, 1, 1, 
  33                  1, 1, 1, 1, 1, 1, 1, 1, 1, 1, 1, 1, 1, 1, 1, 1, 
  34                  1, 1, 1, 1, 1, 1, 1, 1, 1, 1, 1, 1, 1, 1, 1, 1, 
  35                  1, 1, 1, 1, 1, 1, 1, 1, 1, 1, 1, 1, 1, 1, 1, 1, 
  36                  1, 1, 1, 1, 1, 1, 1, 1, 1, 1, 1, 1, 1, 1, 1, 1, 
  37                  1, 1, 1, 1, 1, 1, 1, 1, 1, 1, 1, 1, 1, 1, 1, 1, 
  38                  1, 1, 1, 1, 1, 1, 1, 1, 1, 1, 1, 1, 1, 1, 1, 1, 
  39                  1, 1, 1, 1, 1, 1, 1, 1, 1, 1, 1, 1, 1, 1, 1, 1, 
  40                  1, 1, 1, 1, 1, 1, 1, 1, 1, 1, 1, 1, 1, 1, 1, 1, 
  41                  1, 1, 1, 1, 1, 1, 1, 1, 1, 1, 1, 1, 1, 1, 1, 1, 
  42                  1, 1, 1, 1, 1, 1, 1, 1, 1, 1, 1, 1, 1, 1, 1, 1, 
  43                  1, 1, 1, 1, 1, 1, 1, 1, 1, 1, 1, 1, 1, 1, 1, 1, 
  44                  1, 1, 1, 1, 1, 1, 1, 1, 1, 1, 1, 1, 1, 1, 1, 1, 
  45                  1, 1, 1, 1, 1, 1, 1, 1, 1, 1, 1, 1, 1, 1, 1, 1, 
  46                  1, 1, 1, 1, 1, 1, 1, 1, 1, 1, 1, 1, 1, 1, 1, 1, 
  47                  1, 1, 1, 1, 1, 1, 1, 1, 1, 1, 1, 1, 1, 1, 1, 1, 
  48                  1, 1, 1, 1, 1, 1, 1, 1, 1, 1, 1, 1, 1, 1, 1, 1, 
  49                  1, 1, 1, 1, 1, 1, 1, 1, 1, 1, 1, 1, 1, 1, 1, 1, 
  50                  1, 2, 3, 4, 5, 6, 1, 1, 1, 1, 1, 1, 1, 1, 1, 1, 
  51                  1, 1, 1, 1, 1, 1, 1, 1, 1, 1, 1, 1, 1, 1, 1, 1, 
  52                  1, 1, 1, 1, 1, 1, 1, 1, 1, 7, 8, 1, 1, 1, 1, 1, 
  53                  1, 1, 1, 1, 1, 1, 9, 10, 11, 12, 6, 1, 1, 1, 1, 1, 
C51 COMPILER V9.00   PAGE_ID_TD_4_PNG_STRUCT                                               08/05/2014 10:20:10 PAGE 2   

  54                  1, 1, 1, 1, 1, 1, 1, 1, 1, 1, 1, 1, 1, 1, 1, 1, 
  55                  1, 1, 1, 1, 1, 1, 1, 1, 1, 1, 1, 13, 14, 15, 1, 1, 
  56                  1, 1, 1, 1, 1, 1, 1, 1, 1, 1, 1, 16, 17, 18, 19, 1, 
  57                  1, 1, 1, 1, 1, 1, 1, 1, 1, 1, 1, 1, 1, 1, 1, 1, 
  58                  1, 1, 1, 1, 1, 1, 1, 1, 1, 1, 1, 1, 1, 1, 1, 20, 
  59                  21, 1, 1, 1, 1, 1, 1, 1, 1, 1, 1, 1, 1, 1, 1, 22, 
  60                  23, 24, 1, 1, 1, 1, 1, 1, 1, 1, 1, 1, 1, 1, 1, 1, 
  61                  1, 1, 1, 1, 1, 1, 1, 1, 1, 1, 1, 1, 1, 1, 1, 1, 
  62                  1, 1, 25, 26, 1, 1, 1, 1, 1, 1, 1, 1, 1, 1, 1, 1, 
  63                  1, 1, 1, 27, 28, 29, 1, 1, 1, 1, 1, 1, 1, 1, 1, 1, 
  64                  1, 1, 1, 1, 1, 1, 1, 1, 1, 1, 1, 1, 1, 1, 1, 1, 
  65                  1, 1, 1, 1, 1, 30, 31, 1, 1, 1, 1, 1, 1, 1, 1, 1, 
  66                  1, 1, 1, 1, 1, 1, 1, 32, 33, 1, 1, 1, 1, 1, 1, 1, 
  67                  1, 1, 1, 1, 1, 1, 1, 1, 1, 1, 1, 1, 1, 1, 1, 1, 
  68                  1, 1, 1, 1, 1, 1, 1, 34, 6, 1, 1, 1, 1, 1, 1, 1, 
  69                  1, 1, 1, 1, 1, 1, 1, 1, 1, 1, 35, 36, 6, 1, 1, 1, 
  70                  1, 1, 1, 1, 1, 1, 1, 1, 1, 1, 1, 1, 1, 1, 1, 1, 
  71                  1, 1, 1, 1, 1, 1, 1, 1, 1, 37, 38, 1, 1, 1, 1, 1, 
  72                  1, 1, 1, 1, 1, 1, 1, 1, 1, 1, 1, 1, 1, 39, 40, 41, 
  73                  1, 1, 1, 1, 1, 1, 1, 1, 1, 1, 1, 1, 1, 1, 1, 1, 
  74                  1, 1, 1, 1, 1, 1, 1, 1, 1, 1, 1, 42, 43, 1, 1, 1, 
  75                  1, 1, 1, 1, 1, 1, 1, 1, 1, 1, 1, 1, 1, 1, 1, 1, 
  76                  44, 45, 6, 1, 1, 1, 1, 1, 1, 1, 1, 1, 1, 1, 1, 1, 
  77                  1, 1, 1, 1, 1, 1, 1, 1, 1, 1, 1, 1, 1, 46, 1, 1, 
  78                  1, 1, 1, 1, 1, 1, 1, 1, 1, 1, 1, 1, 1, 1, 1, 1, 
  79                  1, 1, 1, 47, 48, 1, 1, 1, 1, 1, 1, 1, 1, 1, 1, 1, 
  80                  1, 1, 1, 1, 1, 1, 1, 1, 1, 1, 1, 1, 1, 1, 1, 49, 
  81                  1, 1, 1, 1, 1, 1, 1, 1, 1, 1, 1, 1, 1, 1, 1, 1, 
  82                  1, 1, 1, 1, 1, 1, 50, 51, 1, 1, 1, 1, 1, 1, 1, 1, 
  83                  1, 1, 1, 1, 1, 1, 1, 1, 1, 1, 1, 1, 1, 1, 1, 1, 
  84                  52, 53, 1, 1, 1, 1, 1, 1, 1, 1, 1, 1, 1, 1, 1, 1, 
  85                  1, 1, 1, 1, 1, 1, 1, 1, 1, 54, 55, 1, 1, 1, 1, 1, 
  86                  1, 1, 1, 1, 1, 1, 1, 1, 1, 1, 1, 1, 1, 1, 1, 1, 
  87                  1, 1, 56, 1, 1, 1, 1, 1, 1, 1, 1, 1, 1, 1, 1, 1, 
  88                  1, 1, 1, 1, 1, 1, 1, 1, 1, 1, 1, 1, 57, 1, 1, 1, 
  89                  1, 1, 1, 1, 1, 1, 1, 1, };
  90          struct tw_icons code ID_OSD2_5058_ID_ICON_1L5_PNG = {
  91                  19,
  92                  1,
  93                  0,
  94                  0,
  95                  50,
  96                  20,
  97                  ID_ICON_1L5_PNG_ids,
  98          };
  99          struct tw_icon code ID_OSD2_5058_ID_ICON_LED4_PNG = {
 100                  28,
 101                  0,
 102                  3,
 103                  1,
 104                  2,
 105                  2,
 106                  58,
 107          };


MODULE INFORMATION:   STATIC OVERLAYABLE
   CODE SIZE        =   ----    ----
   CONSTANT SIZE    =   1059    ----
   XDATA SIZE       =   ----    ----
   PDATA SIZE       =   ----    ----
   DATA SIZE        =   ----    ----
C51 COMPILER V9.00   PAGE_ID_TD_4_PNG_STRUCT                                               08/05/2014 10:20:10 PAGE 3   

   IDATA SIZE       =   ----    ----
   BIT SIZE         =   ----    ----
   EDATA SIZE       =   ----    ----
   HDATA SIZE       =   ----    ----
   XDATA CONST SIZE =   ----    ----
   FAR CONST SIZE   =   ----    ----
END OF MODULE INFORMATION.


C51 COMPILATION COMPLETE.  0 WARNING(S),  0 ERROR(S)
