C51 COMPILER V9.00   PANEL                                                                 12/13/2022 09:00:39 PAGE 1   


C51 COMPILER V9.00, COMPILATION OF MODULE PANEL
OBJECT MODULE PLACED IN .\Object\panel.obj
COMPILER INVOKED BY: F:\นคื๗ศํผ\Keil\C51\BIN\C51.EXE SourceFile\panel.c LARGE OMF2 BROWSE INCDIR(.\IncludeFile;..\tw_li
                    -b\sys;..\tw_lib\drivers;.\resource;.\i51) DEFINE(T123AI) DEBUG PRINT(.\List\panel.lst) OBJECT(.\Object\panel.obj)

line level    source

   1          /**
   2           *  @file   panel.c
   3           *  @brief  panel conifg and video setting regsters table
   4           *  $Id: panel.c,v 1.4 2012/12/26 06:05:34 tony Exp $
   5           *  $Author: tony $
   6           *  $Revision: 1.4 $
   7           *
   8           *  Copyright (c) 2011 Terawins Inc. All rights reserved.
   9           * 
  10           *  @date   2011/08/12  ken     New file.
  11           *
  12           */
  13          
  14          #include "sys.h"
  15          #include "panel.h"
  16          #include "iccontrol.h"
  17          #include "cq.h"
  18          
  19          /*
  20           * T123 Register Table Format (for WriteRegsTable with command queue)
  21           *
  22           *   need EOL (End of Line) at every register pages 
  23           *   need 4pages (Page0~Page3)
  24           *
  25           *   unsigned char code RegisterTable[]={
  26           *       ...
  27           *           0xFF, 0x00, // EOL, Page0
  28           *       ...
  29           *           0xFF, 0x00, // EOL, Page1
  30           *       ...
  31           *           0xFF, 0x00, // EOL, Page2
  32           *       ...
  33           *           0xFF, 0x00, // EOL, Page3
  34           *   };
  35           */
  36          
  37          /* HANSTER 7' DIGITAL */
  38          unsigned char code HANSTER_PANEL_INIT_TBL[]={
  39          0x16,0xf3,
  40          0xC2,0x12,      
  41          0xC1,0x00,
  42          0xC7,0x00,//0f,
  43          0xC8,0x4F,
  44          0xC9,0x02,
  45          0xCA,0x22,
  46          0xE0,0xD8,
  47          0xE1,0xF4,
  48          0xE3,0x90,
  49          0xFE,0x04,
  50          0x91,0x87,
  51          0x9D,0x10,
  52          0x9E,0xff,
  53          0x9F,0x6c,
  54          0xB0,0x80,
C51 COMPILER V9.00   PANEL                                                                 12/13/2022 09:00:39 PAGE 2   

  55          0xB1,0x00,
  56          0xB2,0x23,
  57          0xB3,0x00,
  58          0xB4,0x20,
  59          0xB5,0x03,
  60          0xB6,0xE0,
  61          0xB7,0x01,
  62          0xB8,0x50,//0x24,
  63          0xB9,0x05,//0x04,
  64          0xBA,0x2f,
  65          0xBB,0x02,
  66          0xBC,0x24,//0x20,
  67          0xBD,0x00,
  68          0xBE,0x04,
  69          0xBF,0x00,
  70          0xDC,0x20,
  71          0xDD,0x03,
  72          0xDE,0xE0,
  73          0xDF,0x01,
  74                  0xFF, 0x00, // EOL, Page0
  75          0xA2,0xFF,
  76          /* backlight */
  77          0x68,0x16,
  78          0x69,0x0D,
  79          0x6A,0x30,
  80          0x6B,0x05,
  81          0x6C,0x60,
  82          0x62,0x80,
  83          0x63,0x00,//0x14
  84          0x64,0x00,
  85          0x65,0x80,
  86          0x66,0x00,//0x70
  87          0x67,0x00,
  88                  0xFF, 0x00, // EOL, Page1
  89          0x0D,0x03,
  90          0x0E,0x3f,
  91          0x0F,0xcf,
  92          0x10,0x48,
  93          0x11,0x89,
  94          0x4B,0xB7,
  95          0x69,0x1b,
  96          0x6a,0x10,
  97          0x6c,0x02,
  98          0x80,0x15,
  99          0x81,0x03,
 100          0x88,0x33,
 101          0x89,0x47,
 102          0x8B,0x01,
 103          0x8C,0x3f,      
 104          0x3F,0x01,
 105          0x3F,0x00,
 106                  0xFF, 0x00, // EOL, Page2
 107          0x77,0x70,
 108          0x78,0x01,
 109          0x79,0x54,
 110                  0xFF, 0x00, // EOL, Page3
 111          
 112          };
 113          
 114          unsigned char code cvbs_init[]={
 115          /* page 0 */    
 116          0x0F,0x70,
C51 COMPILER V9.00   PANEL                                                                 12/13/2022 09:00:39 PAGE 3   

 117          0x10,0x18,
 118          0x16,0xF3,
 119          0x18,0x01,
 120          0x19,0x80,
 121          0x1A,0x08,
 122          0x31,0x04,
 123          //===joe===
 124          0x61,0x88,
 125          0x62,0x06,
 126          0x63,0x06,
 127          0x64,0x02,
 128          //========
 129          0x70,0x20,
 130          0x72,0xCC,
 131          0x73,0x1C,
 132          0x74,0x00,
 133          0x75,0x10,
 134          0x84,0xC7,
 135          0x85,0x01,
 136          0xC2,0x02,
 137          0x00,0x80,
 138          0x0d,0x38,
 139          0x0F,0x60,
 140          0xC4,0xA0,
 141                  0XFF,0X00,
 142                  /* page 1 */    
 143          0x10,0xF0,
 144          0x12,0x80,
 145          0x13,0x02,
 146          0x3A,0xE0,
 147          0x3b,0x22,      //Fpll 
 148          0x3C,0x05,
 149          0x3F,0x01,
 150                  0XFF,0X00,
 151                  /* page 2 */
 152           //======
 153          0x12,0x06,
 154          0x14,0x64,
 155          //=======
 156          0x30,0x00,
 157          0x31,0x00,
 158          0x3e,0x04,
 159          0x40,0x03,
 160          0x3F,0x01,
 161          0x3F,0x00,
 162                  0XFF,0X00,
 163                  /* page 3 */    
 164          0x7c,0x80,
 165          0x7d,0x11,
 166          0x7e,0x84,
 167          0x7f,0xe0,
 168                  0XFF,0X00,
 169                  /* page 4 */    
 170                  0XFF,0X00,
 171          };
 172          unsigned char code auto_ntsc[]={
 173          /* page 0 */    
 174          0xC2,0x02,
 175          0xc8,0x44,
 176          0xc9,0x03,
 177          0xca,0x21,
 178                  0XFF,0X00,
C51 COMPILER V9.00   PANEL                                                                 12/13/2022 09:00:39 PAGE 4   

 179          /* page 1 */
 180                  0XFF,0X00,
 181          /* page 2 */
 182          0x01,0x09,
 183          0x02,0x4B,
 184          0x03,0x4a,
 185          0x04,0xdc,
 186          0x07,0xAe,
 187          0x08,0x50,
 188          0x09,0x18,
 189          0x0A,0x70,
 190          0x2e,0x00,
 191          0x2f,0x4e,
 192                  0XFF,0X00,
 193          /* page 3 */
 194                  0XFF,0X00,
 195          /* page 4 */   
 196                  0XFF,0X00,
 197          };
 198          
 199          unsigned char code auto_pal[]={
 200          /* page 0 */
 201          0xC2,0x02,
 202          0xC8,0x4F,
 203          0xC9,0x02,
 204          0xCA,0x22,
 205                  0XFF,0X00,
 206          /* page 1 */    
 207                  0XFF,0X00,
 208          /* page 2 */    
 209          0x01,0x08,
 210          0x02,0x4B,
 211          0x03,0x4a,
 212          0x04,0xdc,
 213          0x07,0xAe,
 214          0x08,0x70,
 215          0x09,0x20,
 216          0x0A,0x70,
 217          0x2e,0x00,
 218          0x2F,0x50,
 219                  0XFF,0X00,
 220          /* page 3 */    
 221                  0XFF,0X00,
 222          /* page 4 */    
 223                  0XFF,0X00,
 224          };
 225          
 226          unsigned char code auto_secam[]={
 227          /* page 0 */    
 228          0xC2,0x02,
 229          0xC8,0x4F,
 230          0xC9,0x02,
 231          0xCA,0x22,
 232                  0XFF,0X00,
 233          /* page 1 */    
 234                  0XFF,0X00,
 235          /* page 2 */    
 236          0x01,0x08,
 237          0x02,0x4B,
 238          0x03,0x4a,
 239          0x04,0xdc,
 240          0x07,0xAe,
C51 COMPILER V9.00   PANEL                                                                 12/13/2022 09:00:39 PAGE 5   

 241          0x08,0x70,
 242          0x09,0x20,
 243          0x0A,0x70,
 244          0x2e,0x00,
 245          0x2F,0x50,
 246                  0XFF,0X00,
 247          /* page 3 */    
 248                  
 249                  0XFF,0X00,
 250          /* page 4 */    
 251                  0XFF,0X00,
 252          };
 253          
 254          unsigned char code auto_palm[]={
 255          /* page 0 */    
 256          0xC2,0x02,
 257          0xc8,0x44,
 258          0xc9,0x03,
 259          0xca,0x21,
 260                  0XFF,0X00,
 261          /* page 1 */    
 262                  0XFF,0X00,
 263          /* page 2 */    
 264          0x01,0x09,
 265          0x02,0x4B,
 266          0x03,0x4a,
 267          0x04,0xdc,
 268          0x07,0xAe,
 269          0x08,0x50,
 270          0x09,0x18,
 271          0x0A,0x70,
 272          0x2e,0x00,
 273          0x2f,0x4e,
 274                  0XFF,0X00,
 275          /* page 3 */    
 276                  
 277                  0XFF,0X00,
 278          /* page 4 */    
 279                  0XFF,0X00,
 280          };
 281          
 282          unsigned char code auto_paln[]={                
 283          /* page 0 */    
 284          0xC2,0x02,
 285          0xC8,0x4F,
 286          0xC9,0x02,
 287          0xCA,0x22,
 288                  0XFF,0X00,
 289          /* page 1 */    
 290                  0XFF,0X00,
 291          /* page 2 */    
 292          0x01,0x08,
 293          0x02,0x4B,
 294          0x03,0x4a,
 295          0x04,0xdc,
 296          0x07,0xAe,
 297          0x08,0x70,
 298          0x09,0x20,
 299          0x0A,0x70,
 300          0x2e,0x00,
 301          0x2F,0x50,
 302                  0XFF,0X00,
C51 COMPILER V9.00   PANEL                                                                 12/13/2022 09:00:39 PAGE 6   

 303          /* page 3 */    
 304                  
 305                  0XFF,0X00,
 306          /* page 4 */    
 307                  0XFF,0X00,
 308          };
 309          
 310          unsigned char code auto_ntsc4[]={
 311          /* page 0 */
 312          0xC2,0x02,
 313          0xc8,0x44,
 314          0xc9,0x03,
 315          0xca,0x21,      
 316                  0XFF,0X00,
 317          /* page 1 */    
 318                  0XFF,0X00,
 319          /* page 2 */    
 320          0x01,0x09,
 321          0x02,0x4B,
 322          0x03,0x4a,
 323          0x04,0xdc,
 324          0x07,0xAe,
 325          0x08,0x50,
 326          0x09,0x18,
 327          0x0A,0x70,
 328          0x2e,0x00,
 329          0x2f,0x4e,
 330                  0XFF,0X00,
 331          /* page 3 */    
 332                  
 333                  0XFF,0X00,
 334          /* page 4 */    
 335                  0XFF,0X00,
 336          }; 
 337          
 338          unsigned char code ntsc_timing[]={
 339          /* page 0 */    
 340          0x70,0x20,
 341          0x72,0xCC,
 342          0x73,0x1B,
 343          0x74,0x00,
 344          0x75,0x0f,
 345          0x84,0xC7,
 346          0x85,0x13,
 347          0xB0,0x80,
 348          0xB2,0x23,//21
 349          0xB8,0x7D, //7d
 350          0xB9,0x05, //5
 351          0xBA,0xA0,
 352          0xBB,0x02,
 353          0xBC,0x24,//20
 354          0xBE,0x04,
 355          0x91,0x07,
 356          0xC2,0x02,
 357                  0XFF,0X00,
 358          /* page 1 */
 359                  0XFF,0X00,
 360          /* page 2 */
 361                  0XFF,0X00,
 362          /* page 3 */
 363                  0XFF,0X00,
 364          /* page 4 */
C51 COMPILER V9.00   PANEL                                                                 12/13/2022 09:00:39 PAGE 7   

 365                  0XFF,0X00,
 366          };
 367          
 368          unsigned char code pal_timing[]={
 369          /* page 0 */    
 370          0x70,0x20,
 371          0x72,0xCC,
 372          0x73,0x1B,
 373          0x74,0x00,
 374          0x75,0x13,
 375          0x84,0xC7,
 376          0x85,0x13,//0x1d
 377          0xB0,0x80,
 378          0xB1,0x00,
 379          0xB2,0x23,//0x21
 380          0xB3,0x00,
 381          0xB4,0x20,
 382          0xB5,0x03,
 383          0xB6,0xE0,
 384          0xB7,0x01,
 385          0xB8,0x11,
 386          0xB9,0x05,
 387          0xBA,0x60,
 388          0xBB,0x02,
 389          0xBC,0x24,//0x20
 390          0xBD,0x00,
 391          0xBE,0x04,
 392          0xBF,0x00,
 393          0xDC,0x20,
 394          0xDD,0x03,
 395          0xDE,0xE0,
 396          0xDF,0x01,
 397          0x91,0x07,
 398          0xC2,0x02,
 399                  0XFF,0X00,
 400          /* page 1 */
 401                  0XFF,0X00,
 402          /* page 2 */
 403                  0XFF,0X00,
 404          /* page 3 */
 405                  0XFF,0X00,
 406          /* page 4 */
 407                  0XFF,0X00,
 408          };
 409          
 410          unsigned char code secam_timing[]={
 411          /* page 0 */    
 412          0x70,0x20,
 413          0x72,0xCC,
 414          0x73,0x1B,
 415          0x74,0x00,
 416          0x75,0x13,
 417          0x84,0xC7,
 418          0x85,0x01,
 419          0xB0,0x80,
 420          0xB1,0x00,
 421          0xB2,0x22,
 422          0xB3,0x00,
 423          0xB4,0x20,
 424          0xB5,0x03,
 425          0xB6,0xE0,
 426          0xB7,0x01,
C51 COMPILER V9.00   PANEL                                                                 12/13/2022 09:00:39 PAGE 8   

 427          0xB8,0x11,
 428          0xB9,0x05,
 429          0xBA,0x60,
 430          0xBB,0x02,
 431          0xBC,0x20,
 432          0xBD,0x00,
 433          0xBE,0x04,
 434          0xBF,0x00,
 435          0xDC,0x20,
 436          0xDD,0x03,
 437          0xDE,0xE0,
 438          0xDF,0x01,
 439          0x91,0x07,
 440          0xC2,0x02,
 441                  0XFF,0X00,
 442          /* page 1 */    
 443          
 444                  0XFF,0X00,
 445          /* page 2 */    
 446          
 447                  0XFF,0X00,
 448          /* page 3 */    
 449                  
 450                  0XFF,0X00,
 451          /* page 4 */    
 452                  0XFF,0X00,      
 453          };
 454          
 455          unsigned char code palm_timing[]={
 456          /* page 0 */    
 457          0x70,0x20,
 458          0x72,0xCC,
 459          0x73,0x1B,
 460          0x74,0x00,
 461          0x75,0x0f,
 462          0x84,0xC7,
 463          0x85,0x13,
 464          0xB0,0x80,
 465          0xB2,0x20,
 466          0xB8,0x7D, 
 467          0xB9,0x05,
 468          0xBA,0x60,
 469          0xBB,0x02,
 470          0xBC,0x20,
 471          0xBE,0x04,
 472          0x91,0x07,
 473          0xC2,0x02,
 474                  0XFF,0X00,
 475          /* page 1 */    
 476          
 477                  0XFF,0X00,
 478          /* page 2 */    
 479          
 480                  0XFF,0X00,
 481          /* page 3 */    
 482                  
 483                  0XFF,0X00,
 484          /* page 4 */    
 485                  0XFF,0X00,      
 486          };
 487          
 488          unsigned char code paln_timing[]={
C51 COMPILER V9.00   PANEL                                                                 12/13/2022 09:00:39 PAGE 9   

 489          /* page 0 */    
 490          0x70,0x20,
 491          0x72,0xCC,
 492          0x73,0x1B,
 493          0x74,0x00,
 494          0x75,0x13,
 495          0x84,0xC7,
 496          0x85,0x01,
 497          0xB0,0x80,
 498          0xB1,0x00,
 499          0xB2,0x29,
 500          0xB3,0x00,
 501          0xB4,0x20,
 502          0xB5,0x03,
 503          0xB6,0xE0,
 504          0xB7,0x01,
 505          0xB8,0x11,
 506          0xB9,0x05,
 507          0xBA,0x60,
 508          0xBB,0x02,
 509          0xBC,0x20,
 510          0xBD,0x00,
 511          0xBE,0x04,
 512          0xBF,0x00,
 513          0xDC,0x20,
 514          0xDD,0x03,
 515          0xDE,0xE0,
 516          0xDF,0x01,
 517          0x91,0x07,
 518          0xC2,0x02,
 519                  0XFF,0X00,
 520          /* page 1 */    
 521          
 522                  0XFF,0X00,
 523          /* page 2 */    
 524          
 525                  0XFF,0X00,
 526          /* page 3 */    
 527                  
 528                  0XFF,0X00,
 529          /* page 4 */    
 530                  0XFF,0X00,      
 531          };
 532          
 533          unsigned char code ntsc4_timing[]={
 534          /* page 0 */    
 535          0x70,0x20,
 536          0x72,0xCC,
 537          0x73,0x1B,
 538          0x74,0x00,
 539          0x75,0x0f,
 540          0x84,0xC7,
 541          0x85,0x17,
 542          0xB0,0x80,
 543          0xB2,0x21,
 544          0xB8,0x7D, 
 545          0xB9,0x05,
 546          0xBA,0x60,
 547          0xBB,0x02,
 548          0xBC,0x20,
 549          0xBE,0x04,
 550          0x91,0x07,
C51 COMPILER V9.00   PANEL                                                                 12/13/2022 09:00:39 PAGE 10  

 551          0xC2,0x02,
 552                  0XFF,0X00,
 553          /* page 1 */    
 554          
 555                  0XFF,0X00,
 556          /* page 2 */    
 557          
 558                  0XFF,0X00,
 559          /* page 3 */    
 560                  
 561                  0XFF,0X00,
 562          /* page 4 */    
 563                  0XFF,0X00,      
 564          };
 565          unsigned char code yuv_init[]={
 566          /* page 0 */    
 567          0x00,0x60,
 568          0x01,0x60,
 569          0x02,0x60,
 570          0x04,0x2F,
 571          0x0A,0x80,
 572          0x0B,0x80,
 573          0x0C,0x80,
 574          0x0D,0x20,
 575          0x0F,0xF0,
 576          0x10,0x09,
 577          0x11,0x1d,
 578          0x13,0x2A,
 579          0x14,0xDE,
 580          0x18,0x16,
 581          0x19,0x34,
 582          0x1a,0x80,
 583          0x20,0x80,
 584          0x40,0xC2,
 585          0x4f,0x00,
 586          0x30,0x00,
 587          0x31,0x08,
 588          0xC2,0x02,
 589          0xC4,0xa0,
 590          0xC8,0x4F,
 591          0xC9,0x02,
 592          0xCA,0x22,
 593                  0XFF,0X00,
 594          /* page 1 */    
 595          0x00,0x0E,
 596          0x3A,0xe0,
 597          0x3b,0x22,
 598                  0XFF,0X00,
 599          /* page 2 */    
 600          
 601                  0XFF,0X00,
 602          /* page 3 */    
 603                  
 604                  0XFF,0X00,
 605          /* page 4 */    
 606                  0XFF,0X00,      
 607          };
 608          unsigned char code yuv_480i[]={
 609          /* page 0 */
 610          0x01,0x67,
 611          0x02,0x67,
 612          0x04,0x2F,
C51 COMPILER V9.00   PANEL                                                                 12/13/2022 09:00:39 PAGE 11  

 613          0x0B,0x80,      
 614          0x10,0x09,
 615          0x11,0x1D,
 616          0x14,0xDE,
 617          0x15,0xA0,
 618          0x16,0xA6,
 619          0x17,0x28,
 620          0x40,0xC2,
 621          0x45,0x10,
 622          0x46,0x05,
 623          0x48,0xA0,
 624          0x49,0x05,
 625          0x4a,0xF0,
 626          0x4b,0x00,
 627          0x4c,0xDE,
 628          0x4d,0x00,
 629          0x4e,0x11,
 630          0x4f,0x00,
 631          0x61,0x88,
 632          0x62,0x06,
 633          0x63,0x06,
 634          0x64,0x01,
 635          0x69,0x80,
 636          0xC8,0x64,
 637                  0XFF,0X00,
 638          /* page 1 */    
 639          
 640                  0XFF,0X00,
 641          /* page 2 */    
 642          
 643                  0XFF,0X00,
 644          /* page 3 */    
 645                  
 646                  0XFF,0X00,
 647          /* page 4 */    
 648                  0XFF,0X00,      
 649          };
 650          unsigned char code yuv_480i_timing[]={
 651          /* page 0 */    
 652          0x70,0x20,
 653          0x72,0x00,
 654          0x73,0x38,
 655          0x74,0x22,
 656          0x75,0x0F,
 657          0x78,0x00,
 658          0x84,0xC7,
 659          0x85,0x33,
 660          0xB2,0x21,
 661          0xB8,0x0f,
 662          0xB9,0x05,
 663          0xBA,0x66,
 664          0xBB,0x02,
 665          0xBC,0x20,
 666          0xBE,0x04,
 667                  0XFF,0X00,
 668          /* page 1 */    
 669          0x3B,0x44,
 670                  0XFF,0X00,
 671          /* page 2 */    
 672          
 673                  0XFF,0X00,
 674          /* page 3 */    
C51 COMPILER V9.00   PANEL                                                                 12/13/2022 09:00:39 PAGE 12  

 675                  
 676                  0XFF,0X00,
 677          /* page 4 */    
 678                  0XFF,0X00,      
 679          };
 680          unsigned char code yuv_480p[]={
 681          /* page 0 */
 682          0x01,0x67,
 683          0x02,0x67,
 684          0x04,0x2F,
 685          0x0B,0x80,      
 686          0x10,0x09,
 687          0x11,0x1D,
 688          0x14,0xDE,
 689          0x15,0x5A,
 690          0x16,0xA3,
 691          0x17,0x28,
 692          0x40,0xC2,
 693          0x45,0x12,
 694          0x46,0x01,
 695          0x48,0xD0,
 696          0x49,0x02,
 697          0x4a,0xE0,
 698          0x4b,0x01,
 699          0x4c,0x66,
 700          0x4d,0x00,
 701          0x4e,0x26,
 702          0x4f,0x00,
 703          0x61,0x88,
 704          0x62,0x06,
 705          0x63,0x06,
 706          0x64,0x01,
 707          0x69,0x80,
 708          0xC8,0x61,
 709                  0XFF,0X00,
 710          /* page 1 */    
 711          
 712                  0XFF,0X00,
 713          /* page 2 */    
 714          
 715                  0XFF,0X00,
 716          /* page 3 */    
 717                  
 718                  0XFF,0X00,
 719          /* page 4 */    
 720                  0XFF,0X00,      
 721          };
 722          unsigned char code yuv_480p_timing[]={
 723          /* page 0 */    
 724          0x70,0x20,
 725          0x72,0xB1,
 726          0x73,0x1C,
 727          0x74,0x00,
 728          0x75,0x1F,
 729          0x78,0x00,
 730          0x84,0xC7,
 731          0x85,0x14,
 732          0xB2,0x20,
 733          0xB8,0x09,
 734          0xB9,0x05,
 735          0xBA,0x66,
 736          0xBB,0x02,
C51 COMPILER V9.00   PANEL                                                                 12/13/2022 09:00:39 PAGE 13  

 737          0xBC,0x20,
 738          0xBE,0x04,
 739                  0XFF,0X00,
 740          /* page 1 */    
 741          0x3B,0x44,
 742                  0XFF,0X00,
 743          /* page 2 */    
 744          
 745                  0XFF,0X00,
 746          /* page 3 */    
 747                  
 748                  0XFF,0X00,
 749          /* page 4 */    
 750                  0XFF,0X00,      
 751          };
 752          unsigned char code yuv_576i[]={
 753          /* page 0 */
 754          0x01,0x67,
 755          0x02,0x67,
 756          0x04,0x2F,
 757          0x0B,0x80,              
 758          0x10,0x09,
 759          0x11,0x1D,
 760          0x14,0xDE,
 761          0x15,0xC0,
 762          0x16,0xA6,
 763          0x17,0x28,
 764          0x40,0xC2,
 765          0x45,0x10,
 766          0x46,0x05,
 767          0x48,0xA0,
 768          0x49,0x05,
 769          0x4a,0x20,
 770          0x4b,0x01,
 771          0x4c,0x00,
 772          0x4d,0x01,
 773          0x4e,0x13,
 774          0x4f,0x00,
 775          0x61,0x88,
 776          0x62,0x06,
 777          0x63,0x06,
 778          0x64,0x01,
 779          0x69,0x80,
 780          0xC8,0x4f,
 781                  0XFF,0X00,
 782          /* page 1 */    
 783          
 784                  0XFF,0X00,
 785          /* page 2 */    
 786          
 787                  0XFF,0X00,
 788          /* page 3 */    
 789                  
 790                  0XFF,0X00,
 791          /* page 4 */    
 792                  0XFF,0X00,      
 793          };
 794          unsigned char code yuv_576i_timing[]={
 795          /* page 0 */    
 796          0x70,0x20,
 797          0x72,0x00,
 798          0x73,0x38,
C51 COMPILER V9.00   PANEL                                                                 12/13/2022 09:00:39 PAGE 14  

 799          0x74,0x00,
 800          0x75,0x13,
 801          0x78,0x00,
 802          0x84,0xC7,
 803          0x85,0x1e,
 804          0xB2,0x21,
 805          0xB8,0x14,
 806          0xB9,0x05,
 807          0xBA,0x66,
 808          0xBB,0x02,
 809          0xBC,0x20,
 810          0xBE,0x04,
 811                  0XFF,0X00,
 812          /* page 1 */    
 813          0x3B,0x44,
 814                  0XFF,0X00,
 815          /* page 2 */    
 816          
 817                  0XFF,0X00,
 818          /* page 3 */    
 819                  
 820                  0XFF,0X00,
 821          /* page 4 */    
 822                  0XFF,0X00,      
 823          };
 824          unsigned char code yuv_576p[]={
 825          /* page 0 */
 826          0x01,0x67,
 827          0x02,0x67,
 828          0x04,0x2F,
 829          0x0B,0x80,      
 830          0x10,0x09,
 831          0x11,0x1D,
 832          0x14,0xDE,
 833          0x15,0x60,
 834          0x16,0xA3,
 835          0x17,0x28,
 836          0x40,0xC2,
 837          0x45,0x12,
 838          0x46,0x05,
 839          0x48,0xD0,
 840          0x49,0x02,
 841          0x4a,0x40,
 842          0x4b,0x02,
 843          0x4c,0x6D,
 844          0x4d,0x00,
 845          0x4e,0x2D,
 846          0x4f,0x00,
 847          0x61,0x88,
 848          0x62,0x06,
 849          0x63,0x06,
 850          0x64,0x01,
 851          0x69,0x80,
 852          0xC8,0x4f,
 853                  0XFF,0X00,
 854          /* page 1 */    
 855          
 856                  0XFF,0X00,
 857          /* page 2 */    
 858          
 859                  0XFF,0X00,
 860          /* page 3 */    
C51 COMPILER V9.00   PANEL                                                                 12/13/2022 09:00:39 PAGE 15  

 861                  
 862                  0XFF,0X00,
 863          /* page 4 */    
 864                  0XFF,0X00,      
 865          };
 866          unsigned char code yuv_576p_timing[]={
 867          /* page 0 */    
 868          0x70,0x20,
 869          0x72,0xA0,
 870          0x73,0x1C,
 871          0x74,0x10,
 872          0x75,0x26,
 873          0x78,0x00,
 874          0x84,0xC7,
 875          0x85,0x37,
 876          0xB2,0x1A,
 877          0xB8,0x17,
 878          0xB9,0x05,
 879          0xBA,0x66,
 880          0xBB,0x02,
 881          0xBC,0x20,
 882          0xBE,0x04,
 883                  0XFF,0X00,
 884          /* page 1 */    
 885          0x3B,0x44,
 886                  0XFF,0X00,
 887          /* page 2 */    
 888          
 889                  0XFF,0X00,
 890          /* page 3 */    
 891                  
 892                  0XFF,0X00,
 893          /* page 4 */    
 894                  0XFF,0X00,      
 895          };
 896          unsigned char code yuv_720p_50[]={
 897          /* page 0 */
 898          0x01,0x67,
 899          0x02,0x67,
 900          0x04,0x2F,
 901          0x0B,0xa0,      
 902          0x10,0x09,
 903          0x11,0x1F,
 904          0x14,0xDE,
 905          0x15,0xB5,
 906          0x16,0xE7,
 907          0x17,0x80,
 908          0x40,0xC2,
 909          0x45,0x12,
 910          0x46,0x05,
 911          0x48,0x00,
 912          0x49,0x05,
 913          0x4a,0xD0,
 914          0x4b,0x02,
 915          0x4c,0x12,
 916          0x4d,0x01,
 917          0x4e,0x19,
 918          0x4f,0x00,
 919          0x61,0x88,
 920          0x62,0x0A,
 921          0x63,0x06,
 922          0x64,0x01,
C51 COMPILER V9.00   PANEL                                                                 12/13/2022 09:00:39 PAGE 16  

 923          0x69,0x80,
 924                  0XFF,0X00,
 925          /* page 1 */    
 926          
 927                  0XFF,0X00,
 928          /* page 2 */    
 929          
 930                  0XFF,0X00,
 931          /* page 3 */    
 932                  
 933                  0XFF,0X00,
 934          /* page 4 */    
 935                  0XFF,0X00,      
 936          };
 937          unsigned char code yuv_720p_50_timing[]={
 938          /* page 0 */
 939          0x70,0x30,
 940          0x72,0x33,
 941          0x73,0x33,
 942          0x74,0x33,
 943          0x75,0x2F,
 944          0x78,0x00,
 945          0x84,0xC7,
 946          0x85,0x00,
 947          0xB2,0x12,
 948          0xB8,0x40,
 949          0xB9,0x05,
 950          0xBA,0x66,
 951          0xBB,0x02,
 952          0xBC,0x20,
 953          0xBE,0x04,
 954                  0XFF,0X00,
 955          /* page 1 */    
 956          0x3B,0x44,
 957                  0XFF,0X00,
 958          /* page 2 */    
 959          
 960                  0XFF,0X00,
 961          /* page 3 */    
 962                  
 963                  0XFF,0X00,
 964          /* page 4 */    
 965                  0XFF,0X00,      
 966          };
 967          unsigned char code yuv_720p_60[]={
 968          /* page 0 */
 969          0x01,0x60,
 970          0x02,0x60,
 971          0x04,0x2F,
 972          0x0B,0xa0,      
 973          0x10,0x09,
 974          0x11,0x1F,
 975          0x14,0xDE,
 976          0x15,0x72,
 977          0x16,0xE6,
 978          0x17,0x80,
 979          0x40,0xC2,
 980          0x45,0x12,
 981          0x46,0x05,
 982          0x48,0x00,
 983          0x49,0x05,
 984          0x4a,0xD0,
C51 COMPILER V9.00   PANEL                                                                 12/13/2022 09:00:39 PAGE 17  

 985          0x4b,0x02,
 986          0x4c,0x13,
 987          0x4d,0x01,
 988          0x4e,0x17,
 989          0x4f,0x00,
 990          0x61,0x88,
 991          0x62,0x0A,
 992          0x63,0x06,
 993          0x64,0x01,
 994          0x69,0x80,
 995                  0XFF,0X00,
 996          /* page 1 */    
 997          
 998                  0XFF,0X00,
 999          /* page 2 */    
1000          
1001                  0XFF,0X00,
1002          /* page 3 */    
1003                  
1004                  0XFF,0X00,
1005          /* page 4 */    
1006                  0XFF,0X00,      
1007          };
1008          unsigned char code yuv_720p_60_timing[]={
1009          /* page 0 */    
1010          0x70,0x30,
1011          0x72,0x33,
1012          0x73,0x33,
1013          0x74,0xd4,
1014          0x75,0x2F,
1015          0x78,0x00,
1016          0x84,0xC7,
1017          0x85,0x08,
1018          0xB2,0x0D,
1019          0xB8,0x72,
1020          0xB9,0x04,
1021          0xBA,0x66,
1022          0xBB,0x02,
1023          0xBC,0x20,
1024          0xBE,0x04,
1025                  0XFF,0X00,
1026          /* page 1 */    
1027          0x3B,0x44,
1028                  0XFF,0X00,
1029          /* page 2 */    
1030          
1031                  0XFF,0X00,
1032          /* page 3 */    
1033                  
1034                  0XFF,0X00,
1035          /* page 4 */    
1036                  0XFF,0X00,      
1037          };
1038          unsigned char code yuv_1080i_50[]={
1039          /* page 0 */
1040          0x01,0x60,
1041          0x02,0x60,
1042          0x04,0x2F,
1043          0x0B,0xa0,      
1044          0x10,0x09,
1045          0x11,0x1F,
1046          0x14,0xDE,
C51 COMPILER V9.00   PANEL                                                                 12/13/2022 09:00:39 PAGE 18  

1047          0x15,0x30,
1048          0x16,0xEA,
1049          0x17,0x80,
1050          0x40,0xC2,
1051          0x45,0x10,
1052          0x46,0x05,
1053          0x48,0x80,
1054          0x49,0x07,
1055          0x4a,0x1C,
1056          0x4b,0x02,
1057          0x4c,0xD8,
1058          0x4d,0x00,
1059          0x4e,0x14,
1060          0x4f,0x00,
1061          0x61,0x88,
1062          0x62,0x0A,
1063          0x63,0x06,
1064          0x64,0x01,
1065          0x69,0x80,
1066                  0XFF,0X00,
1067          /* page 1 */    
1068          
1069                  0XFF,0X00,
1070          /* page 2 */    
1071          
1072                  0XFF,0X00,
1073          /* page 3 */    
1074                  
1075                  0XFF,0X00,
1076          /* page 4 */    
1077                  0XFF,0X00,      
1078          };
1079          unsigned char code yuv_1080i_50_timing[]={
1080          /* page 0 */    
1081          0x70,0x30,
1082          0x72,0x80,
1083          0x73,0x4B,
1084          0x74,0x16,
1085          0x75,0x23,
1086          0x78,0x00,
1087          0x84,0xC7,
1088          0x85,0x1f,
1089          0xB2,0x0D,
1090          0xB8,0x35,
1091          0xB9,0x05,
1092          0xBA,0x66,
1093          0xBB,0x02,
1094          0xBC,0x20,
1095          0xBD,0x00,
1096          0xBE,0x04,
1097          0xBF,0x00,
1098                  0XFF,0X00,
1099          /* page 1 */    
1100          0x3B,0x44,
1101                  0XFF,0X00,
1102          /* page 2 */    
1103          
1104                  0XFF,0X00,
1105          /* page 3 */    
1106                  
1107                  0XFF,0X00,
1108          /* page 4 */    
C51 COMPILER V9.00   PANEL                                                                 12/13/2022 09:00:39 PAGE 19  

1109                  0XFF,0X00,      
1110          };
1111          unsigned char code yuv_1080i_60[]={
1112          /* page 0 */
1113          0x01,0x60,
1114          0x02,0x60,
1115          0x04,0x2F,
1116          0x0B,0xa0,      
1117          0x10,0x09,
1118          0x11,0x1F,
1119          0x14,0xDE,
1120          0x15,0x98,
1121          0x16,0xE8,
1122          0x17,0x60,
1123          0x40,0xC2,
1124          0x45,0x10,
1125          0x46,0x05,
1126          0x48,0x80,
1127          0x49,0x07,
1128          0x4a,0x1C,
1129          0x4b,0x02,
1130          0x4c,0xD4,
1131          0x4d,0x00,
1132          0x4e,0x12,
1133          0x4f,0x00,
1134          0x61,0x88,
1135          0x62,0x0A,
1136          0x63,0x06,
1137          0x64,0x01,
1138          0x69,0x80,
1139                  0XFF,0X00,
1140          /* page 1 */    
1141          
1142                  0XFF,0X00,
1143          /* page 2 */    
1144          
1145                  0XFF,0X00,
1146          /* page 3 */    
1147                  
1148                  0XFF,0X00,
1149          /* page 4 */    
1150                  0XFF,0X00,      
1151          };
1152          unsigned char code yuv_1080i_60_timing[]={
1153          /* page 0 */    
1154          0x70,0x30,
1155          0x72,0xCC,
1156          0x73,0x4C,
1157          0x74,0x09,
1158          0x75,0x23,
1159          0x78,0x00,
1160          0x84,0xC7,
1161          0x85,0x06,
1162          0xB2,0x11,
1163          0xB8,0x55,
1164          0xB9,0x04,
1165          0xBA,0x66,
1166          0xBB,0x02,
1167          0xBC,0x20,
1168          0xBE,0x04,
1169                  0XFF,0X00,
1170          /* page 1 */    
C51 COMPILER V9.00   PANEL                                                                 12/13/2022 09:00:39 PAGE 20  

1171          0x3B,0x44,
1172                  0XFF,0X00,
1173          /* page 2 */    
1174          
1175                  0XFF,0X00,
1176          /* page 3 */    
1177                  
1178                  0XFF,0X00,
1179          /* page 4 */    
1180                  0XFF,0X00,      
1181          };
1182          unsigned char code vga_init[]={
1183          /* page 0 */    
1184          0x00,0xE0,
1185          0x01,0x6f,
1186          0x02,0x6f,
1187          0x04,0x2F,
1188          0x0A,0x80,
1189          0x0B,0x80,
1190          0x0C,0x80,
1191          0x0D,0x20,
1192          0x0F,0x70,
1193          0x10,0x0D,
1194          0x11,0x00,
1195          0x13,0x2A,
1196          0x14,0xf0,
1197          0x18,0x00,
1198          0x19,0x24,
1199          0x1a,0x87,
1200          0x20,0x20,
1201          0x40,0xC2,
1202          0x4f,0x00,
1203          0x30,0x00,
1204          0x31,0x08,
1205          0xC2,0x02,
1206          0xC4,0xa0,
1207          0xC8,0x26,
1208          0xC9,0x02,
1209          0xCA,0x22,
1210          0xE0,0xC8,
1211                  0XFF,0X00,
1212          /* page 1 */    
1213          0x00,0x0E,
1214          0x3A,0xA0,
1215          0x3b,0x22,
1216                  0XFF,0X00,
1217          /* page 2 */    
1218          
1219                  0XFF,0X00,
1220          /* page 3 */    
1221                  
1222                  0XFF,0X00,
1223          /* page 4 */    
1224                  0XFF,0X00,      
1225          };
1226          unsigned char code vga_800_600[]={
1227          /* page 0 */
1228          0x04,0x2a,
1229          0x0B,0xa0,      
1230          0x15,0x30,
1231          0x16,0xE4,
1232          0x17,0x28,
C51 COMPILER V9.00   PANEL                                                                 12/13/2022 09:00:39 PAGE 21  

1233          0x45,0x0b,
1234          0x46,0x01,
1235          0x48,0x20,
1236          0x49,0x03,
1237          0x4a,0x58,
1238          0x4b,0x02,
1239          0x4c,0x4f,
1240          0x4d,0x00,
1241          0x4e,0x15,
1242          0x4f,0x00,
1243          0x61,0x08,
1244          0x62,0x0A,
1245          0x63,0x06,
1246          0x64,0x01,
1247                  0XFF,0X00,
1248          /* page 1 */    
1249          0x3A,0xa0,
1250                  0XFF,0X00,
1251          /* page 2 */    
1252          
1253                  0XFF,0X00,
1254          /* page 3 */    
1255                  
1256                  0XFF,0X00,
1257          /* page 4 */    
1258                  0XFF,0X00,      
1259          };
1260          unsigned char code vga_800_600_timing[]={
1261          /* page 0 */
1262          0x91,0x07,      
1263          0x70,0x10,
1264          0x72,0x00,
1265          0x73,0x20,
1266          0x74,0x00,
1267          0x75,0x28,
1268          0x78,0x00,
1269          0x84,0x0b,
1270          0x85,0x0e,
1271          0xB0,0x80,
1272          0xB2,0x0f,
1273          0xB8,0x54,
1274          0xB9,0x04,
1275          0xBA,0xA0,
1276          0xBB,0x02,
1277          0xBC,0x20,
1278          0xBE,0x04,
1279                  0XFF,0X00,
1280          /* page 1 */    
1281          0x3B,0x44,
1282                  0XFF,0X00,
1283          /* page 2 */    
1284          
1285                  0XFF,0X00,
1286          /* page 3 */    
1287                  
1288                  0XFF,0X00,
1289          /* page 4 */    
1290                  0XFF,0X00,              
1291          };
1292          unsigned char code vga_720_480[]={
1293          /* page 0 */
1294          0x04,0x2F,
C51 COMPILER V9.00   PANEL                                                                 12/13/2022 09:00:39 PAGE 22  

1295          //0x0B,0x80,    
1296          0x15,0x5A,
1297          0x16,0xA3,
1298          0x17,0x78,
1299          0x40,0xC2,
1300          0x41,0x5E,
1301          0x42,0x00,
1302          0x43,0x0E,
1303          0x44,0x00,
1304          0x45,0x09,//0x10
1305          0x46,0x01,
1306          0x48,0xD0,
1307          0x49,0x02,
1308          0x4a,0xE0,
1309          0x4b,0x01,
1310          0x4c,0x24,
1311          0x4d,0x00,
1312          0x4e,0x21,
1313          0x4f,0x00,
1314          0x61,0xC0,
1315          0x62,0x1F,
1316          0x63,0x1F,
1317          0x64,0x04,//0x05,
1318          0x68,0x80,//keviny add
1319          0x69,0x70,//keviny add
1320          0x6c,0xb0,//keviny add
1321          0x9d,0x1d,
1322          0x9e,0xf0,
1323          0x9f,0x80,
1324          0xc2,0x02,
1325                  0XFF,0X00,
1326          /* page 1 */    
1327          0x3A,0xE0,
1328                  0XFF,0X00,
1329          /* page 2 */    
1330          
1331                  0XFF,0X00,
1332          /* page 3 */    
1333                  
1334                  0XFF,0X00,
1335          /* page 4 */    
1336                  0XFF,0X00,      
1337          };
1338          unsigned char code vga_720_480_timing[]={
1339          /* page 0 */
1340          0x91,0x87,//0x07,       
1341          0x70,0x20,
1342          0x72,0xA4,
1343          0x73,0x1B,
1344          0x74,0xB0,
1345          0x75,0x1E,
1346          0x78,0x00,
1347          0x84,0xC7,
1348          0x85,0x00,
1349          0xB0,0x7c, //0x20
1350          0xB2,0x22,  //0x23
1351          0xB8,0x50,//0x4d
1352          0xB9,0x04,
1353          0xBA,0x60, //0x2f
1354          0xBB,0x02,
1355          0xBC,0x24, //0x20
1356          0xBE,0x04,
C51 COMPILER V9.00   PANEL                                                                 12/13/2022 09:00:39 PAGE 23  

1357          0xC4,0xa0, //0x80
1358          0xC8,0x54,//0x4f
1359          0xC9,0x02,
1360          0xCA,0x22, //0x32
1361                  0XFF,0X00,
1362          /* page 1 */    
1363          0x3B,0x44,
1364                  0XFF,0X00,
1365          /* page 2 */    
1366          
1367                  0XFF,0X00,
1368          /* page 3 */    
1369                  
1370                  0XFF,0X00,
1371          /* page 4 */    
1372                  0XFF,0X00,              
1373          };
1374          unsigned char code vga_720_576[]={
1375          /* page 0 */
1376          0x04,0x2F,
1377          //0x0B,0x80,
1378          0x15,0x5A,
1379          0x16,0xA3,
1380          0x17,0x78,
1381          0x40,0xC2,
1382          0x41,0x65,
1383          0x42,0x00,
1384          0x43,0x15,
1385          0x44,0x00,
1386          0x45,0x0B, //0X10
1387          0x46,0x01,
1388          0x48,0xD0,
1389          0x49,0x02,
1390          0x4a,0x40,
1391          0x4b,0x02,
1392          0x4c,0x24,
1393          0x4d,0x00,
1394          0x4e,0x29,
1395          0x4f,0x00,
1396          0x61,0xC0,
1397          0x62,0x1F,
1398          0x63,0x1F,
1399          0x64,0x04,//0x05,
1400          0x68,0x80,//keviny add
1401          0x69,0x70,//keviny add
1402          0x6c,0xb0,//keviny add
1403          0x9d,0x1d,
1404          0x9e,0xf0,
1405          0x9f,0x80,
1406          0xc2,0x02,
1407                  0XFF,0X00,
1408          /* page 1 */    
1409          0x3A,0xE0,
1410                  0XFF,0X00,
1411          /* page 2 */    
1412          
1413                  0XFF,0X00,
1414          /* page 3 */    
1415                  
1416                  0XFF,0X00,
1417          /* page 4 */    
1418                  0XFF,0X00,      
C51 COMPILER V9.00   PANEL                                                                 12/13/2022 09:00:39 PAGE 24  

1419          };
1420          unsigned char code vga_720_576_timing[]={
1421          /* page 0 */
1422          0x91,0x87,//0x07,       
1423          0x70,0x20,
1424          0x72,0xA4,
1425          0x73,0x1B,
1426          0x74,0x2d, //0X00
1427          0x75,0x24, //0X25
1428          0x78,0x00,
1429          0x84,0x42, //0xc7
1430          0x85,0x00, //0x03
1431          0xB0,0x7c,  //X020
1432          0xB2,0x23,  //0X1B
1433          0xB8,0x04,//0x09
1434          0xB9,0x05, //0x04
1435          0xBA,0x60, //0X2F
1436          0xBB,0x02,
1437          0xBC,0x24,  //0X20
1438          0xBE,0x04,
1439          0xC4,0xA0,
1440          0xC8,0x52,//0x51
1441          0xC9,0x02,
1442          0xCA,0x22, //0X32
1443          
1444                  0XFF,0X00,
1445          /* page 1 */    
1446          0x3B,0x44,
1447                  0XFF,0X00,
1448          /* page 2 */    
1449          
1450                  0XFF,0X00,
1451          /* page 3 */    
1452                  
1453                  0XFF,0X00,
1454          /* page 4 */    
1455                  0XFF,0X00,              
1456          };
1457          
1458          unsigned short code IML0_CVBS_TAB[13] ={
1459                  &cvbs_init,
1460                  &auto_ntsc,
1461                  &auto_pal,
1462                  &auto_palm,
1463                  &auto_paln,
1464                  &auto_secam,
1465                  &auto_ntsc4,
1466                  &ntsc_timing,
1467                  &pal_timing,
1468                  &palm_timing,
1469                  &paln_timing,
1470                  &secam_timing,
1471                  &ntsc4_timing,
1472          };
1473          
1474          unsigned short code IML0_YUV_TAB[17]={
1475              &yuv_init,
1476              &yuv_480i,
1477              &yuv_576i,
1478              &yuv_480p,
1479              &yuv_576p,
1480              &yuv_720p_50,
C51 COMPILER V9.00   PANEL                                                                 12/13/2022 09:00:39 PAGE 25  

1481              &yuv_720p_60,
1482              &yuv_1080i_50,
1483              &yuv_1080i_60,
1484                  &yuv_480i_timing,
1485                  &yuv_576i_timing,
1486                  &yuv_480p_timing,
1487                  &yuv_576p_timing,
1488                  &yuv_720p_50_timing,
1489                  &yuv_720p_60_timing,
1490                  &yuv_1080i_50_timing,
1491                  &yuv_1080i_60_timing,
1492          };
1493          
1494          unsigned short code IML0_VGA_TAB[7] ={
1495                  &vga_init,
1496                  &vga_720_480,
1497                  &vga_720_576,
1498              &vga_800_600,
1499                  &vga_720_480_timing,
1500                  &vga_720_576_timing,
1501                  &vga_800_600_timing,
1502          };
1503          
1504          void panel_init()
1505          {       
1506   1      #ifdef EN_CQ
                      cq_WriteRegsTable_issue(HANSTER_PANEL_INIT_TBL, 4, CQ_TRIGGER_SW);
                      if (cq_flush () < 0)
                              ERROR (("cq_flush()\n"));
              #else   
1511   1              WriteRegsTable(HANSTER_PANEL_INIT_TBL,CQ_TRIGGER_VSYNC);
1512   1      #endif
1513   1      
1514   1              DBG_PRINT("Panel: %s \r\n", PANEL_ID);
1515   1      }


MODULE INFORMATION:   STATIC OVERLAYABLE
   CODE SIZE        =     32    ----
   CONSTANT SIZE    =   2235    ----
   XDATA SIZE       =   ----    ----
   PDATA SIZE       =   ----    ----
   DATA SIZE        =   ----    ----
   IDATA SIZE       =   ----    ----
   BIT SIZE         =   ----    ----
   EDATA SIZE       =   ----    ----
   HDATA SIZE       =   ----    ----
   XDATA CONST SIZE =   ----    ----
   FAR CONST SIZE   =   ----    ----
END OF MODULE INFORMATION.


C51 COMPILATION COMPLETE.  0 WARNING(S),  0 ERROR(S)
