C51 COMPILER V9.00   VIVI                                                                  12/13/2022 09:00:39 PAGE 1   


C51 COMPILER V9.00, COMPILATION OF MODULE VIVI
OBJECT MODULE PLACED IN .\Object\vivi.obj
COMPILER INVOKED BY: F:\工作软件\Keil\C51\BIN\C51.EXE ..\tw_lib\drivers\vivi.c LARGE OMF2 BROWSE INCDIR(.\IncludeFile;..
                    -\tw_lib\sys;..\tw_lib\drivers;.\resource;.\i51) DEFINE(T123AI) DEBUG PRINT(.\List\vivi.lst) OBJECT(.\Object\vivi.obj)

line level    source

   1          /**
   2           *  @file   vivi.c
   3           *  @brief  vivi color setup
   4           *  $Id: vivi.c,v 1.3 2013/04/02 05:42:18 dos1236 Exp $
   5           *  $Author: dos1236 $
   6           *  $Revision: 1.3 $
   7           *
   8           *  Copyright (c) 2011 Terawins Inc. All rights reserved.
   9           * 
  10           *  @date   2011/08/12  dos1236         New file.
  11           *
  12           */
  13          
  14          #include "sys.h"
  15          #include "vivi.h"
  16          #include "reg_tw.h"
  17          #include "iccontrol.h"
  18          #include "spirw.h"
  19          #include "vivitable.h"
  20          /*
  21           * 摘要 :vivi_init_fast(void)
  22           *
  23           * 描述 :载入快速模式的vivicolor format data
  24           *
  25           * 参数 :无
  26           *
  27           * 回传值 :无
  28           *
  29           * 注意 : 格式必须是 fast format
  30          */
  31          void vivi_init_fast(void)
  32          {
  33   1              int i=0;
  34   1      
  35   1              IC_WritByte(TWIC_P3, 0x60, 0x04);
  36   1      
  37   1              for(i=0;i<1536;i++)
  38   1              {
  39   2                      IC_WritByte(TWIC_P3, 0x61, vivi_color_tbl[i]);
  40   2              }
  41   1      
  42   1              IC_WritByte(TWIC_P3, 0x60, 0x07);
  43   1      
  44   1              DBG_PRINT("enable VIVI color\n");
  45   1      }
  46          /*
  47           * 摘要 :vivi_init_slow(void)
  48           *
  49           * 描述 :载入快速模式的vivicolor format data
  50           *
  51           * 参数 :无
  52           *
  53           * 回传值 :无
  54           *
C51 COMPILER V9.00   VIVI                                                                  12/13/2022 09:00:39 PAGE 2   

  55           * 注意 : 格式必须是 slow format
  56          */
  57          void vivi_init_slow(void)
  58          {
  59   1              int i=0;
  60   1              unsigned char j=0;
  61   1              IC_WritByte(TWIC_P3, 0x60, 0x00);//slow mode
  62   1      
  63   1              for(i=0;i<512;i++)
  64   1              {
  65   2                      for(j=0;j<5;j++)
  66   2                      {
  67   3                              IC_WritByte(TWIC_P3, 0x65+j, vivi_color_tbl[i]);
  68   3                      }
  69   2              }
  70   1      
  71   1              DBG_PRINT("init VIVI color\n");
  72   1      }
  73          /*
  74           * 摘要 :vivi_enable(void)
  75           *
  76           * 描述 :vivi color 启动
  77           *
  78           * 参数 :无
  79           *
  80           * 回传值 :无
  81           *
  82           * 注意 : 无
  83          */
  84          void vivi_enable(void)
  85          {
  86   1              IC_WritByte(TWIC_P3, 0x60, 0x03);
  87   1      }
  88          /*
  89           * 摘要 :vivi_disable(void)
  90           *
  91           * 描述 :vivi color 关闭
  92           *
  93           * 参数 :无
  94           *
  95           * 回传值 :无
  96           *
  97           * 注意 : 无
  98          */
  99          void vivi_disable(void)
 100          {
 101   1              IC_WritByte(TWIC_P3, 0x60, 0x00);
 102   1      }
 103          /*
 104           * 摘要 :ace_enable(void)
 105           *
 106           * 描述 :ace 启动
 107           *
 108           * 参数 :无
 109           *
 110           * 回传值 :无
 111           *
 112           * 注意 : 无
 113          */
 114          void ace_enable(void)
 115          {
 116   1              IC_WritByte(TWIC_P3, 0x7f, 0xe0);
C51 COMPILER V9.00   VIVI                                                                  12/13/2022 09:00:39 PAGE 3   

 117   1      }
 118          /*
 119           * 摘要 :ace_disable(void)
 120           *
 121           * 描述 :ace 关闭
 122           *
 123           * 参数 :无
 124           *
 125           * 回传值 :无
 126           *
 127           * 注意 : 无
 128          */
 129          void ace_disable(void)
 130          {
 131   1              IC_WritByte(TWIC_P3, 0x7f, 0x00);
 132   1      }
 133          /*
 134           * 摘要 :vivi_init_dma(void)
 135           *
 136           * 描述 :使用dma方式处理载入vivicolor
 137           *
 138           * 参数 :无
 139           *
 140           * 回传值 :无
 141           *
 142           * 注意 : format 限定 fast mode
 143          */
 144          void vivi_init_dma(void)
 145          {
 146   1              unsigned short size = 0x80;// change this to test
 147   1              unsigned char xdata *dma_vivi_tbl = 0x380;//0x400-size
 148   1              int i,j;
 149   1      
 150   1              IC_WritByte(TWIC_P3, 0x60, 0x04);//fast mode
 151   1                                                                                                         
 152   1              for(i=0;i<1536;i+=size){
 153   2                      
 154   2              //      if(1536-1-i < size) //last move if 1536%size!=0, use it!
 155   2              //              size = 1536 - i;
 156   2                                      
 157   2                      spi_dma_read((unsigned short)vivi_color_tbl+i, (unsigned short)dma_vivi_tbl, size);      
 158   2                              
 159   2                      for(j=0;j<size;j++)
 160   2                              IC_WritByte(TWIC_P3, 0x61, dma_vivi_tbl[j]);    
 161   2              }
 162   1      
 163   1              IC_WritByte(TWIC_P3, 0x60, 0x07); //enable vivi color
 164   1      
 165   1              DBG_PRINT("enable VIVI color(dma)\n");
 166   1      }


MODULE INFORMATION:   STATIC OVERLAYABLE
   CODE SIZE        =    462    ----
   CONSTANT SIZE    =     60    ----
   XDATA SIZE       =   ----      13
   PDATA SIZE       =   ----    ----
   DATA SIZE        =   ----    ----
   IDATA SIZE       =   ----    ----
   BIT SIZE         =   ----    ----
   EDATA SIZE       =   ----    ----
   HDATA SIZE       =   ----    ----
C51 COMPILER V9.00   VIVI                                                                  12/13/2022 09:00:39 PAGE 4   

   XDATA CONST SIZE =   ----    ----
   FAR CONST SIZE   =   ----    ----
END OF MODULE INFORMATION.


C51 COMPILATION COMPLETE.  0 WARNING(S),  0 ERROR(S)
