C51 COMPILER V9.00   VIVITABLE                                                             12/13/2022 09:00:39 PAGE 1   


C51 COMPILER V9.00, COMPILATION OF MODULE VIVITABLE
OBJECT MODULE PLACED IN .\Object\vivitable.obj
COMPILER INVOKED BY: F:\นคื๗ศํผ\Keil\C51\BIN\C51.EXE SourceFile\vivitable.c LARGE OMF2 BROWSE INCDIR(.\IncludeFile;..\t
                    -w_lib\sys;..\tw_lib\drivers;.\resource;.\i51) DEFINE(T123AI) DEBUG PRINT(.\List\vivitable.lst) OBJECT(.\Object\vivitable
                    -.obj)

line level    source

   1          /**
   2           *  @file   vivitable.c
   3           *  @brief  vivi color config regsters table
   4           *  $Id: vivitable.c,v 1.2 2012/12/04 03:11:46 kevin Exp $
   5           *  $Author: kevin $
   6           *  $Revision: 1.2 $
   7           *
   8           *  Copyright (c) 2011 Terawins Inc. All rights reserved.
   9           * 
  10           *  @date   2011/08/12  ken     New file.
  11           *
  12           */
  13          
  14          #include "vivitable.h"
  15          unsigned char code vivi_color_tbl[]={
  16          0x00,0x00,0x00,0x00,0x00,0x41,0x02,0x00,0x01,0x00,0x9F,0x00,0x00,0x02,0x00,0xF0,
  17          0x00,0x00,0x03,0x00,0x00,0x4D,0x00,0x04,0x00,0x44,0x48,0x00,0x05,0x00,0x98,0x46,
  18          0x00,0x06,0x00,0xE8,0x42,0x00,0x07,0x00,0x00,0x9B,0x00,0x08,0x00,0x3F,0x98,0x00,
  19          0x09,0x00,0x91,0x93,0x00,0x0A,0x00,0xE2,0x90,0x00,0x0B,0x00,0x00,0xE8,0x00,0x0C,
  20          0x00,0x37,0xE5,0x00,0x0D,0x00,0x88,0xE0,0x00,0x0E,0x00,0xDB,0xDC,0x00,0x0F,0x00,
  21          0x00,0x00,0x4E,0x10,0x00,0x4E,0x00,0x4C,0x11,0x00,0xA1,0x00,0x4A,0x12,0x00,0xF1,
  22          0x00,0x44,0x13,0x00,0x00,0x4B,0x4A,0x14,0x00,0x48,0x48,0x48,0x15,0x00,0x99,0x43,
  23          0x40,0x16,0x00,0xFF,0x35,0x33,0x17,0x00,0x00,0x99,0x41,0x18,0x00,0x32,0x9E,0x33,
  24          0x19,0x00,0x8F,0x91,0x39,0x1A,0x00,0xEF,0x8B,0x1F,0x1B,0x00,0x00,0xE8,0x3A,0x1C,
  25          0x00,0x20,0xF2,0x1F,0x1D,0x00,0x7F,0xE9,0x17,0x1E,0x00,0xDC,0xE0,0x0E,0x1F,0x00,
  26          0x00,0x00,0x9F,0x20,0x00,0x4C,0x00,0xA1,0x21,0x00,0x9E,0x00,0x9E,0x22,0x00,0xF2,
  27          0x00,0x9B,0x23,0x00,0x00,0x4A,0x9D,0x24,0x00,0x43,0x44,0xAA,0x25,0x00,0xA1,0x3A,
  28          0x9F,0x26,0x00,0xFF,0x32,0x95,0x27,0x00,0x00,0x97,0x95,0x28,0x00,0x31,0x99,0x98,
  29          0x29,0x00,0x90,0x90,0x90,0x2A,0x00,0xE1,0x8B,0x88,0x2B,0x00,0x00,0xE7,0x8D,0x2C,
  30          0x00,0x1C,0xEF,0x84,0x2D,0x00,0x7A,0xE6,0x7B,0x2E,0x00,0xD7,0xD9,0x81,0x2F,0x00,
  31          0x00,0x00,0xF0,0x30,0x00,0x4B,0x00,0xF9,0x31,0x00,0x9C,0x00,0xF2,0x32,0x00,0xF0,
  32          0x00,0xEF,0x33,0x00,0x00,0x48,0xEF,0x34,0x00,0x3E,0x41,0xFF,0x35,0x00,0x9C,0x37,
  33          0xFF,0x36,0x00,0xFB,0x2E,0xF9,0x37,0x00,0x00,0x97,0xEA,0x38,0x00,0x2C,0x95,0xFC,
  34          0x39,0x00,0x8B,0x8C,0xF2,0x3A,0x00,0xE9,0x82,0xE7,0x3B,0x00,0x00,0xE3,0xE3,0x3C,
  35          0x00,0x1A,0xEA,0xE8,0x3D,0x00,0x79,0xE1,0xE0,0x3E,0x00,0xD8,0xD8,0xD8,0x3F,0x00,
  36          0x23,0x00,0x00,0x00,0x01,0x75,0x00,0x00,0x01,0x01,0xC6,0x00,0x00,0x02,0x01,0xFE,
  37          0x03,0x00,0x03,0x01,0x1E,0x4C,0x00,0x04,0x01,0x6E,0x48,0x00,0x05,0x01,0xC0,0x45,
  38          0x00,0x06,0x01,0xFF,0x3F,0x00,0x07,0x01,0x16,0x9A,0x00,0x08,0x01,0x67,0x95,0x00,
  39          0x09,0x01,0xB9,0x92,0x00,0x0A,0x01,0xFF,0x8D,0x00,0x0B,0x01,0x0F,0xE7,0x00,0x0C,
  40          0x01,0x5F,0xE4,0x00,0x0D,0x01,0xB1,0xDF,0x00,0x0E,0x01,0xFF,0xD8,0x00,0x0F,0x01,
  41          0x22,0x00,0x45,0x10,0x01,0x77,0x00,0x4B,0x11,0x01,0xCB,0x00,0x48,0x12,0x01,0xFF,
  42          0x00,0x42,0x13,0x01,0x23,0x47,0x47,0x14,0x01,0x6B,0x47,0x45,0x15,0x01,0xD3,0x3A,
  43          0x36,0x16,0x01,0xFF,0x3C,0x3A,0x17,0x01,0x03,0xA2,0x38,0x18,0x01,0x62,0x99,0x2F,
  44          0x19,0x01,0xC0,0x8F,0x24,0x1A,0x01,0xFF,0x8A,0x2F,0x1B,0x01,0x00,0xF7,0x24,0x1C,
  45          0x01,0x50,0xEE,0x1C,0x1D,0x01,0xAC,0xE4,0x11,0x1E,0x01,0xFF,0xD9,0x28,0x1F,0x01,
  46          0x24,0x00,0xA6,0x20,0x01,0x76,0x00,0x9F,0x21,0x01,0xC8,0x00,0x9C,0x22,0x01,0xFF,
  47          0x00,0x96,0x23,0x01,0x13,0x49,0xAF,0x24,0x01,0x6A,0x47,0x8D,0x25,0x01,0xD0,0x36,
  48          0x9A,0x26,0x01,0xFF,0x3A,0x90,0x27,0x01,0x01,0x9E,0x9B,0x28,0x01,0x6B,0x8F,0x8F,
  49          0x29,0x01,0xB3,0x8F,0x8D,0x2A,0x01,0xFF,0x8A,0x86,0x2B,0x01,0x00,0xF3,0x89,0x2C,
  50          0x01,0x4B,0xEA,0x80,0x2D,0x01,0xAA,0xE1,0x77,0x2E,0x01,0xFF,0xD7,0x7D,0x2F,0x01,
  51          0x23,0x00,0xFB,0x30,0x01,0x72,0x00,0xF3,0x31,0x01,0xC6,0x00,0xF1,0x32,0x01,0xFF,
  52          0x00,0xEA,0x33,0x01,0x0F,0x45,0xFF,0x34,0x01,0x6E,0x3D,0xFF,0x35,0x01,0xCC,0x33,
  53          0xFE,0x36,0x01,0xFF,0x3A,0xE5,0x37,0x01,0x00,0x9A,0xFF,0x38,0x01,0x5B,0x91,0xF7,
C51 COMPILER V9.00   VIVITABLE                                                             12/13/2022 09:00:39 PAGE 2   

  54          0x39,0x01,0xB2,0x8F,0xD5,0x3A,0x01,0xFF,0x87,0xDC,0x3B,0x01,0x00,0xEE,0xEE,0x3C,
  55          0x01,0x49,0xE6,0xE3,0x3D,0x01,0xB3,0xD7,0xD7,0x3E,0x01,0xFD,0xD7,0xD6,0x3F,0x01,
  56          0x00,0x00,0x23,0x00,0x02,0x4F,0x00,0x21,0x01,0x02,0xA3,0x00,0x1F,0x02,0x02,0xF3,
  57          0x00,0x1B,0x03,0x02,0x00,0x4C,0x21,0x04,0x02,0x45,0x47,0x23,0x05,0x02,0xA4,0x41,
  58          0x09,0x06,0x02,0xFF,0x37,0x00,0x07,0x02,0x00,0x9A,0x18,0x08,0x02,0x34,0xA0,0x01,
  59          0x09,0x02,0x92,0x95,0x00,0x0A,0x02,0xF1,0x8D,0x00,0x0B,0x02,0x00,0xE7,0x10,0x0C,
  60          0x02,0x22,0xF5,0x00,0x0D,0x02,0x80,0xEA,0x00,0x0E,0x02,0xDF,0xE0,0x00,0x0F,0x02,
  61          0x00,0x00,0x78,0x10,0x02,0x4D,0x00,0x76,0x11,0x02,0xA0,0x00,0x73,0x12,0x02,0xF0,
  62          0x00,0x6F,0x13,0x02,0x00,0x4B,0x74,0x14,0x02,0x47,0x47,0x6B,0x15,0x02,0xA2,0x3D,
  63          0x6D,0x16,0x02,0xFF,0x34,0x63,0x17,0x02,0x00,0x98,0x6C,0x18,0x02,0x31,0x9C,0x66,
  64          0x19,0x02,0x8D,0x8F,0x6B,0x1A,0x02,0xEC,0x89,0x51,0x1B,0x02,0x00,0xE8,0x64,0x1C,
  65          0x02,0x1D,0xF1,0x52,0x1D,0x02,0x7C,0xE8,0x49,0x1E,0x02,0xDA,0xDD,0x40,0x1F,0x02,
  66          0x00,0x00,0xC8,0x20,0x02,0x4D,0x00,0xCE,0x21,0x02,0x9E,0x00,0xC7,0x22,0x02,0xF2,
  67          0x00,0xC4,0x23,0x02,0x00,0x4A,0xC6,0x24,0x02,0x41,0x42,0xDC,0x25,0x02,0x9E,0x39,
  68          0xD1,0x26,0x02,0xFD,0x30,0xC7,0x27,0x02,0x00,0x98,0xC1,0x28,0x02,0x2E,0x97,0xCA,
  69          0x29,0x02,0x8F,0x8F,0xB3,0x2A,0x02,0xEA,0x85,0xB5,0x2B,0x02,0x00,0xE5,0xB8,0x2C,
  70          0x02,0x1A,0xED,0xB6,0x2D,0x02,0x79,0xE4,0xAE,0x2E,0x02,0xD5,0xD7,0xB3,0x2F,0x02,
  71          0x00,0x03,0xFE,0x30,0x02,0x49,0x00,0xFF,0x31,0x02,0x9D,0x00,0xFF,0x32,0x02,0xEE,
  72          0x00,0xFF,0x33,0x02,0x00,0x48,0xFF,0x34,0x02,0x41,0x43,0xFF,0x35,0x02,0x95,0x3F,
  73          0xFF,0x36,0x02,0xE7,0x39,0xFF,0x37,0x02,0x00,0x95,0xFF,0x38,0x02,0x39,0x92,0xFF,
  74          0x39,0x02,0x8C,0x8C,0xFF,0x3A,0x02,0xDE,0x89,0xFF,0x3B,0x02,0x00,0xDF,0xFF,0x3C,
  75          0x02,0x2D,0xE2,0xFF,0x3D,0x02,0x7F,0xDC,0xFF,0x3E,0x02,0xD6,0xD8,0xFD,0x3F,0x02,
  76          0x23,0x00,0x21,0x00,0x03,0x79,0x00,0x20,0x01,0x03,0xC9,0x00,0x1C,0x02,0x03,0xFF,
  77          0x00,0x17,0x03,0x03,0x22,0x48,0x23,0x04,0x03,0x6F,0x47,0x18,0x05,0x03,0xD4,0x3D,
  78          0x04,0x06,0x03,0xFF,0x3D,0x0F,0x07,0x03,0x05,0xA4,0x06,0x08,0x03,0x62,0x9A,0x00,
  79          0x09,0x03,0xC1,0x91,0x00,0x0A,0x03,0xFF,0x8B,0x06,0x0B,0x03,0x00,0xF9,0x00,0x0C,
  80          0x03,0x51,0xF0,0x00,0x0D,0x03,0xAF,0xE5,0x00,0x0E,0x03,0xFF,0xDA,0x00,0x0F,0x03,
  81          0x26,0x00,0x7C,0x10,0x03,0x76,0x00,0x74,0x11,0x03,0xC9,0x00,0x71,0x12,0x03,0xFF,
  82          0x00,0x6D,0x13,0x03,0x23,0x47,0x6B,0x14,0x03,0x6B,0x47,0x69,0x15,0x03,0xD2,0x38,
  83          0x68,0x16,0x03,0xFF,0x3B,0x65,0x17,0x03,0x01,0xA0,0x69,0x18,0x03,0x6A,0x90,0x6B,
  84          0x19,0x03,0xB7,0x8F,0x60,0x1A,0x03,0xFF,0x8A,0x5D,0x1B,0x03,0x00,0xF6,0x56,0x1C,
  85          0x03,0x4D,0xEC,0x4E,0x1D,0x03,0xAA,0xE2,0x43,0x1E,0x03,0xFF,0xD8,0x52,0x1F,0x03,
  86          0x23,0x00,0xD0,0x20,0x03,0x74,0x00,0xC8,0x21,0x03,0xC8,0x00,0xC6,0x22,0x03,0xFF,
  87          0x00,0xC1,0x23,0x03,0x12,0x47,0xE1,0x24,0x03,0x6F,0x3F,0xD5,0x25,0x03,0xCD,0x35,
  88          0xCC,0x26,0x03,0xFF,0x3B,0xBA,0x27,0x03,0x00,0x9C,0xCD,0x28,0x03,0x6B,0x8F,0xB3,
  89          0x29,0x03,0xB3,0x8F,0xB1,0x2A,0x03,0xFF,0x88,0xB1,0x2B,0x03,0x00,0xF2,0xBC,0x2C,
  90          0x03,0x49,0xE8,0xB1,0x2D,0x03,0xB2,0xD8,0xB3,0x2E,0x03,0xFD,0xD8,0xB0,0x2F,0x03,
  91          0x21,0x00,0xFF,0x30,0x03,0x73,0x00,0xFF,0x31,0x03,0xC4,0x00,0xFF,0x32,0x03,0xFF,
  92          0x00,0xFF,0x33,0x03,0x19,0x46,0xFF,0x34,0x03,0x6B,0x41,0xFF,0x35,0x03,0xBE,0x3D,
  93          0xFF,0x36,0x03,0xFF,0x38,0xFF,0x37,0x03,0x10,0x94,0xFF,0x38,0x03,0x62,0x8F,0xFF,
  94          0x39,0x03,0xB5,0x8B,0xFF,0x3A,0x03,0xFF,0x85,0xFF,0x3B,0x03,0x03,0xE4,0xFF,0x3C,
  95          0x03,0x57,0xDF,0xFF,0x3D,0x03,0xA9,0xDA,0xFF,0x3E,0x03,0xFE,0xD8,0xFD,0x3F,0x03,
  96          0x00,0x24,0x00,0x00,0x04,0x43,0x25,0x00,0x01,0x04,0x9B,0x20,0x00,0x02,0x04,0xEC,
  97          0x1B,0x00,0x03,0x04,0x00,0x74,0x00,0x04,0x04,0x43,0x70,0x00,0x05,0x04,0x94,0x6D,
  98          0x00,0x06,0x04,0xE5,0x68,0x00,0x07,0x04,0x00,0xC2,0x00,0x08,0x04,0x3B,0xBE,0x00,
  99          0x09,0x04,0x8C,0xBA,0x00,0x0A,0x04,0xDD,0xB7,0x00,0x0B,0x04,0x00,0xFF,0x00,0x0C,
 100          0x04,0x33,0xFF,0x00,0x0D,0x04,0x85,0xFF,0x00,0x0E,0x04,0xD7,0xFF,0x00,0x0F,0x04,
 101          0x00,0x23,0x47,0x10,0x04,0x47,0x23,0x45,0x11,0x04,0xAE,0x14,0x44,0x12,0x04,0xFF,
 102          0x0A,0x3B,0x13,0x04,0x00,0x72,0x45,0x14,0x04,0x46,0x6C,0x47,0x15,0x04,0x93,0x6B,
 103          0x3C,0x16,0x04,0xF8,0x61,0x28,0x17,0x04,0x00,0xC0,0x3D,0x18,0x04,0x29,0xC8,0x2A,
 104          0x19,0x04,0x86,0xBE,0x1F,0x1A,0x04,0xE5,0xB5,0x16,0x1B,0x04,0x00,0xFF,0x34,0x1C,
 105          0x04,0x30,0xFF,0x2F,0x1D,0x04,0x81,0xFF,0x2A,0x1E,0x04,0xD4,0xFF,0x27,0x1F,0x04,
 106          0x00,0x23,0xA1,0x20,0x04,0x4B,0x1B,0xB1,0x21,0x04,0xA9,0x11,0xA8,0x22,0x04,0xFF,
 107          0x07,0xA0,0x23,0x04,0x00,0x71,0x99,0x24,0x04,0x47,0x6B,0x8F,0x25,0x04,0x8F,0x6B,
 108          0x8D,0x26,0x04,0xF6,0x5C,0x8C,0x27,0x04,0x00,0xC0,0x92,0x28,0x04,0x25,0xC4,0x8D,
 109          0x29,0x04,0x8E,0xB4,0x8F,0x2A,0x04,0xDB,0xB3,0x84,0x2B,0x04,0x00,0xFF,0x89,0x2C,
 110          0x04,0x2E,0xFF,0x84,0x2D,0x04,0x81,0xFF,0x81,0x2E,0x04,0xD2,0xFF,0x7B,0x2F,0x04,
 111          0x00,0x22,0xF1,0x30,0x04,0x48,0x17,0xFF,0x31,0x04,0xA6,0x0C,0xFF,0x32,0x04,0xFF,
 112          0x03,0xFF,0x33,0x04,0x00,0x70,0xF0,0x34,0x04,0x36,0x6B,0xFF,0x35,0x04,0x93,0x63,
 113          0xF9,0x36,0x04,0xF1,0x59,0xF0,0x37,0x04,0x00,0xBE,0xE7,0x38,0x04,0x22,0xC0,0xF1,
 114          0x39,0x04,0x8F,0xB3,0xD7,0x3A,0x04,0xD7,0xB3,0xD5,0x3B,0x04,0x00,0xFF,0xDD,0x3C,
 115          0x04,0x2B,0xFF,0xDA,0x3D,0x04,0x7F,0xFF,0xD5,0x3E,0x04,0xD6,0xFE,0xD6,0x3F,0x04,
C51 COMPILER V9.00   VIVITABLE                                                             12/13/2022 09:00:39 PAGE 3   

 116          0x21,0x23,0x00,0x00,0x05,0x72,0x21,0x00,0x01,0x05,0xC2,0x1E,0x00,0x02,0x05,0xFF,
 117          0x1D,0x00,0x03,0x05,0x1A,0x73,0x00,0x04,0x05,0x6B,0x6E,0x00,0x05,0x05,0xBD,0x6B,
 118          0x00,0x06,0x05,0xFF,0x66,0x00,0x07,0x05,0x13,0xC0,0x00,0x08,0x05,0x63,0xBC,0x00,
 119          0x09,0x05,0xB5,0xB8,0x00,0x0A,0x05,0xFF,0xB3,0x00,0x0B,0x05,0x0B,0xFF,0x00,0x0C,
 120          0x05,0x5B,0xFF,0x00,0x0D,0x05,0xAD,0xFF,0x00,0x0E,0x05,0xFF,0xFC,0x00,0x0F,0x05,
 121          0x23,0x23,0x47,0x10,0x05,0x7E,0x19,0x49,0x11,0x05,0xDD,0x10,0x3F,0x12,0x05,0xFF,
 122          0x16,0x3C,0x13,0x05,0x0D,0x78,0x42,0x14,0x05,0x69,0x6B,0x47,0x15,0x05,0xC8,0x65,
 123          0x2D,0x16,0x05,0xFF,0x63,0x35,0x17,0x05,0x00,0xCD,0x2E,0x18,0x05,0x58,0xC4,0x25,
 124          0x19,0x05,0xB6,0xB9,0x1C,0x1A,0x05,0xFF,0xB2,0x2E,0x1B,0x05,0x06,0xFF,0x31,0x1C,
 125          0x05,0x5A,0xFF,0x2E,0x1D,0x05,0xAB,0xFF,0x28,0x1E,0x05,0xFF,0xFF,0x2A,0x1F,0x05,
 126          0x1D,0x1E,0xB8,0x20,0x05,0x7A,0x15,0xAD,0x21,0x05,0xD9,0x0C,0xA3,0x22,0x05,0xFF,
 127          0x14,0x92,0x23,0x05,0x0A,0x73,0xA6,0x24,0x05,0x6B,0x6B,0x8F,0x25,0x05,0xC6,0x61,
 128          0x91,0x26,0x05,0xFF,0x63,0x8C,0x27,0x05,0x00,0xC9,0x92,0x28,0x05,0x55,0xC0,0x8A,
 129          0x29,0x05,0xB1,0xB3,0x8F,0x2A,0x05,0xFF,0xB0,0x82,0x2B,0x05,0x04,0xFF,0x87,0x2C,
 130          0x05,0x58,0xFF,0x82,0x2D,0x05,0xA8,0xFF,0x7D,0x2E,0x05,0xFE,0xFF,0x7E,0x2F,0x05,
 131          0x19,0x1C,0xFF,0x30,0x05,0x78,0x12,0xFF,0x31,0x05,0xD5,0x08,0xFF,0x32,0x05,0xFF,
 132          0x13,0xE9,0x33,0x05,0x06,0x6F,0xFF,0x34,0x05,0x65,0x66,0xFF,0x35,0x05,0xC2,0x5D,
 133          0xF5,0x36,0x05,0xFF,0x60,0xE2,0x37,0x05,0x00,0xC6,0xF7,0x38,0x05,0x52,0xBB,0xEE,
 134          0x39,0x05,0xB3,0xB3,0xD7,0x3A,0x05,0xFF,0xAE,0xD8,0x3B,0x05,0x05,0xFF,0xDC,0x3C,
 135          0x05,0x55,0xFF,0xD8,0x3D,0x05,0xA9,0xFF,0xD4,0x3E,0x05,0xFE,0xFE,0xD6,0x3F,0x05,
 136          0x00,0x23,0x23,0x00,0x06,0x47,0x23,0x21,0x01,0x06,0xAF,0x16,0x12,0x02,0x06,0xFF,
 137          0x0D,0x09,0x03,0x06,0x00,0x73,0x1C,0x04,0x06,0x3E,0x75,0x0B,0x05,0x06,0x9C,0x6B,
 138          0x00,0x06,0x06,0xF9,0x63,0x00,0x07,0x06,0x00,0xC1,0x14,0x08,0x06,0x2C,0xCA,0x00,
 139          0x09,0x06,0x88,0xC0,0x00,0x0A,0x06,0xE7,0xB7,0x00,0x0B,0x06,0x00,0xFF,0x0B,0x0C,
 140          0x06,0x32,0xFF,0x06,0x0D,0x06,0x82,0xFF,0x00,0x0E,0x06,0xD5,0xFF,0x00,0x0F,0x06,
 141          0x00,0x24,0x77,0x10,0x06,0x46,0x23,0x69,0x11,0x06,0xAC,0x12,0x76,0x12,0x06,0xFF,
 142          0x09,0x6E,0x13,0x06,0x00,0x72,0x70,0x14,0x06,0x47,0x6B,0x6B,0x15,0x06,0x8F,0x6B,
 143          0x69,0x16,0x06,0xF7,0x5E,0x5A,0x17,0x06,0x00,0xBF,0x66,0x18,0x06,0x27,0xC6,0x5C,
 144          0x19,0x06,0x86,0xBD,0x53,0x1A,0x06,0xE4,0xB3,0x48,0x1B,0x06,0x00,0xFF,0x5F,0x1C,
 145          0x06,0x2F,0xFF,0x5A,0x1D,0x06,0x82,0xFF,0x58,0x1E,0x06,0xD3,0xFF,0x50,0x1F,0x06,
 146          0x00,0x23,0xCA,0x20,0x06,0x4A,0x19,0xE3,0x21,0x06,0xA8,0x0F,0xDA,0x22,0x06,0xFF,
 147          0x05,0xD2,0x23,0x06,0x00,0x70,0xC2,0x24,0x06,0x37,0x6D,0xD3,0x25,0x06,0x8E,0x6B,
 148          0xB1,0x26,0x06,0xF4,0x5A,0xBE,0x27,0x06,0x00,0xBF,0xBC,0x28,0x06,0x25,0xC2,0xBF,
 149          0x29,0x06,0x8F,0xB3,0xB3,0x2A,0x06,0xD7,0xB3,0xB1,0x2B,0x06,0x00,0xFF,0xB2,0x2C,
 150          0x06,0x2D,0xFF,0xAF,0x2D,0x06,0x80,0xFF,0xAC,0x2E,0x06,0xD0,0xFF,0xA6,0x2F,0x06,
 151          0x00,0x25,0xFF,0x30,0x06,0x47,0x1C,0xFF,0x31,0x06,0x99,0x18,0xFF,0x32,0x06,0xEA,
 152          0x13,0xFF,0x33,0x06,0x00,0x6F,0xFF,0x34,0x06,0x3D,0x6A,0xFF,0x35,0x06,0x90,0x66,
 153          0xFF,0x36,0x06,0xE3,0x62,0xFF,0x37,0x06,0x00,0xBC,0xFF,0x38,0x06,0x32,0xBA,0xFF,
 154          0x39,0x06,0x85,0xB5,0xFF,0x3A,0x06,0xD9,0xB0,0xFF,0x3B,0x06,0x00,0xFB,0xFF,0x3C,
 155          0x06,0x2D,0xFF,0xFF,0x3D,0x06,0x7D,0xFF,0xFF,0x3E,0x06,0xD6,0xFF,0xFD,0x3F,0x06,
 156          0x24,0x24,0x24,0x00,0x07,0x75,0x1F,0x1C,0x01,0x07,0xDF,0x11,0x0F,0x02,0x07,0xFF,
 157          0x1A,0x13,0x03,0x07,0x0E,0x7A,0x0F,0x04,0x07,0x6B,0x6D,0x15,0x05,0x07,0xCB,0x67,
 158          0x00,0x06,0x07,0xFF,0x64,0x0B,0x07,0x07,0x00,0xCE,0x00,0x08,0x07,0x5B,0xC5,0x00,
 159          0x09,0x07,0xB8,0xBC,0x00,0x0A,0x07,0xFF,0xB3,0x03,0x0B,0x07,0x08,0xFF,0x08,0x0C,
 160          0x07,0x5C,0xFF,0x05,0x0D,0x07,0xAB,0xFF,0x00,0x0E,0x07,0xFF,0xFF,0x03,0x0F,0x07,
 161          0x1F,0x20,0x86,0x10,0x07,0x7D,0x16,0x7B,0x11,0x07,0xDC,0x0E,0x71,0x12,0x07,0xFF,
 162          0x15,0x67,0x13,0x07,0x0D,0x75,0x74,0x14,0x07,0x6C,0x6C,0x6C,0x15,0x07,0xBD,0x67,
 163          0x64,0x16,0x07,0xFF,0x62,0x60,0x17,0x07,0x00,0xCB,0x60,0x18,0x07,0x56,0xC2,0x57,
 164          0x19,0x07,0xB3,0xB5,0x5D,0x1A,0x07,0xFF,0xB1,0x57,0x1B,0x07,0x05,0xFF,0x5C,0x1C,
 165          0x07,0x58,0xFF,0x59,0x1D,0x07,0xAA,0xFF,0x52,0x1E,0x07,0xFE,0xFF,0x55,0x1F,0x07,
 166          0x1A,0x1D,0xEA,0x20,0x07,0x78,0x13,0xDD,0x21,0x07,0xD7,0x0A,0xD5,0x22,0x07,0xFF,
 167          0x12,0xBD,0x23,0x07,0x08,0x71,0xD8,0x24,0x07,0x67,0x68,0xCE,0x25,0x07,0xC5,0x5E,
 168          0xC3,0x26,0x07,0xFF,0x61,0xB7,0x27,0x07,0x00,0xC6,0xC4,0x28,0x07,0x55,0xBD,0xBC,
 169          0x29,0x07,0xB4,0xB4,0xB4,0x2A,0x07,0xFD,0xB4,0xB1,0x2B,0x07,0x03,0xFF,0xB0,0x2C,
 170          0x07,0x57,0xFF,0xAD,0x2D,0x07,0xAA,0xFF,0xAA,0x2E,0x07,0xFE,0xFF,0xB0,0x2F,0x07,
 171          0x1D,0x20,0xFF,0x30,0x07,0x6F,0x1A,0xFF,0x31,0x07,0xC1,0x17,0xFF,0x32,0x07,0xFF,
 172          0x11,0xFF,0x33,0x07,0x14,0x6E,0xFF,0x34,0x07,0x66,0x68,0xFF,0x35,0x07,0xBA,0x64,
 173          0xFF,0x36,0x07,0xFF,0x5F,0xFF,0x37,0x07,0x09,0xBC,0xFF,0x38,0x07,0x5C,0xB8,0xFF,
 174          0x39,0x07,0xAF,0xB2,0xFF,0x3A,0x07,0xFF,0xAC,0xFF,0x3B,0x07,0x09,0xFF,0xFF,0x3C,
 175          0x07,0x57,0xFF,0xFF,0x3D,0x07,0xA7,0xFF,0xFF,0x3E,0x07,0xFF,0xFF,0xFF,0x3F,0x07,
 176          };

C51 COMPILER V9.00   VIVITABLE                                                             12/13/2022 09:00:39 PAGE 4   


MODULE INFORMATION:   STATIC OVERLAYABLE
   CODE SIZE        =   ----    ----
   CONSTANT SIZE    =   2560    ----
   XDATA SIZE       =   ----    ----
   PDATA SIZE       =   ----    ----
   DATA SIZE        =   ----    ----
   IDATA SIZE       =   ----    ----
   BIT SIZE         =   ----    ----
   EDATA SIZE       =   ----    ----
   HDATA SIZE       =   ----    ----
   XDATA CONST SIZE =   ----    ----
   FAR CONST SIZE   =   ----    ----
END OF MODULE INFORMATION.


C51 COMPILATION COMPLETE.  0 WARNING(S),  0 ERROR(S)
